[2023-06-20 18:05:33,576] {taskinstance.py:851} INFO - Dependencies all met for <TaskInstance: etl_dag.extract_load_task 2023-06-20T18:05:27.689469+00:00 [queued]>
[2023-06-20 18:05:33,630] {taskinstance.py:851} INFO - Dependencies all met for <TaskInstance: etl_dag.extract_load_task 2023-06-20T18:05:27.689469+00:00 [queued]>
[2023-06-20 18:05:33,633] {taskinstance.py:1042} INFO - 
--------------------------------------------------------------------------------
[2023-06-20 18:05:33,635] {taskinstance.py:1043} INFO - Starting attempt 1 of 1
[2023-06-20 18:05:33,637] {taskinstance.py:1044} INFO - 
--------------------------------------------------------------------------------
[2023-06-20 18:05:33,668] {taskinstance.py:1063} INFO - Executing <Task(_PythonDecoratedOperator): extract_load_task> on 2023-06-20T18:05:27.689469+00:00
[2023-06-20 18:05:33,679] {standard_task_runner.py:52} INFO - Started process 80 to run task
[2023-06-20 18:05:33,690] {standard_task_runner.py:76} INFO - Running: ['airflow', 'tasks', 'run', 'etl_dag', 'extract_load_task', '2023-06-20T18:05:27.689469+00:00', '--job-id', '172', '--pool', 'default_pool', '--raw', '--subdir', 'DAGS_FOLDER/etl_dag.py', '--cfg-path', '/tmp/tmp519nubyf', '--error-file', '/tmp/tmpiliq6dug']
[2023-06-20 18:05:33,694] {standard_task_runner.py:77} INFO - Job 172: Subtask extract_load_task
[2023-06-20 18:05:33,920] {logging_mixin.py:104} INFO - Running <TaskInstance: etl_dag.extract_load_task 2023-06-20T18:05:27.689469+00:00 [running]> on host 7a62ecf52086
[2023-06-20 18:05:34,055] {taskinstance.py:1257} INFO - Exporting the following env vars:
AIRFLOW_CTX_DAG_OWNER=airflow
AIRFLOW_CTX_DAG_ID=etl_dag
AIRFLOW_CTX_TASK_ID=extract_load_task
AIRFLOW_CTX_EXECUTION_DATE=2023-06-20T18:05:27.689469+00:00
AIRFLOW_CTX_DAG_RUN_ID=manual__2023-06-20T18:05:27.689469+00:00
[2023-06-20 18:05:34,331] {etl_dag.py:22} INFO - extracting data from: NYC, CHI, departure: 2023-08-8
[2023-06-20 18:05:34,334] {etl_dag.py:23} INFO - extract load lambda id: d6d36ec2-be68-4f95-a2d3-66278578d5de
[2023-06-20 18:05:34,409] {taskinstance.py:1166} INFO - Marking task as SUCCESS. dag_id=etl_dag, task_id=extract_load_task, execution_date=20230620T180527, start_date=20230620T180533, end_date=20230620T180534
[2023-06-20 18:05:34,484] {taskinstance.py:1220} INFO - 1 downstream tasks scheduled from follow-on schedule check
[2023-06-20 18:05:34,540] {local_task_job.py:146} INFO - Task exited with return code 0
