[2023-06-20 18:05:37,334] {taskinstance.py:851} INFO - Dependencies all met for <TaskInstance: etl_dag.transform_load_task 2023-06-20T18:05:27.689469+00:00 [queued]>
[2023-06-20 18:05:37,376] {taskinstance.py:851} INFO - Dependencies all met for <TaskInstance: etl_dag.transform_load_task 2023-06-20T18:05:27.689469+00:00 [queued]>
[2023-06-20 18:05:37,377] {taskinstance.py:1042} INFO - 
--------------------------------------------------------------------------------
[2023-06-20 18:05:37,378] {taskinstance.py:1043} INFO - Starting attempt 1 of 1
[2023-06-20 18:05:37,378] {taskinstance.py:1044} INFO - 
--------------------------------------------------------------------------------
[2023-06-20 18:05:37,402] {taskinstance.py:1063} INFO - Executing <Task(_PythonDecoratedOperator): transform_load_task> on 2023-06-20T18:05:27.689469+00:00
[2023-06-20 18:05:37,420] {standard_task_runner.py:52} INFO - Started process 84 to run task
[2023-06-20 18:05:37,432] {standard_task_runner.py:76} INFO - Running: ['airflow', 'tasks', 'run', 'etl_dag', 'transform_load_task', '2023-06-20T18:05:27.689469+00:00', '--job-id', '173', '--pool', 'default_pool', '--raw', '--subdir', 'DAGS_FOLDER/etl_dag.py', '--cfg-path', '/tmp/tmpu3v5yjc5', '--error-file', '/tmp/tmp6m6w0ld1']
[2023-06-20 18:05:37,434] {standard_task_runner.py:77} INFO - Job 173: Subtask transform_load_task
[2023-06-20 18:05:37,559] {logging_mixin.py:104} INFO - Running <TaskInstance: etl_dag.transform_load_task 2023-06-20T18:05:27.689469+00:00 [running]> on host 7a62ecf52086
[2023-06-20 18:05:37,758] {taskinstance.py:1257} INFO - Exporting the following env vars:
AIRFLOW_CTX_DAG_OWNER=airflow
AIRFLOW_CTX_DAG_ID=etl_dag
AIRFLOW_CTX_TASK_ID=transform_load_task
AIRFLOW_CTX_EXECUTION_DATE=2023-06-20T18:05:27.689469+00:00
AIRFLOW_CTX_DAG_RUN_ID=manual__2023-06-20T18:05:27.689469+00:00
[2023-06-20 18:05:37,831] {logging_mixin.py:104} INFO - {"file_name_read": "raw/NYC-CHI-2023-08-08.json"}
[2023-06-20 18:05:38,275] {etl_dag.py:33} INFO - reading data from file: raw/NYC-CHI-2023-08-08.json
[2023-06-20 18:05:38,278] {etl_dag.py:34} INFO - transform load: d23757fa-d2f0-4be4-9d0d-f20ac275a1ff
[2023-06-20 18:05:38,390] {taskinstance.py:1166} INFO - Marking task as SUCCESS. dag_id=etl_dag, task_id=transform_load_task, execution_date=20230620T180527, start_date=20230620T180537, end_date=20230620T180538
[2023-06-20 18:05:38,530] {taskinstance.py:1220} INFO - 0 downstream tasks scheduled from follow-on schedule check
[2023-06-20 18:05:38,588] {local_task_job.py:146} INFO - Task exited with return code 0
