[2023-06-22 22:09:55,357] {taskinstance.py:851} INFO - Dependencies all met for <TaskInstance: etl_dag.transform_load_task 2023-06-22T22:09:37.889518+00:00 [queued]>
[2023-06-22 22:09:55,395] {taskinstance.py:851} INFO - Dependencies all met for <TaskInstance: etl_dag.transform_load_task 2023-06-22T22:09:37.889518+00:00 [queued]>
[2023-06-22 22:09:55,397] {taskinstance.py:1042} INFO - 
--------------------------------------------------------------------------------
[2023-06-22 22:09:55,397] {taskinstance.py:1043} INFO - Starting attempt 1 of 1
[2023-06-22 22:09:55,398] {taskinstance.py:1044} INFO - 
--------------------------------------------------------------------------------
[2023-06-22 22:09:55,430] {taskinstance.py:1063} INFO - Executing <Task(_PythonDecoratedOperator): transform_load_task> on 2023-06-22T22:09:37.889518+00:00
[2023-06-22 22:09:55,443] {standard_task_runner.py:52} INFO - Started process 85 to run task
[2023-06-22 22:09:55,454] {standard_task_runner.py:76} INFO - Running: ['airflow', 'tasks', 'run', 'etl_dag', 'transform_load_task', '2023-06-22T22:09:37.889518+00:00', '--job-id', '178', '--pool', 'default_pool', '--raw', '--subdir', 'DAGS_FOLDER/etl_dag.py', '--cfg-path', '/tmp/tmp0xzut_ob', '--error-file', '/tmp/tmpx9_8wqru']
[2023-06-22 22:09:55,456] {standard_task_runner.py:77} INFO - Job 178: Subtask transform_load_task
[2023-06-22 22:09:55,545] {logging_mixin.py:104} INFO - Running <TaskInstance: etl_dag.transform_load_task 2023-06-22T22:09:37.889518+00:00 [running]> on host d6623819d47a
[2023-06-22 22:09:55,643] {taskinstance.py:1257} INFO - Exporting the following env vars:
AIRFLOW_CTX_DAG_OWNER=airflow
AIRFLOW_CTX_DAG_ID=etl_dag
AIRFLOW_CTX_TASK_ID=transform_load_task
AIRFLOW_CTX_EXECUTION_DATE=2023-06-22T22:09:37.889518+00:00
AIRFLOW_CTX_DAG_RUN_ID=manual__2023-06-22T22:09:37.889518+00:00
[2023-06-22 22:09:55,647] {logging_mixin.py:104} INFO - {"file_name_read": "raw/NYC-CHI-2023-08-11.json"}
[2023-06-22 22:09:56,358] {etl_dag.py:34} INFO - reading data from file: raw/NYC-CHI-2023-08-11.json
[2023-06-22 22:09:56,360] {etl_dag.py:35} INFO - transform load: 3d83b862-a838-448d-8d3c-51598e85fec3
[2023-06-22 22:09:56,480] {taskinstance.py:1166} INFO - Marking task as SUCCESS. dag_id=etl_dag, task_id=transform_load_task, execution_date=20230622T220937, start_date=20230622T220955, end_date=20230622T220956
[2023-06-22 22:09:56,585] {taskinstance.py:1220} INFO - 1 downstream tasks scheduled from follow-on schedule check
[2023-06-22 22:09:56,616] {local_task_job.py:146} INFO - Task exited with return code 0
