[2023-06-19 14:22:16,416] {scheduler_job.py:182} INFO - Started process (PID=46) to work on /opt/airflow/dags/etl_dag.py
[2023-06-19 14:22:16,429] {scheduler_job.py:629} INFO - Processing file /opt/airflow/dags/etl_dag.py for tasks to queue
[2023-06-19 14:22:16,435] {logging_mixin.py:104} INFO - [2023-06-19 14:22:16,434] {dagbag.py:448} INFO - Filling up the DagBag from /opt/airflow/dags/etl_dag.py
[2023-06-19 14:22:17,405] {logging_mixin.py:104} INFO - [2023-06-19 14:22:17,404] {credentials.py:1210} INFO - Found credentials in shared credentials file: /usr/local/airflow/.aws/credentials
[2023-06-19 14:22:17,777] {logging_mixin.py:104} INFO - [2023-06-19 14:22:17,728] {dagbag.py:305} ERROR - Failed to import: /opt/airflow/dags/etl_dag.py
Traceback (most recent call last):
  File "/home/airflow/.local/lib/python3.6/site-packages/airflow/models/dagbag.py", line 302, in _load_modules_from_file
    loader.exec_module(new_module)
  File "<frozen importlib._bootstrap_external>", line 678, in exec_module
  File "<frozen importlib._bootstrap>", line 219, in _call_with_frames_removed
  File "/opt/airflow/dags/etl_dag.py", line 40, in <module>
    dag = etl_dag(origin = "PHI", destination = "CHI", departure_date_str="2023-7-4")
  File "/home/airflow/.local/lib/python3.6/site-packages/airflow/models/dag.py", line 2318, in factory
    f(**f_kwargs)
  File "/opt/airflow/dags/etl_dag.py", line 33, in etl_dag
    file_name = generate_file_name(origin, destination, departure_date_str)
  File "/opt/airflow/dags/utils.py", line 4, in generate_file_name
    date_str = datetime.strptime(departure_date_str, "%Y-%m-%d").strftime("%Y-%m-%d")
TypeError: strptime() argument 1 must be str, not DagParam
[2023-06-19 14:22:17,787] {scheduler_job.py:641} WARNING - No viable dags retrieved from /opt/airflow/dags/etl_dag.py
[2023-06-19 14:22:17,925] {scheduler_job.py:190} INFO - Processing /opt/airflow/dags/etl_dag.py took 1.541 seconds
[2023-06-19 14:22:20,252] {scheduler_job.py:182} INFO - Started process (PID=48) to work on /opt/airflow/dags/etl_dag.py
[2023-06-19 14:22:20,261] {scheduler_job.py:629} INFO - Processing file /opt/airflow/dags/etl_dag.py for tasks to queue
[2023-06-19 14:22:20,275] {logging_mixin.py:104} INFO - [2023-06-19 14:22:20,274] {dagbag.py:448} INFO - Filling up the DagBag from /opt/airflow/dags/etl_dag.py
[2023-06-19 14:22:21,484] {logging_mixin.py:104} INFO - [2023-06-19 14:22:21,483] {credentials.py:1210} INFO - Found credentials in shared credentials file: /usr/local/airflow/.aws/credentials
[2023-06-19 14:22:21,954] {logging_mixin.py:104} INFO - [2023-06-19 14:22:21,939] {dagbag.py:305} ERROR - Failed to import: /opt/airflow/dags/etl_dag.py
Traceback (most recent call last):
  File "/home/airflow/.local/lib/python3.6/site-packages/airflow/models/dagbag.py", line 302, in _load_modules_from_file
    loader.exec_module(new_module)
  File "<frozen importlib._bootstrap_external>", line 678, in exec_module
  File "<frozen importlib._bootstrap>", line 219, in _call_with_frames_removed
  File "/opt/airflow/dags/etl_dag.py", line 40, in <module>
    dag = etl_dag(origin = "PHI", destination = "CHI", departure_date_str="2023-7-4")
  File "/home/airflow/.local/lib/python3.6/site-packages/airflow/models/dag.py", line 2318, in factory
    f(**f_kwargs)
  File "/opt/airflow/dags/etl_dag.py", line 33, in etl_dag
    file_name = generate_file_name(origin, destination, departure_date_str)
  File "/opt/airflow/dags/utils.py", line 4, in generate_file_name
    date_str = datetime.strptime(departure_date_str, "%Y-%m-%d").strftime("%Y-%m-%d")
TypeError: strptime() argument 1 must be str, not DagParam
[2023-06-19 14:22:21,958] {scheduler_job.py:641} WARNING - No viable dags retrieved from /opt/airflow/dags/etl_dag.py
[2023-06-19 14:22:22,028] {scheduler_job.py:190} INFO - Processing /opt/airflow/dags/etl_dag.py took 1.816 seconds
[2023-06-19 14:22:52,633] {scheduler_job.py:182} INFO - Started process (PID=50) to work on /opt/airflow/dags/etl_dag.py
[2023-06-19 14:22:52,645] {scheduler_job.py:629} INFO - Processing file /opt/airflow/dags/etl_dag.py for tasks to queue
[2023-06-19 14:22:52,654] {logging_mixin.py:104} INFO - [2023-06-19 14:22:52,652] {dagbag.py:448} INFO - Filling up the DagBag from /opt/airflow/dags/etl_dag.py
[2023-06-19 14:22:53,423] {logging_mixin.py:104} INFO - [2023-06-19 14:22:53,423] {credentials.py:1210} INFO - Found credentials in shared credentials file: /usr/local/airflow/.aws/credentials
[2023-06-19 14:22:53,726] {logging_mixin.py:104} INFO - [2023-06-19 14:22:53,714] {dagbag.py:305} ERROR - Failed to import: /opt/airflow/dags/etl_dag.py
Traceback (most recent call last):
  File "/home/airflow/.local/lib/python3.6/site-packages/airflow/models/dagbag.py", line 302, in _load_modules_from_file
    loader.exec_module(new_module)
  File "<frozen importlib._bootstrap_external>", line 678, in exec_module
  File "<frozen importlib._bootstrap>", line 219, in _call_with_frames_removed
  File "/opt/airflow/dags/etl_dag.py", line 40, in <module>
    dag = etl_dag(origin = "PHI", destination = "CHI", departure_date_str="2023-7-4")
  File "/home/airflow/.local/lib/python3.6/site-packages/airflow/models/dag.py", line 2318, in factory
    f(**f_kwargs)
  File "/opt/airflow/dags/etl_dag.py", line 33, in etl_dag
    file_name = generate_file_name(origin, destination, departure_date_str)
  File "/opt/airflow/dags/utils.py", line 4, in generate_file_name
    date_str = datetime.strptime(departure_date_str, "%Y-%m-%d").strftime("%Y-%m-%d")
TypeError: strptime() argument 1 must be str, not DagParam
[2023-06-19 14:22:53,729] {scheduler_job.py:641} WARNING - No viable dags retrieved from /opt/airflow/dags/etl_dag.py
[2023-06-19 14:22:53,794] {scheduler_job.py:190} INFO - Processing /opt/airflow/dags/etl_dag.py took 1.183 seconds
[2023-06-19 14:23:24,420] {scheduler_job.py:182} INFO - Started process (PID=52) to work on /opt/airflow/dags/etl_dag.py
[2023-06-19 14:23:24,447] {scheduler_job.py:629} INFO - Processing file /opt/airflow/dags/etl_dag.py for tasks to queue
[2023-06-19 14:23:24,456] {logging_mixin.py:104} INFO - [2023-06-19 14:23:24,455] {dagbag.py:448} INFO - Filling up the DagBag from /opt/airflow/dags/etl_dag.py
[2023-06-19 14:23:25,883] {logging_mixin.py:104} INFO - [2023-06-19 14:23:25,881] {credentials.py:1210} INFO - Found credentials in shared credentials file: /usr/local/airflow/.aws/credentials
[2023-06-19 14:23:26,122] {logging_mixin.py:104} INFO - [2023-06-19 14:23:26,111] {dagbag.py:305} ERROR - Failed to import: /opt/airflow/dags/etl_dag.py
Traceback (most recent call last):
  File "/home/airflow/.local/lib/python3.6/site-packages/airflow/models/dagbag.py", line 302, in _load_modules_from_file
    loader.exec_module(new_module)
  File "<frozen importlib._bootstrap_external>", line 678, in exec_module
  File "<frozen importlib._bootstrap>", line 219, in _call_with_frames_removed
  File "/opt/airflow/dags/etl_dag.py", line 40, in <module>
    dag = etl_dag(origin = "PHI", destination = "CHI", departure_date_str="2023-7-4")
  File "/home/airflow/.local/lib/python3.6/site-packages/airflow/models/dag.py", line 2318, in factory
    f(**f_kwargs)
  File "/opt/airflow/dags/etl_dag.py", line 33, in etl_dag
    file_name = generate_file_name(origin, destination, departure_date_str)
  File "/opt/airflow/dags/utils.py", line 4, in generate_file_name
    date_str = datetime.strptime(departure_date_str, "%Y-%m-%d").strftime("%Y-%m-%d")
TypeError: strptime() argument 1 must be str, not DagParam
[2023-06-19 14:23:26,126] {scheduler_job.py:641} WARNING - No viable dags retrieved from /opt/airflow/dags/etl_dag.py
[2023-06-19 14:23:26,208] {scheduler_job.py:190} INFO - Processing /opt/airflow/dags/etl_dag.py took 1.845 seconds
[2023-06-19 14:23:56,760] {scheduler_job.py:182} INFO - Started process (PID=54) to work on /opt/airflow/dags/etl_dag.py
[2023-06-19 14:23:56,768] {scheduler_job.py:629} INFO - Processing file /opt/airflow/dags/etl_dag.py for tasks to queue
[2023-06-19 14:23:56,772] {logging_mixin.py:104} INFO - [2023-06-19 14:23:56,771] {dagbag.py:448} INFO - Filling up the DagBag from /opt/airflow/dags/etl_dag.py
[2023-06-19 14:23:57,262] {logging_mixin.py:104} INFO - [2023-06-19 14:23:57,261] {credentials.py:1210} INFO - Found credentials in shared credentials file: /usr/local/airflow/.aws/credentials
[2023-06-19 14:23:57,444] {logging_mixin.py:104} INFO - [2023-06-19 14:23:57,437] {dagbag.py:305} ERROR - Failed to import: /opt/airflow/dags/etl_dag.py
Traceback (most recent call last):
  File "/home/airflow/.local/lib/python3.6/site-packages/airflow/models/dagbag.py", line 302, in _load_modules_from_file
    loader.exec_module(new_module)
  File "<frozen importlib._bootstrap_external>", line 678, in exec_module
  File "<frozen importlib._bootstrap>", line 219, in _call_with_frames_removed
  File "/opt/airflow/dags/etl_dag.py", line 40, in <module>
    dag = etl_dag(origin = "PHI", destination = "CHI", departure_date_str="2023-7-4")
  File "/home/airflow/.local/lib/python3.6/site-packages/airflow/models/dag.py", line 2318, in factory
    f(**f_kwargs)
  File "/opt/airflow/dags/etl_dag.py", line 33, in etl_dag
    file_name = generate_file_name(origin, destination, departure_date_str)
  File "/opt/airflow/dags/utils.py", line 4, in generate_file_name
    date_str = datetime.strptime(departure_date_str, "%Y-%m-%d").strftime("%Y-%m-%d")
TypeError: strptime() argument 1 must be str, not DagParam
[2023-06-19 14:23:57,447] {scheduler_job.py:641} WARNING - No viable dags retrieved from /opt/airflow/dags/etl_dag.py
[2023-06-19 14:23:57,482] {scheduler_job.py:190} INFO - Processing /opt/airflow/dags/etl_dag.py took 0.740 seconds
[2023-06-19 14:24:27,876] {scheduler_job.py:182} INFO - Started process (PID=56) to work on /opt/airflow/dags/etl_dag.py
[2023-06-19 14:24:27,881] {scheduler_job.py:629} INFO - Processing file /opt/airflow/dags/etl_dag.py for tasks to queue
[2023-06-19 14:24:27,885] {logging_mixin.py:104} INFO - [2023-06-19 14:24:27,884] {dagbag.py:448} INFO - Filling up the DagBag from /opt/airflow/dags/etl_dag.py
[2023-06-19 14:24:28,310] {logging_mixin.py:104} INFO - [2023-06-19 14:24:28,309] {credentials.py:1210} INFO - Found credentials in shared credentials file: /usr/local/airflow/.aws/credentials
[2023-06-19 14:24:28,494] {logging_mixin.py:104} INFO - [2023-06-19 14:24:28,486] {dagbag.py:305} ERROR - Failed to import: /opt/airflow/dags/etl_dag.py
Traceback (most recent call last):
  File "/home/airflow/.local/lib/python3.6/site-packages/airflow/models/dagbag.py", line 302, in _load_modules_from_file
    loader.exec_module(new_module)
  File "<frozen importlib._bootstrap_external>", line 678, in exec_module
  File "<frozen importlib._bootstrap>", line 219, in _call_with_frames_removed
  File "/opt/airflow/dags/etl_dag.py", line 40, in <module>
    dag = etl_dag(origin = "PHI", destination = "CHI", departure_date_str="2023-7-4")
  File "/home/airflow/.local/lib/python3.6/site-packages/airflow/models/dag.py", line 2318, in factory
    f(**f_kwargs)
  File "/opt/airflow/dags/etl_dag.py", line 33, in etl_dag
    file_name = generate_file_name(origin, destination, departure_date_str)
  File "/opt/airflow/dags/utils.py", line 4, in generate_file_name
    date_str = datetime.strptime(departure_date_str, "%Y-%m-%d").strftime("%Y-%m-%d")
TypeError: strptime() argument 1 must be str, not DagParam
[2023-06-19 14:24:28,497] {scheduler_job.py:641} WARNING - No viable dags retrieved from /opt/airflow/dags/etl_dag.py
[2023-06-19 14:24:28,537] {scheduler_job.py:190} INFO - Processing /opt/airflow/dags/etl_dag.py took 0.671 seconds
[2023-06-19 14:24:58,720] {scheduler_job.py:182} INFO - Started process (PID=58) to work on /opt/airflow/dags/etl_dag.py
[2023-06-19 14:24:58,727] {scheduler_job.py:629} INFO - Processing file /opt/airflow/dags/etl_dag.py for tasks to queue
[2023-06-19 14:24:58,731] {logging_mixin.py:104} INFO - [2023-06-19 14:24:58,730] {dagbag.py:448} INFO - Filling up the DagBag from /opt/airflow/dags/etl_dag.py
[2023-06-19 14:24:59,156] {logging_mixin.py:104} INFO - [2023-06-19 14:24:59,156] {credentials.py:1210} INFO - Found credentials in shared credentials file: /usr/local/airflow/.aws/credentials
[2023-06-19 14:24:59,323] {logging_mixin.py:104} INFO - [2023-06-19 14:24:59,311] {dagbag.py:305} ERROR - Failed to import: /opt/airflow/dags/etl_dag.py
Traceback (most recent call last):
  File "/home/airflow/.local/lib/python3.6/site-packages/airflow/models/dagbag.py", line 302, in _load_modules_from_file
    loader.exec_module(new_module)
  File "<frozen importlib._bootstrap_external>", line 678, in exec_module
  File "<frozen importlib._bootstrap>", line 219, in _call_with_frames_removed
  File "/opt/airflow/dags/etl_dag.py", line 40, in <module>
    dag = etl_dag(origin = "PHI", destination = "CHI", departure_date_str="2023-7-4")
  File "/home/airflow/.local/lib/python3.6/site-packages/airflow/models/dag.py", line 2318, in factory
    f(**f_kwargs)
  File "/opt/airflow/dags/etl_dag.py", line 33, in etl_dag
    file_name = generate_file_name(origin, destination, departure_date_str)
  File "/opt/airflow/dags/utils.py", line 4, in generate_file_name
    date_str = datetime.strptime(departure_date_str, "%Y-%m-%d").strftime("%Y-%m-%d")
TypeError: strptime() argument 1 must be str, not DagParam
[2023-06-19 14:24:59,330] {scheduler_job.py:641} WARNING - No viable dags retrieved from /opt/airflow/dags/etl_dag.py
[2023-06-19 14:24:59,375] {scheduler_job.py:190} INFO - Processing /opt/airflow/dags/etl_dag.py took 0.679 seconds
[2023-06-19 14:25:29,868] {scheduler_job.py:182} INFO - Started process (PID=60) to work on /opt/airflow/dags/etl_dag.py
[2023-06-19 14:25:29,875] {scheduler_job.py:629} INFO - Processing file /opt/airflow/dags/etl_dag.py for tasks to queue
[2023-06-19 14:25:29,878] {logging_mixin.py:104} INFO - [2023-06-19 14:25:29,877] {dagbag.py:448} INFO - Filling up the DagBag from /opt/airflow/dags/etl_dag.py
[2023-06-19 14:25:30,321] {logging_mixin.py:104} INFO - [2023-06-19 14:25:30,320] {credentials.py:1210} INFO - Found credentials in shared credentials file: /usr/local/airflow/.aws/credentials
[2023-06-19 14:25:30,493] {logging_mixin.py:104} INFO - [2023-06-19 14:25:30,486] {dagbag.py:305} ERROR - Failed to import: /opt/airflow/dags/etl_dag.py
Traceback (most recent call last):
  File "/home/airflow/.local/lib/python3.6/site-packages/airflow/models/dagbag.py", line 302, in _load_modules_from_file
    loader.exec_module(new_module)
  File "<frozen importlib._bootstrap_external>", line 678, in exec_module
  File "<frozen importlib._bootstrap>", line 219, in _call_with_frames_removed
  File "/opt/airflow/dags/etl_dag.py", line 40, in <module>
    dag = etl_dag(origin = "PHI", destination = "CHI", departure_date_str="2023-7-4")
  File "/home/airflow/.local/lib/python3.6/site-packages/airflow/models/dag.py", line 2318, in factory
    f(**f_kwargs)
  File "/opt/airflow/dags/etl_dag.py", line 33, in etl_dag
    file_name = generate_file_name(origin, destination, departure_date_str)
  File "/opt/airflow/dags/utils.py", line 4, in generate_file_name
    date_str = datetime.strptime(departure_date_str, "%Y-%m-%d").strftime("%Y-%m-%d")
TypeError: strptime() argument 1 must be str, not DagParam
[2023-06-19 14:25:30,496] {scheduler_job.py:641} WARNING - No viable dags retrieved from /opt/airflow/dags/etl_dag.py
[2023-06-19 14:25:30,545] {scheduler_job.py:190} INFO - Processing /opt/airflow/dags/etl_dag.py took 0.691 seconds
[2023-06-19 14:26:00,941] {scheduler_job.py:182} INFO - Started process (PID=62) to work on /opt/airflow/dags/etl_dag.py
[2023-06-19 14:26:00,945] {scheduler_job.py:629} INFO - Processing file /opt/airflow/dags/etl_dag.py for tasks to queue
[2023-06-19 14:26:00,948] {logging_mixin.py:104} INFO - [2023-06-19 14:26:00,947] {dagbag.py:448} INFO - Filling up the DagBag from /opt/airflow/dags/etl_dag.py
[2023-06-19 14:26:01,442] {logging_mixin.py:104} INFO - [2023-06-19 14:26:01,441] {credentials.py:1210} INFO - Found credentials in shared credentials file: /usr/local/airflow/.aws/credentials
[2023-06-19 14:26:01,652] {logging_mixin.py:104} INFO - [2023-06-19 14:26:01,642] {dagbag.py:305} ERROR - Failed to import: /opt/airflow/dags/etl_dag.py
Traceback (most recent call last):
  File "/home/airflow/.local/lib/python3.6/site-packages/airflow/models/dagbag.py", line 302, in _load_modules_from_file
    loader.exec_module(new_module)
  File "<frozen importlib._bootstrap_external>", line 678, in exec_module
  File "<frozen importlib._bootstrap>", line 219, in _call_with_frames_removed
  File "/opt/airflow/dags/etl_dag.py", line 39, in <module>
    dag = etl_dag(origin = "PHI", destination = "CHI", departure_date_str="2023-7-4")
  File "/home/airflow/.local/lib/python3.6/site-packages/airflow/models/dag.py", line 2318, in factory
    f(**f_kwargs)
  File "/opt/airflow/dags/etl_dag.py", line 35, in etl_dag
    result = transform_load_task(file_name_read = f"raw/{file_name}")
NameError: name 'file_name' is not defined
[2023-06-19 14:26:01,658] {scheduler_job.py:641} WARNING - No viable dags retrieved from /opt/airflow/dags/etl_dag.py
[2023-06-19 14:26:01,705] {scheduler_job.py:190} INFO - Processing /opt/airflow/dags/etl_dag.py took 0.772 seconds
[2023-06-19 14:26:32,171] {scheduler_job.py:182} INFO - Started process (PID=64) to work on /opt/airflow/dags/etl_dag.py
[2023-06-19 14:26:32,176] {scheduler_job.py:629} INFO - Processing file /opt/airflow/dags/etl_dag.py for tasks to queue
[2023-06-19 14:26:32,179] {logging_mixin.py:104} INFO - [2023-06-19 14:26:32,178] {dagbag.py:448} INFO - Filling up the DagBag from /opt/airflow/dags/etl_dag.py
[2023-06-19 14:26:32,588] {logging_mixin.py:104} INFO - [2023-06-19 14:26:32,587] {credentials.py:1210} INFO - Found credentials in shared credentials file: /usr/local/airflow/.aws/credentials
[2023-06-19 14:26:32,775] {logging_mixin.py:104} INFO - [2023-06-19 14:26:32,768] {dagbag.py:305} ERROR - Failed to import: /opt/airflow/dags/etl_dag.py
Traceback (most recent call last):
  File "/home/airflow/.local/lib/python3.6/site-packages/airflow/models/dagbag.py", line 302, in _load_modules_from_file
    loader.exec_module(new_module)
  File "<frozen importlib._bootstrap_external>", line 678, in exec_module
  File "<frozen importlib._bootstrap>", line 219, in _call_with_frames_removed
  File "/opt/airflow/dags/etl_dag.py", line 41, in <module>
    dag = etl_dag(origin = "PHI", destination = "CHI", departure_date_str="2023-7-4")
  File "/home/airflow/.local/lib/python3.6/site-packages/airflow/models/dag.py", line 2318, in factory
    f(**f_kwargs)
  File "/opt/airflow/dags/etl_dag.py", line 37, in etl_dag
    result = transform_load_task(file_name_read = f"raw/{file_name}")
NameError: name 'file_name' is not defined
[2023-06-19 14:26:32,778] {scheduler_job.py:641} WARNING - No viable dags retrieved from /opt/airflow/dags/etl_dag.py
[2023-06-19 14:26:32,834] {scheduler_job.py:190} INFO - Processing /opt/airflow/dags/etl_dag.py took 0.673 seconds
[2023-06-19 14:27:03,090] {scheduler_job.py:182} INFO - Started process (PID=66) to work on /opt/airflow/dags/etl_dag.py
[2023-06-19 14:27:03,094] {scheduler_job.py:629} INFO - Processing file /opt/airflow/dags/etl_dag.py for tasks to queue
[2023-06-19 14:27:03,097] {logging_mixin.py:104} INFO - [2023-06-19 14:27:03,097] {dagbag.py:448} INFO - Filling up the DagBag from /opt/airflow/dags/etl_dag.py
[2023-06-19 14:27:03,116] {logging_mixin.py:104} INFO - [2023-06-19 14:27:03,110] {dagbag.py:305} ERROR - Failed to import: /opt/airflow/dags/etl_dag.py
Traceback (most recent call last):
  File "/home/airflow/.local/lib/python3.6/site-packages/airflow/models/dagbag.py", line 302, in _load_modules_from_file
    loader.exec_module(new_module)
  File "<frozen importlib._bootstrap_external>", line 674, in exec_module
  File "<frozen importlib._bootstrap_external>", line 781, in get_code
  File "<frozen importlib._bootstrap_external>", line 741, in source_to_code
  File "<frozen importlib._bootstrap>", line 219, in _call_with_frames_removed
  File "/opt/airflow/dags/etl_dag.py", line 38
    result = transform_load_task(file_name_read = )
                                                  ^
SyntaxError: invalid syntax
[2023-06-19 14:27:03,119] {scheduler_job.py:641} WARNING - No viable dags retrieved from /opt/airflow/dags/etl_dag.py
[2023-06-19 14:27:03,178] {scheduler_job.py:190} INFO - Processing /opt/airflow/dags/etl_dag.py took 0.099 seconds
[2023-06-19 15:23:24,397] {scheduler_job.py:182} INFO - Started process (PID=45) to work on /opt/airflow/dags/etl_dag.py
[2023-06-19 15:23:24,412] {scheduler_job.py:629} INFO - Processing file /opt/airflow/dags/etl_dag.py for tasks to queue
[2023-06-19 15:23:24,443] {logging_mixin.py:104} INFO - [2023-06-19 15:23:24,443] {dagbag.py:448} INFO - Filling up the DagBag from /opt/airflow/dags/etl_dag.py
[2023-06-19 15:23:26,084] {logging_mixin.py:104} INFO - [2023-06-19 15:23:26,083] {credentials.py:1210} INFO - Found credentials in shared credentials file: /usr/local/airflow/.aws/credentials
[2023-06-19 15:23:26,505] {scheduler_job.py:639} INFO - DAG(s) dict_keys(['etl_dag']) retrieved from /opt/airflow/dags/etl_dag.py
[2023-06-19 15:23:26,808] {logging_mixin.py:104} INFO - [2023-06-19 15:23:26,807] {dag.py:1818} INFO - Sync 1 DAGs
[2023-06-19 15:23:27,005] {logging_mixin.py:104} INFO - [2023-06-19 15:23:27,004] {dag.py:2273} INFO - Setting next_dagrun for etl_dag to None
[2023-06-19 15:23:27,141] {scheduler_job.py:190} INFO - Processing /opt/airflow/dags/etl_dag.py took 2.790 seconds
[2023-06-19 15:23:29,531] {scheduler_job.py:182} INFO - Started process (PID=47) to work on /opt/airflow/dags/etl_dag.py
[2023-06-19 15:23:29,550] {scheduler_job.py:629} INFO - Processing file /opt/airflow/dags/etl_dag.py for tasks to queue
[2023-06-19 15:23:29,630] {logging_mixin.py:104} INFO - [2023-06-19 15:23:29,625] {dagbag.py:448} INFO - Filling up the DagBag from /opt/airflow/dags/etl_dag.py
[2023-06-19 15:23:30,603] {logging_mixin.py:104} INFO - [2023-06-19 15:23:30,601] {credentials.py:1210} INFO - Found credentials in shared credentials file: /usr/local/airflow/.aws/credentials
[2023-06-19 15:23:31,067] {scheduler_job.py:639} INFO - DAG(s) dict_keys(['etl_dag']) retrieved from /opt/airflow/dags/etl_dag.py
[2023-06-19 15:23:31,348] {scheduler_job.py:596} INFO - Executed failure callback for <TaskInstance: etl_dag.extract_load_task 2023-06-18 15:50:12.695352+00:00 [failed]> in state failed
[2023-06-19 15:23:31,383] {logging_mixin.py:104} INFO - [2023-06-19 15:23:31,382] {dag.py:1818} INFO - Sync 1 DAGs
[2023-06-19 15:23:31,487] {logging_mixin.py:104} INFO - [2023-06-19 15:23:31,487] {dag.py:2273} INFO - Setting next_dagrun for etl_dag to None
[2023-06-19 15:23:31,515] {scheduler_job.py:190} INFO - Processing /opt/airflow/dags/etl_dag.py took 2.031 seconds
[2023-06-19 15:24:01,757] {scheduler_job.py:182} INFO - Started process (PID=49) to work on /opt/airflow/dags/etl_dag.py
[2023-06-19 15:24:01,764] {scheduler_job.py:629} INFO - Processing file /opt/airflow/dags/etl_dag.py for tasks to queue
[2023-06-19 15:24:01,768] {logging_mixin.py:104} INFO - [2023-06-19 15:24:01,767] {dagbag.py:448} INFO - Filling up the DagBag from /opt/airflow/dags/etl_dag.py
[2023-06-19 15:24:02,575] {logging_mixin.py:104} INFO - [2023-06-19 15:24:02,575] {credentials.py:1210} INFO - Found credentials in shared credentials file: /usr/local/airflow/.aws/credentials
[2023-06-19 15:24:02,912] {scheduler_job.py:639} INFO - DAG(s) dict_keys(['etl_dag']) retrieved from /opt/airflow/dags/etl_dag.py
[2023-06-19 15:24:03,057] {logging_mixin.py:104} INFO - [2023-06-19 15:24:03,057] {dag.py:1818} INFO - Sync 1 DAGs
[2023-06-19 15:24:03,204] {logging_mixin.py:104} INFO - [2023-06-19 15:24:03,203] {dag.py:2273} INFO - Setting next_dagrun for etl_dag to None
[2023-06-19 15:24:03,255] {scheduler_job.py:190} INFO - Processing /opt/airflow/dags/etl_dag.py took 1.515 seconds
[2023-06-19 15:24:33,522] {scheduler_job.py:182} INFO - Started process (PID=51) to work on /opt/airflow/dags/etl_dag.py
[2023-06-19 15:24:33,535] {scheduler_job.py:629} INFO - Processing file /opt/airflow/dags/etl_dag.py for tasks to queue
[2023-06-19 15:24:33,542] {logging_mixin.py:104} INFO - [2023-06-19 15:24:33,541] {dagbag.py:448} INFO - Filling up the DagBag from /opt/airflow/dags/etl_dag.py
[2023-06-19 15:24:34,433] {logging_mixin.py:104} INFO - [2023-06-19 15:24:34,432] {credentials.py:1210} INFO - Found credentials in shared credentials file: /usr/local/airflow/.aws/credentials
[2023-06-19 15:24:34,712] {scheduler_job.py:639} INFO - DAG(s) dict_keys(['etl_dag']) retrieved from /opt/airflow/dags/etl_dag.py
[2023-06-19 15:24:34,890] {logging_mixin.py:104} INFO - [2023-06-19 15:24:34,888] {dag.py:1818} INFO - Sync 1 DAGs
[2023-06-19 15:24:35,032] {logging_mixin.py:104} INFO - [2023-06-19 15:24:35,031] {dag.py:2273} INFO - Setting next_dagrun for etl_dag to None
[2023-06-19 15:24:35,090] {scheduler_job.py:190} INFO - Processing /opt/airflow/dags/etl_dag.py took 1.600 seconds
[2023-06-19 15:25:05,445] {scheduler_job.py:182} INFO - Started process (PID=53) to work on /opt/airflow/dags/etl_dag.py
[2023-06-19 15:25:05,451] {scheduler_job.py:629} INFO - Processing file /opt/airflow/dags/etl_dag.py for tasks to queue
[2023-06-19 15:25:05,467] {logging_mixin.py:104} INFO - [2023-06-19 15:25:05,466] {dagbag.py:448} INFO - Filling up the DagBag from /opt/airflow/dags/etl_dag.py
[2023-06-19 15:25:06,087] {logging_mixin.py:104} INFO - [2023-06-19 15:25:06,086] {credentials.py:1210} INFO - Found credentials in shared credentials file: /usr/local/airflow/.aws/credentials
[2023-06-19 15:25:06,512] {scheduler_job.py:639} INFO - DAG(s) dict_keys(['etl_dag']) retrieved from /opt/airflow/dags/etl_dag.py
[2023-06-19 15:25:06,648] {logging_mixin.py:104} INFO - [2023-06-19 15:25:06,648] {dag.py:1818} INFO - Sync 1 DAGs
[2023-06-19 15:25:06,727] {logging_mixin.py:104} INFO - [2023-06-19 15:25:06,727] {dag.py:2273} INFO - Setting next_dagrun for etl_dag to None
[2023-06-19 15:25:06,767] {scheduler_job.py:190} INFO - Processing /opt/airflow/dags/etl_dag.py took 1.341 seconds
[2023-06-19 15:25:37,023] {scheduler_job.py:182} INFO - Started process (PID=55) to work on /opt/airflow/dags/etl_dag.py
[2023-06-19 15:25:37,028] {scheduler_job.py:629} INFO - Processing file /opt/airflow/dags/etl_dag.py for tasks to queue
[2023-06-19 15:25:37,031] {logging_mixin.py:104} INFO - [2023-06-19 15:25:37,031] {dagbag.py:448} INFO - Filling up the DagBag from /opt/airflow/dags/etl_dag.py
[2023-06-19 15:25:37,521] {logging_mixin.py:104} INFO - [2023-06-19 15:25:37,520] {credentials.py:1210} INFO - Found credentials in shared credentials file: /usr/local/airflow/.aws/credentials
[2023-06-19 15:25:37,710] {scheduler_job.py:639} INFO - DAG(s) dict_keys(['etl_dag']) retrieved from /opt/airflow/dags/etl_dag.py
[2023-06-19 15:25:37,772] {logging_mixin.py:104} INFO - [2023-06-19 15:25:37,772] {dag.py:1818} INFO - Sync 1 DAGs
[2023-06-19 15:25:37,820] {logging_mixin.py:104} INFO - [2023-06-19 15:25:37,820] {dag.py:2273} INFO - Setting next_dagrun for etl_dag to None
[2023-06-19 15:25:37,843] {scheduler_job.py:190} INFO - Processing /opt/airflow/dags/etl_dag.py took 0.834 seconds
[2023-06-19 15:26:08,390] {scheduler_job.py:182} INFO - Started process (PID=57) to work on /opt/airflow/dags/etl_dag.py
[2023-06-19 15:26:08,400] {scheduler_job.py:629} INFO - Processing file /opt/airflow/dags/etl_dag.py for tasks to queue
[2023-06-19 15:26:08,411] {logging_mixin.py:104} INFO - [2023-06-19 15:26:08,410] {dagbag.py:448} INFO - Filling up the DagBag from /opt/airflow/dags/etl_dag.py
[2023-06-19 15:26:08,874] {logging_mixin.py:104} INFO - [2023-06-19 15:26:08,874] {credentials.py:1210} INFO - Found credentials in shared credentials file: /usr/local/airflow/.aws/credentials
[2023-06-19 15:26:09,060] {scheduler_job.py:639} INFO - DAG(s) dict_keys(['etl_dag']) retrieved from /opt/airflow/dags/etl_dag.py
[2023-06-19 15:26:09,132] {logging_mixin.py:104} INFO - [2023-06-19 15:26:09,131] {dag.py:1818} INFO - Sync 1 DAGs
[2023-06-19 15:26:09,181] {logging_mixin.py:104} INFO - [2023-06-19 15:26:09,181] {dag.py:2273} INFO - Setting next_dagrun for etl_dag to None
[2023-06-19 15:26:09,203] {scheduler_job.py:190} INFO - Processing /opt/airflow/dags/etl_dag.py took 0.825 seconds
[2023-06-19 15:26:39,765] {scheduler_job.py:182} INFO - Started process (PID=59) to work on /opt/airflow/dags/etl_dag.py
[2023-06-19 15:26:39,773] {scheduler_job.py:629} INFO - Processing file /opt/airflow/dags/etl_dag.py for tasks to queue
[2023-06-19 15:26:39,777] {logging_mixin.py:104} INFO - [2023-06-19 15:26:39,776] {dagbag.py:448} INFO - Filling up the DagBag from /opt/airflow/dags/etl_dag.py
[2023-06-19 15:26:40,163] {logging_mixin.py:104} INFO - [2023-06-19 15:26:40,162] {credentials.py:1210} INFO - Found credentials in shared credentials file: /usr/local/airflow/.aws/credentials
[2023-06-19 15:26:40,333] {scheduler_job.py:639} INFO - DAG(s) dict_keys(['etl_dag']) retrieved from /opt/airflow/dags/etl_dag.py
[2023-06-19 15:26:40,388] {logging_mixin.py:104} INFO - [2023-06-19 15:26:40,387] {dag.py:1818} INFO - Sync 1 DAGs
[2023-06-19 15:26:40,430] {logging_mixin.py:104} INFO - [2023-06-19 15:26:40,429] {dag.py:2273} INFO - Setting next_dagrun for etl_dag to None
[2023-06-19 15:26:40,450] {scheduler_job.py:190} INFO - Processing /opt/airflow/dags/etl_dag.py took 0.710 seconds
[2023-06-19 15:27:10,834] {scheduler_job.py:182} INFO - Started process (PID=61) to work on /opt/airflow/dags/etl_dag.py
[2023-06-19 15:27:10,839] {scheduler_job.py:629} INFO - Processing file /opt/airflow/dags/etl_dag.py for tasks to queue
[2023-06-19 15:27:10,841] {logging_mixin.py:104} INFO - [2023-06-19 15:27:10,840] {dagbag.py:448} INFO - Filling up the DagBag from /opt/airflow/dags/etl_dag.py
[2023-06-19 15:27:11,213] {logging_mixin.py:104} INFO - [2023-06-19 15:27:11,213] {credentials.py:1210} INFO - Found credentials in shared credentials file: /usr/local/airflow/.aws/credentials
[2023-06-19 15:27:11,382] {scheduler_job.py:639} INFO - DAG(s) dict_keys(['etl_dag']) retrieved from /opt/airflow/dags/etl_dag.py
[2023-06-19 15:27:11,439] {logging_mixin.py:104} INFO - [2023-06-19 15:27:11,439] {dag.py:1818} INFO - Sync 1 DAGs
[2023-06-19 15:27:11,483] {logging_mixin.py:104} INFO - [2023-06-19 15:27:11,483] {dag.py:2273} INFO - Setting next_dagrun for etl_dag to None
[2023-06-19 15:27:11,504] {scheduler_job.py:190} INFO - Processing /opt/airflow/dags/etl_dag.py took 0.678 seconds
[2023-06-19 15:27:41,665] {scheduler_job.py:182} INFO - Started process (PID=63) to work on /opt/airflow/dags/etl_dag.py
[2023-06-19 15:27:41,671] {scheduler_job.py:629} INFO - Processing file /opt/airflow/dags/etl_dag.py for tasks to queue
[2023-06-19 15:27:41,674] {logging_mixin.py:104} INFO - [2023-06-19 15:27:41,673] {dagbag.py:448} INFO - Filling up the DagBag from /opt/airflow/dags/etl_dag.py
[2023-06-19 15:27:42,065] {logging_mixin.py:104} INFO - [2023-06-19 15:27:42,064] {credentials.py:1210} INFO - Found credentials in shared credentials file: /usr/local/airflow/.aws/credentials
[2023-06-19 15:27:42,232] {scheduler_job.py:639} INFO - DAG(s) dict_keys(['etl_dag']) retrieved from /opt/airflow/dags/etl_dag.py
[2023-06-19 15:27:42,283] {logging_mixin.py:104} INFO - [2023-06-19 15:27:42,283] {dag.py:1818} INFO - Sync 1 DAGs
[2023-06-19 15:27:42,338] {logging_mixin.py:104} INFO - [2023-06-19 15:27:42,338] {dag.py:2273} INFO - Setting next_dagrun for etl_dag to None
[2023-06-19 15:27:42,353] {scheduler_job.py:190} INFO - Processing /opt/airflow/dags/etl_dag.py took 0.696 seconds
[2023-06-19 15:28:12,718] {scheduler_job.py:182} INFO - Started process (PID=65) to work on /opt/airflow/dags/etl_dag.py
[2023-06-19 15:28:12,722] {scheduler_job.py:629} INFO - Processing file /opt/airflow/dags/etl_dag.py for tasks to queue
[2023-06-19 15:28:12,724] {logging_mixin.py:104} INFO - [2023-06-19 15:28:12,724] {dagbag.py:448} INFO - Filling up the DagBag from /opt/airflow/dags/etl_dag.py
[2023-06-19 15:28:13,117] {logging_mixin.py:104} INFO - [2023-06-19 15:28:13,117] {credentials.py:1210} INFO - Found credentials in shared credentials file: /usr/local/airflow/.aws/credentials
[2023-06-19 15:28:13,292] {scheduler_job.py:639} INFO - DAG(s) dict_keys(['etl_dag']) retrieved from /opt/airflow/dags/etl_dag.py
[2023-06-19 15:28:13,351] {logging_mixin.py:104} INFO - [2023-06-19 15:28:13,351] {dag.py:1818} INFO - Sync 1 DAGs
[2023-06-19 15:28:13,396] {logging_mixin.py:104} INFO - [2023-06-19 15:28:13,396] {dag.py:2273} INFO - Setting next_dagrun for etl_dag to None
[2023-06-19 15:28:13,422] {scheduler_job.py:190} INFO - Processing /opt/airflow/dags/etl_dag.py took 0.713 seconds
[2023-06-19 15:28:44,143] {scheduler_job.py:182} INFO - Started process (PID=67) to work on /opt/airflow/dags/etl_dag.py
[2023-06-19 15:28:44,152] {scheduler_job.py:629} INFO - Processing file /opt/airflow/dags/etl_dag.py for tasks to queue
[2023-06-19 15:28:44,156] {logging_mixin.py:104} INFO - [2023-06-19 15:28:44,155] {dagbag.py:448} INFO - Filling up the DagBag from /opt/airflow/dags/etl_dag.py
[2023-06-19 15:28:44,439] {logging_mixin.py:104} INFO - [2023-06-19 15:28:44,433] {dagbag.py:305} ERROR - Failed to import: /opt/airflow/dags/etl_dag.py
Traceback (most recent call last):
  File "/home/airflow/.local/lib/python3.6/site-packages/airflow/models/dagbag.py", line 302, in _load_modules_from_file
    loader.exec_module(new_module)
  File "<frozen importlib._bootstrap_external>", line 678, in exec_module
  File "<frozen importlib._bootstrap>", line 219, in _call_with_frames_removed
  File "/opt/airflow/dags/etl_dag.py", line 9, in <module>
    from lambda_handler import *
  File "/opt/airflow/dags/lambda_handler.py", line 38
    # result = transform_load(file_name_read = f'raw/{file_name}')
                                                                 ^
SyntaxError: unexpected EOF while parsing
[2023-06-19 15:28:44,442] {scheduler_job.py:641} WARNING - No viable dags retrieved from /opt/airflow/dags/etl_dag.py
[2023-06-19 15:28:44,482] {scheduler_job.py:190} INFO - Processing /opt/airflow/dags/etl_dag.py took 0.355 seconds
[2023-06-19 15:29:14,847] {scheduler_job.py:182} INFO - Started process (PID=69) to work on /opt/airflow/dags/etl_dag.py
[2023-06-19 15:29:14,852] {scheduler_job.py:629} INFO - Processing file /opt/airflow/dags/etl_dag.py for tasks to queue
[2023-06-19 15:29:14,854] {logging_mixin.py:104} INFO - [2023-06-19 15:29:14,854] {dagbag.py:448} INFO - Filling up the DagBag from /opt/airflow/dags/etl_dag.py
[2023-06-19 15:29:15,246] {logging_mixin.py:104} INFO - [2023-06-19 15:29:15,246] {credentials.py:1210} INFO - Found credentials in shared credentials file: /usr/local/airflow/.aws/credentials
[2023-06-19 15:29:15,782] {scheduler_job.py:639} INFO - DAG(s) dict_keys(['etl_dag']) retrieved from /opt/airflow/dags/etl_dag.py
[2023-06-19 15:29:15,879] {logging_mixin.py:104} INFO - [2023-06-19 15:29:15,879] {dag.py:1818} INFO - Sync 1 DAGs
[2023-06-19 15:29:15,928] {logging_mixin.py:104} INFO - [2023-06-19 15:29:15,928] {dag.py:2273} INFO - Setting next_dagrun for etl_dag to None
[2023-06-19 15:29:15,950] {scheduler_job.py:190} INFO - Processing /opt/airflow/dags/etl_dag.py took 1.117 seconds
[2023-06-19 15:29:46,477] {scheduler_job.py:182} INFO - Started process (PID=71) to work on /opt/airflow/dags/etl_dag.py
[2023-06-19 15:29:46,482] {scheduler_job.py:629} INFO - Processing file /opt/airflow/dags/etl_dag.py for tasks to queue
[2023-06-19 15:29:46,485] {logging_mixin.py:104} INFO - [2023-06-19 15:29:46,484] {dagbag.py:448} INFO - Filling up the DagBag from /opt/airflow/dags/etl_dag.py
[2023-06-19 15:29:46,869] {logging_mixin.py:104} INFO - [2023-06-19 15:29:46,869] {credentials.py:1210} INFO - Found credentials in shared credentials file: /usr/local/airflow/.aws/credentials
[2023-06-19 15:29:47,337] {scheduler_job.py:639} INFO - DAG(s) dict_keys(['etl_dag']) retrieved from /opt/airflow/dags/etl_dag.py
[2023-06-19 15:29:47,395] {logging_mixin.py:104} INFO - [2023-06-19 15:29:47,395] {dag.py:1818} INFO - Sync 1 DAGs
[2023-06-19 15:29:47,447] {logging_mixin.py:104} INFO - [2023-06-19 15:29:47,447] {dag.py:2273} INFO - Setting next_dagrun for etl_dag to None
[2023-06-19 15:29:47,473] {scheduler_job.py:190} INFO - Processing /opt/airflow/dags/etl_dag.py took 1.012 seconds
[2023-06-19 15:30:17,998] {scheduler_job.py:182} INFO - Started process (PID=73) to work on /opt/airflow/dags/etl_dag.py
[2023-06-19 15:30:18,003] {scheduler_job.py:629} INFO - Processing file /opt/airflow/dags/etl_dag.py for tasks to queue
[2023-06-19 15:30:18,006] {logging_mixin.py:104} INFO - [2023-06-19 15:30:18,006] {dagbag.py:448} INFO - Filling up the DagBag from /opt/airflow/dags/etl_dag.py
[2023-06-19 15:30:18,535] {logging_mixin.py:104} INFO - [2023-06-19 15:30:18,534] {credentials.py:1210} INFO - Found credentials in shared credentials file: /usr/local/airflow/.aws/credentials
[2023-06-19 15:30:19,227] {scheduler_job.py:639} INFO - DAG(s) dict_keys(['etl_dag']) retrieved from /opt/airflow/dags/etl_dag.py
[2023-06-19 15:30:19,301] {logging_mixin.py:104} INFO - [2023-06-19 15:30:19,301] {dag.py:1818} INFO - Sync 1 DAGs
[2023-06-19 15:30:19,352] {logging_mixin.py:104} INFO - [2023-06-19 15:30:19,352] {dag.py:2273} INFO - Setting next_dagrun for etl_dag to None
[2023-06-19 15:30:19,375] {scheduler_job.py:190} INFO - Processing /opt/airflow/dags/etl_dag.py took 1.389 seconds
[2023-06-19 15:30:49,748] {scheduler_job.py:182} INFO - Started process (PID=75) to work on /opt/airflow/dags/etl_dag.py
[2023-06-19 15:30:49,754] {scheduler_job.py:629} INFO - Processing file /opt/airflow/dags/etl_dag.py for tasks to queue
[2023-06-19 15:30:49,758] {logging_mixin.py:104} INFO - [2023-06-19 15:30:49,757] {dagbag.py:448} INFO - Filling up the DagBag from /opt/airflow/dags/etl_dag.py
[2023-06-19 15:30:50,204] {logging_mixin.py:104} INFO - [2023-06-19 15:30:50,203] {credentials.py:1210} INFO - Found credentials in shared credentials file: /usr/local/airflow/.aws/credentials
[2023-06-19 15:30:50,702] {scheduler_job.py:639} INFO - DAG(s) dict_keys(['etl_dag']) retrieved from /opt/airflow/dags/etl_dag.py
[2023-06-19 15:30:50,762] {logging_mixin.py:104} INFO - [2023-06-19 15:30:50,761] {dag.py:1818} INFO - Sync 1 DAGs
[2023-06-19 15:30:50,809] {logging_mixin.py:104} INFO - [2023-06-19 15:30:50,809] {dag.py:2273} INFO - Setting next_dagrun for etl_dag to None
[2023-06-19 15:30:50,824] {scheduler_job.py:190} INFO - Processing /opt/airflow/dags/etl_dag.py took 1.097 seconds
[2023-06-19 15:31:21,327] {scheduler_job.py:182} INFO - Started process (PID=77) to work on /opt/airflow/dags/etl_dag.py
[2023-06-19 15:31:21,332] {scheduler_job.py:629} INFO - Processing file /opt/airflow/dags/etl_dag.py for tasks to queue
[2023-06-19 15:31:21,336] {logging_mixin.py:104} INFO - [2023-06-19 15:31:21,335] {dagbag.py:448} INFO - Filling up the DagBag from /opt/airflow/dags/etl_dag.py
[2023-06-19 15:31:21,739] {logging_mixin.py:104} INFO - [2023-06-19 15:31:21,739] {credentials.py:1210} INFO - Found credentials in shared credentials file: /usr/local/airflow/.aws/credentials
[2023-06-19 15:31:22,194] {scheduler_job.py:639} INFO - DAG(s) dict_keys(['etl_dag']) retrieved from /opt/airflow/dags/etl_dag.py
[2023-06-19 15:31:22,252] {logging_mixin.py:104} INFO - [2023-06-19 15:31:22,252] {dag.py:1818} INFO - Sync 1 DAGs
[2023-06-19 15:31:22,309] {logging_mixin.py:104} INFO - [2023-06-19 15:31:22,308] {dag.py:2273} INFO - Setting next_dagrun for etl_dag to None
[2023-06-19 15:31:22,324] {scheduler_job.py:190} INFO - Processing /opt/airflow/dags/etl_dag.py took 1.014 seconds
[2023-06-19 15:31:52,919] {scheduler_job.py:182} INFO - Started process (PID=79) to work on /opt/airflow/dags/etl_dag.py
[2023-06-19 15:31:52,924] {scheduler_job.py:629} INFO - Processing file /opt/airflow/dags/etl_dag.py for tasks to queue
[2023-06-19 15:31:52,927] {logging_mixin.py:104} INFO - [2023-06-19 15:31:52,927] {dagbag.py:448} INFO - Filling up the DagBag from /opt/airflow/dags/etl_dag.py
[2023-06-19 15:31:53,390] {logging_mixin.py:104} INFO - [2023-06-19 15:31:53,390] {credentials.py:1210} INFO - Found credentials in shared credentials file: /usr/local/airflow/.aws/credentials
[2023-06-19 15:31:53,882] {scheduler_job.py:639} INFO - DAG(s) dict_keys(['etl_dag']) retrieved from /opt/airflow/dags/etl_dag.py
[2023-06-19 15:31:53,963] {logging_mixin.py:104} INFO - [2023-06-19 15:31:53,963] {dag.py:1818} INFO - Sync 1 DAGs
[2023-06-19 15:31:54,005] {logging_mixin.py:104} INFO - [2023-06-19 15:31:54,004] {dag.py:2273} INFO - Setting next_dagrun for etl_dag to None
[2023-06-19 15:31:54,037] {scheduler_job.py:190} INFO - Processing /opt/airflow/dags/etl_dag.py took 1.133 seconds
[2023-06-19 15:32:36,644] {scheduler_job.py:182} INFO - Started process (PID=46) to work on /opt/airflow/dags/etl_dag.py
[2023-06-19 15:32:36,648] {scheduler_job.py:629} INFO - Processing file /opt/airflow/dags/etl_dag.py for tasks to queue
[2023-06-19 15:32:36,661] {logging_mixin.py:104} INFO - [2023-06-19 15:32:36,661] {dagbag.py:448} INFO - Filling up the DagBag from /opt/airflow/dags/etl_dag.py
[2023-06-19 15:32:37,287] {logging_mixin.py:104} INFO - [2023-06-19 15:32:37,286] {credentials.py:1210} INFO - Found credentials in shared credentials file: /usr/local/airflow/.aws/credentials
[2023-06-19 15:32:38,134] {scheduler_job.py:639} INFO - DAG(s) dict_keys(['etl_dag']) retrieved from /opt/airflow/dags/etl_dag.py
[2023-06-19 15:32:38,255] {logging_mixin.py:104} INFO - [2023-06-19 15:32:38,254] {dag.py:1818} INFO - Sync 1 DAGs
[2023-06-19 15:32:38,315] {logging_mixin.py:104} INFO - [2023-06-19 15:32:38,314] {dag.py:2273} INFO - Setting next_dagrun for etl_dag to None
[2023-06-19 15:32:38,353] {scheduler_job.py:190} INFO - Processing /opt/airflow/dags/etl_dag.py took 1.718 seconds
[2023-06-19 15:33:08,543] {scheduler_job.py:182} INFO - Started process (PID=48) to work on /opt/airflow/dags/etl_dag.py
[2023-06-19 15:33:08,550] {scheduler_job.py:629} INFO - Processing file /opt/airflow/dags/etl_dag.py for tasks to queue
[2023-06-19 15:33:08,553] {logging_mixin.py:104} INFO - [2023-06-19 15:33:08,553] {dagbag.py:448} INFO - Filling up the DagBag from /opt/airflow/dags/etl_dag.py
[2023-06-19 15:33:09,140] {logging_mixin.py:104} INFO - [2023-06-19 15:33:09,139] {credentials.py:1210} INFO - Found credentials in shared credentials file: /usr/local/airflow/.aws/credentials
[2023-06-19 15:33:09,869] {scheduler_job.py:639} INFO - DAG(s) dict_keys(['etl_dag']) retrieved from /opt/airflow/dags/etl_dag.py
[2023-06-19 15:33:09,971] {logging_mixin.py:104} INFO - [2023-06-19 15:33:09,971] {dag.py:1818} INFO - Sync 1 DAGs
[2023-06-19 15:33:10,030] {logging_mixin.py:104} INFO - [2023-06-19 15:33:10,029] {dag.py:2273} INFO - Setting next_dagrun for etl_dag to None
[2023-06-19 15:33:10,082] {scheduler_job.py:190} INFO - Processing /opt/airflow/dags/etl_dag.py took 1.553 seconds
[2023-06-19 15:33:40,423] {scheduler_job.py:182} INFO - Started process (PID=50) to work on /opt/airflow/dags/etl_dag.py
[2023-06-19 15:33:40,433] {scheduler_job.py:629} INFO - Processing file /opt/airflow/dags/etl_dag.py for tasks to queue
[2023-06-19 15:33:40,444] {logging_mixin.py:104} INFO - [2023-06-19 15:33:40,444] {dagbag.py:448} INFO - Filling up the DagBag from /opt/airflow/dags/etl_dag.py
[2023-06-19 15:33:41,224] {logging_mixin.py:104} INFO - [2023-06-19 15:33:41,223] {credentials.py:1210} INFO - Found credentials in shared credentials file: /usr/local/airflow/.aws/credentials
[2023-06-19 15:33:41,886] {scheduler_job.py:639} INFO - DAG(s) dict_keys(['etl_dag']) retrieved from /opt/airflow/dags/etl_dag.py
[2023-06-19 15:33:42,036] {logging_mixin.py:104} INFO - [2023-06-19 15:33:42,036] {dag.py:1818} INFO - Sync 1 DAGs
[2023-06-19 15:33:42,108] {logging_mixin.py:104} INFO - [2023-06-19 15:33:42,108] {dag.py:2273} INFO - Setting next_dagrun for etl_dag to None
[2023-06-19 15:33:42,150] {scheduler_job.py:190} INFO - Processing /opt/airflow/dags/etl_dag.py took 1.771 seconds
[2023-06-19 15:34:12,727] {scheduler_job.py:182} INFO - Started process (PID=52) to work on /opt/airflow/dags/etl_dag.py
[2023-06-19 15:34:12,750] {scheduler_job.py:629} INFO - Processing file /opt/airflow/dags/etl_dag.py for tasks to queue
[2023-06-19 15:34:12,758] {logging_mixin.py:104} INFO - [2023-06-19 15:34:12,757] {dagbag.py:448} INFO - Filling up the DagBag from /opt/airflow/dags/etl_dag.py
[2023-06-19 15:34:14,336] {logging_mixin.py:104} INFO - [2023-06-19 15:34:14,324] {credentials.py:1210} INFO - Found credentials in shared credentials file: /usr/local/airflow/.aws/credentials
[2023-06-19 15:34:15,284] {scheduler_job.py:639} INFO - DAG(s) dict_keys(['etl_dag']) retrieved from /opt/airflow/dags/etl_dag.py
[2023-06-19 15:34:15,396] {logging_mixin.py:104} INFO - [2023-06-19 15:34:15,395] {dag.py:1818} INFO - Sync 1 DAGs
[2023-06-19 15:34:15,487] {logging_mixin.py:104} INFO - [2023-06-19 15:34:15,486] {dag.py:2273} INFO - Setting next_dagrun for etl_dag to None
[2023-06-19 15:34:15,547] {scheduler_job.py:190} INFO - Processing /opt/airflow/dags/etl_dag.py took 2.841 seconds
[2023-06-19 15:34:46,183] {scheduler_job.py:182} INFO - Started process (PID=54) to work on /opt/airflow/dags/etl_dag.py
[2023-06-19 15:34:46,190] {scheduler_job.py:629} INFO - Processing file /opt/airflow/dags/etl_dag.py for tasks to queue
[2023-06-19 15:34:46,196] {logging_mixin.py:104} INFO - [2023-06-19 15:34:46,195] {dagbag.py:448} INFO - Filling up the DagBag from /opt/airflow/dags/etl_dag.py
[2023-06-19 15:34:46,703] {logging_mixin.py:104} INFO - [2023-06-19 15:34:46,703] {credentials.py:1210} INFO - Found credentials in shared credentials file: /usr/local/airflow/.aws/credentials
[2023-06-19 15:34:47,282] {scheduler_job.py:639} INFO - DAG(s) dict_keys(['etl_dag']) retrieved from /opt/airflow/dags/etl_dag.py
[2023-06-19 15:34:47,361] {logging_mixin.py:104} INFO - [2023-06-19 15:34:47,361] {dag.py:1818} INFO - Sync 1 DAGs
[2023-06-19 15:34:47,423] {logging_mixin.py:104} INFO - [2023-06-19 15:34:47,422] {dag.py:2273} INFO - Setting next_dagrun for etl_dag to None
[2023-06-19 15:34:47,532] {scheduler_job.py:190} INFO - Processing /opt/airflow/dags/etl_dag.py took 1.381 seconds
[2023-06-19 15:35:17,752] {scheduler_job.py:182} INFO - Started process (PID=56) to work on /opt/airflow/dags/etl_dag.py
[2023-06-19 15:35:17,757] {scheduler_job.py:629} INFO - Processing file /opt/airflow/dags/etl_dag.py for tasks to queue
[2023-06-19 15:35:17,760] {logging_mixin.py:104} INFO - [2023-06-19 15:35:17,760] {dagbag.py:448} INFO - Filling up the DagBag from /opt/airflow/dags/etl_dag.py
[2023-06-19 15:35:18,189] {logging_mixin.py:104} INFO - [2023-06-19 15:35:18,188] {credentials.py:1210} INFO - Found credentials in shared credentials file: /usr/local/airflow/.aws/credentials
[2023-06-19 15:35:18,685] {scheduler_job.py:639} INFO - DAG(s) dict_keys(['etl_dag']) retrieved from /opt/airflow/dags/etl_dag.py
[2023-06-19 15:35:18,762] {logging_mixin.py:104} INFO - [2023-06-19 15:35:18,761] {dag.py:1818} INFO - Sync 1 DAGs
[2023-06-19 15:35:18,811] {logging_mixin.py:104} INFO - [2023-06-19 15:35:18,811] {dag.py:2273} INFO - Setting next_dagrun for etl_dag to None
[2023-06-19 15:35:18,831] {scheduler_job.py:190} INFO - Processing /opt/airflow/dags/etl_dag.py took 1.092 seconds
[2023-06-19 15:35:49,473] {scheduler_job.py:182} INFO - Started process (PID=58) to work on /opt/airflow/dags/etl_dag.py
[2023-06-19 15:35:49,479] {scheduler_job.py:629} INFO - Processing file /opt/airflow/dags/etl_dag.py for tasks to queue
[2023-06-19 15:35:49,486] {logging_mixin.py:104} INFO - [2023-06-19 15:35:49,484] {dagbag.py:448} INFO - Filling up the DagBag from /opt/airflow/dags/etl_dag.py
[2023-06-19 15:35:49,952] {logging_mixin.py:104} INFO - [2023-06-19 15:35:49,951] {credentials.py:1210} INFO - Found credentials in shared credentials file: /usr/local/airflow/.aws/credentials
[2023-06-19 15:35:50,427] {scheduler_job.py:639} INFO - DAG(s) dict_keys(['etl_dag']) retrieved from /opt/airflow/dags/etl_dag.py
[2023-06-19 15:35:50,481] {logging_mixin.py:104} INFO - [2023-06-19 15:35:50,480] {dag.py:1818} INFO - Sync 1 DAGs
[2023-06-19 15:35:50,532] {logging_mixin.py:104} INFO - [2023-06-19 15:35:50,532] {dag.py:2273} INFO - Setting next_dagrun for etl_dag to None
[2023-06-19 15:35:50,549] {scheduler_job.py:190} INFO - Processing /opt/airflow/dags/etl_dag.py took 1.100 seconds
[2023-06-19 15:36:21,086] {scheduler_job.py:182} INFO - Started process (PID=60) to work on /opt/airflow/dags/etl_dag.py
[2023-06-19 15:36:21,089] {scheduler_job.py:629} INFO - Processing file /opt/airflow/dags/etl_dag.py for tasks to queue
[2023-06-19 15:36:21,091] {logging_mixin.py:104} INFO - [2023-06-19 15:36:21,091] {dagbag.py:448} INFO - Filling up the DagBag from /opt/airflow/dags/etl_dag.py
[2023-06-19 15:36:21,489] {logging_mixin.py:104} INFO - [2023-06-19 15:36:21,489] {credentials.py:1210} INFO - Found credentials in shared credentials file: /usr/local/airflow/.aws/credentials
[2023-06-19 15:36:21,963] {scheduler_job.py:639} INFO - DAG(s) dict_keys(['etl_dag']) retrieved from /opt/airflow/dags/etl_dag.py
[2023-06-19 15:36:22,020] {logging_mixin.py:104} INFO - [2023-06-19 15:36:22,019] {dag.py:1818} INFO - Sync 1 DAGs
[2023-06-19 15:36:22,059] {logging_mixin.py:104} INFO - [2023-06-19 15:36:22,058] {dag.py:2273} INFO - Setting next_dagrun for etl_dag to None
[2023-06-19 15:36:22,081] {scheduler_job.py:190} INFO - Processing /opt/airflow/dags/etl_dag.py took 1.002 seconds
[2023-06-19 15:36:52,723] {scheduler_job.py:182} INFO - Started process (PID=62) to work on /opt/airflow/dags/etl_dag.py
[2023-06-19 15:36:52,733] {scheduler_job.py:629} INFO - Processing file /opt/airflow/dags/etl_dag.py for tasks to queue
[2023-06-19 15:36:52,736] {logging_mixin.py:104} INFO - [2023-06-19 15:36:52,736] {dagbag.py:448} INFO - Filling up the DagBag from /opt/airflow/dags/etl_dag.py
[2023-06-19 15:36:53,133] {logging_mixin.py:104} INFO - [2023-06-19 15:36:53,133] {credentials.py:1210} INFO - Found credentials in shared credentials file: /usr/local/airflow/.aws/credentials
[2023-06-19 15:36:53,633] {scheduler_job.py:639} INFO - DAG(s) dict_keys(['etl_dag']) retrieved from /opt/airflow/dags/etl_dag.py
[2023-06-19 15:36:53,700] {logging_mixin.py:104} INFO - [2023-06-19 15:36:53,700] {dag.py:1818} INFO - Sync 1 DAGs
[2023-06-19 15:36:53,743] {logging_mixin.py:104} INFO - [2023-06-19 15:36:53,743] {dag.py:2273} INFO - Setting next_dagrun for etl_dag to None
[2023-06-19 15:36:53,764] {scheduler_job.py:190} INFO - Processing /opt/airflow/dags/etl_dag.py took 1.054 seconds
[2023-06-19 15:37:24,184] {scheduler_job.py:182} INFO - Started process (PID=64) to work on /opt/airflow/dags/etl_dag.py
[2023-06-19 15:37:24,188] {scheduler_job.py:629} INFO - Processing file /opt/airflow/dags/etl_dag.py for tasks to queue
[2023-06-19 15:37:24,190] {logging_mixin.py:104} INFO - [2023-06-19 15:37:24,190] {dagbag.py:448} INFO - Filling up the DagBag from /opt/airflow/dags/etl_dag.py
[2023-06-19 15:37:24,586] {logging_mixin.py:104} INFO - [2023-06-19 15:37:24,586] {credentials.py:1210} INFO - Found credentials in shared credentials file: /usr/local/airflow/.aws/credentials
[2023-06-19 15:37:25,057] {scheduler_job.py:639} INFO - DAG(s) dict_keys(['etl_dag']) retrieved from /opt/airflow/dags/etl_dag.py
[2023-06-19 15:37:25,117] {logging_mixin.py:104} INFO - [2023-06-19 15:37:25,117] {dag.py:1818} INFO - Sync 1 DAGs
[2023-06-19 15:37:25,175] {logging_mixin.py:104} INFO - [2023-06-19 15:37:25,174] {dag.py:2273} INFO - Setting next_dagrun for etl_dag to None
[2023-06-19 15:37:25,198] {scheduler_job.py:190} INFO - Processing /opt/airflow/dags/etl_dag.py took 1.021 seconds
[2023-06-19 15:37:55,672] {scheduler_job.py:182} INFO - Started process (PID=66) to work on /opt/airflow/dags/etl_dag.py
[2023-06-19 15:37:55,677] {scheduler_job.py:629} INFO - Processing file /opt/airflow/dags/etl_dag.py for tasks to queue
[2023-06-19 15:37:55,680] {logging_mixin.py:104} INFO - [2023-06-19 15:37:55,679] {dagbag.py:448} INFO - Filling up the DagBag from /opt/airflow/dags/etl_dag.py
[2023-06-19 15:37:56,102] {logging_mixin.py:104} INFO - [2023-06-19 15:37:56,101] {credentials.py:1210} INFO - Found credentials in shared credentials file: /usr/local/airflow/.aws/credentials
[2023-06-19 15:37:56,617] {scheduler_job.py:639} INFO - DAG(s) dict_keys(['etl_dag']) retrieved from /opt/airflow/dags/etl_dag.py
[2023-06-19 15:37:56,679] {logging_mixin.py:104} INFO - [2023-06-19 15:37:56,679] {dag.py:1818} INFO - Sync 1 DAGs
[2023-06-19 15:37:56,725] {logging_mixin.py:104} INFO - [2023-06-19 15:37:56,725] {dag.py:2273} INFO - Setting next_dagrun for etl_dag to None
[2023-06-19 15:37:56,745] {scheduler_job.py:190} INFO - Processing /opt/airflow/dags/etl_dag.py took 1.083 seconds
[2023-06-19 15:38:27,290] {scheduler_job.py:182} INFO - Started process (PID=68) to work on /opt/airflow/dags/etl_dag.py
[2023-06-19 15:38:27,295] {scheduler_job.py:629} INFO - Processing file /opt/airflow/dags/etl_dag.py for tasks to queue
[2023-06-19 15:38:27,300] {logging_mixin.py:104} INFO - [2023-06-19 15:38:27,299] {dagbag.py:448} INFO - Filling up the DagBag from /opt/airflow/dags/etl_dag.py
[2023-06-19 15:38:27,699] {logging_mixin.py:104} INFO - [2023-06-19 15:38:27,698] {credentials.py:1210} INFO - Found credentials in shared credentials file: /usr/local/airflow/.aws/credentials
[2023-06-19 15:38:28,187] {scheduler_job.py:639} INFO - DAG(s) dict_keys(['etl_dag']) retrieved from /opt/airflow/dags/etl_dag.py
[2023-06-19 15:38:28,238] {logging_mixin.py:104} INFO - [2023-06-19 15:38:28,238] {dag.py:1818} INFO - Sync 1 DAGs
[2023-06-19 15:38:28,284] {logging_mixin.py:104} INFO - [2023-06-19 15:38:28,283] {dag.py:2273} INFO - Setting next_dagrun for etl_dag to None
[2023-06-19 15:38:28,299] {scheduler_job.py:190} INFO - Processing /opt/airflow/dags/etl_dag.py took 1.022 seconds
[2023-06-19 15:38:58,900] {scheduler_job.py:182} INFO - Started process (PID=70) to work on /opt/airflow/dags/etl_dag.py
[2023-06-19 15:38:58,915] {scheduler_job.py:629} INFO - Processing file /opt/airflow/dags/etl_dag.py for tasks to queue
[2023-06-19 15:38:58,921] {logging_mixin.py:104} INFO - [2023-06-19 15:38:58,920] {dagbag.py:448} INFO - Filling up the DagBag from /opt/airflow/dags/etl_dag.py
[2023-06-19 15:38:59,320] {logging_mixin.py:104} INFO - [2023-06-19 15:38:59,320] {credentials.py:1210} INFO - Found credentials in shared credentials file: /usr/local/airflow/.aws/credentials
[2023-06-19 15:38:59,795] {scheduler_job.py:639} INFO - DAG(s) dict_keys(['etl_dag']) retrieved from /opt/airflow/dags/etl_dag.py
[2023-06-19 15:38:59,854] {logging_mixin.py:104} INFO - [2023-06-19 15:38:59,854] {dag.py:1818} INFO - Sync 1 DAGs
[2023-06-19 15:38:59,898] {logging_mixin.py:104} INFO - [2023-06-19 15:38:59,897] {dag.py:2273} INFO - Setting next_dagrun for etl_dag to None
[2023-06-19 15:38:59,913] {scheduler_job.py:190} INFO - Processing /opt/airflow/dags/etl_dag.py took 1.027 seconds
[2023-06-19 15:39:30,539] {scheduler_job.py:182} INFO - Started process (PID=72) to work on /opt/airflow/dags/etl_dag.py
[2023-06-19 15:39:30,551] {scheduler_job.py:629} INFO - Processing file /opt/airflow/dags/etl_dag.py for tasks to queue
[2023-06-19 15:39:30,556] {logging_mixin.py:104} INFO - [2023-06-19 15:39:30,555] {dagbag.py:448} INFO - Filling up the DagBag from /opt/airflow/dags/etl_dag.py
[2023-06-19 15:39:30,949] {logging_mixin.py:104} INFO - [2023-06-19 15:39:30,949] {credentials.py:1210} INFO - Found credentials in shared credentials file: /usr/local/airflow/.aws/credentials
[2023-06-19 15:39:31,436] {scheduler_job.py:639} INFO - DAG(s) dict_keys(['etl_dag']) retrieved from /opt/airflow/dags/etl_dag.py
[2023-06-19 15:39:31,493] {logging_mixin.py:104} INFO - [2023-06-19 15:39:31,492] {dag.py:1818} INFO - Sync 1 DAGs
[2023-06-19 15:39:31,545] {logging_mixin.py:104} INFO - [2023-06-19 15:39:31,545] {dag.py:2273} INFO - Setting next_dagrun for etl_dag to None
[2023-06-19 15:39:31,565] {scheduler_job.py:190} INFO - Processing /opt/airflow/dags/etl_dag.py took 1.044 seconds
[2023-06-19 15:40:02,079] {scheduler_job.py:182} INFO - Started process (PID=74) to work on /opt/airflow/dags/etl_dag.py
[2023-06-19 15:40:02,090] {scheduler_job.py:629} INFO - Processing file /opt/airflow/dags/etl_dag.py for tasks to queue
[2023-06-19 15:40:02,094] {logging_mixin.py:104} INFO - [2023-06-19 15:40:02,094] {dagbag.py:448} INFO - Filling up the DagBag from /opt/airflow/dags/etl_dag.py
[2023-06-19 15:40:02,518] {logging_mixin.py:104} INFO - [2023-06-19 15:40:02,517] {credentials.py:1210} INFO - Found credentials in shared credentials file: /usr/local/airflow/.aws/credentials
[2023-06-19 15:40:03,014] {scheduler_job.py:639} INFO - DAG(s) dict_keys(['etl_dag']) retrieved from /opt/airflow/dags/etl_dag.py
[2023-06-19 15:40:03,131] {logging_mixin.py:104} INFO - [2023-06-19 15:40:03,131] {dag.py:1818} INFO - Sync 1 DAGs
[2023-06-19 15:40:03,187] {logging_mixin.py:104} INFO - [2023-06-19 15:40:03,186] {dag.py:2273} INFO - Setting next_dagrun for etl_dag to None
[2023-06-19 15:40:03,238] {scheduler_job.py:190} INFO - Processing /opt/airflow/dags/etl_dag.py took 1.173 seconds
[2023-06-19 15:40:33,628] {scheduler_job.py:182} INFO - Started process (PID=76) to work on /opt/airflow/dags/etl_dag.py
[2023-06-19 15:40:33,633] {scheduler_job.py:629} INFO - Processing file /opt/airflow/dags/etl_dag.py for tasks to queue
[2023-06-19 15:40:33,635] {logging_mixin.py:104} INFO - [2023-06-19 15:40:33,635] {dagbag.py:448} INFO - Filling up the DagBag from /opt/airflow/dags/etl_dag.py
[2023-06-19 15:40:34,185] {logging_mixin.py:104} INFO - [2023-06-19 15:40:34,185] {credentials.py:1210} INFO - Found credentials in shared credentials file: /usr/local/airflow/.aws/credentials
[2023-06-19 15:40:34,713] {scheduler_job.py:639} INFO - DAG(s) dict_keys(['etl_dag']) retrieved from /opt/airflow/dags/etl_dag.py
[2023-06-19 15:40:34,788] {logging_mixin.py:104} INFO - [2023-06-19 15:40:34,787] {dag.py:1818} INFO - Sync 1 DAGs
[2023-06-19 15:40:34,830] {logging_mixin.py:104} INFO - [2023-06-19 15:40:34,829] {dag.py:2273} INFO - Setting next_dagrun for etl_dag to None
[2023-06-19 15:40:34,854] {scheduler_job.py:190} INFO - Processing /opt/airflow/dags/etl_dag.py took 1.241 seconds
[2023-06-19 15:41:05,263] {scheduler_job.py:182} INFO - Started process (PID=78) to work on /opt/airflow/dags/etl_dag.py
[2023-06-19 15:41:05,274] {scheduler_job.py:629} INFO - Processing file /opt/airflow/dags/etl_dag.py for tasks to queue
[2023-06-19 15:41:05,279] {logging_mixin.py:104} INFO - [2023-06-19 15:41:05,278] {dagbag.py:448} INFO - Filling up the DagBag from /opt/airflow/dags/etl_dag.py
[2023-06-19 15:41:05,713] {logging_mixin.py:104} INFO - [2023-06-19 15:41:05,708] {credentials.py:1210} INFO - Found credentials in shared credentials file: /usr/local/airflow/.aws/credentials
[2023-06-19 15:41:06,196] {scheduler_job.py:639} INFO - DAG(s) dict_keys(['etl_dag']) retrieved from /opt/airflow/dags/etl_dag.py
[2023-06-19 15:41:06,266] {logging_mixin.py:104} INFO - [2023-06-19 15:41:06,265] {dag.py:1818} INFO - Sync 1 DAGs
[2023-06-19 15:41:06,319] {logging_mixin.py:104} INFO - [2023-06-19 15:41:06,318] {dag.py:2273} INFO - Setting next_dagrun for etl_dag to None
[2023-06-19 15:41:06,354] {scheduler_job.py:190} INFO - Processing /opt/airflow/dags/etl_dag.py took 1.102 seconds
[2023-06-19 15:41:36,902] {scheduler_job.py:182} INFO - Started process (PID=80) to work on /opt/airflow/dags/etl_dag.py
[2023-06-19 15:41:36,905] {scheduler_job.py:629} INFO - Processing file /opt/airflow/dags/etl_dag.py for tasks to queue
[2023-06-19 15:41:36,907] {logging_mixin.py:104} INFO - [2023-06-19 15:41:36,907] {dagbag.py:448} INFO - Filling up the DagBag from /opt/airflow/dags/etl_dag.py
[2023-06-19 15:41:37,421] {logging_mixin.py:104} INFO - [2023-06-19 15:41:37,421] {credentials.py:1210} INFO - Found credentials in shared credentials file: /usr/local/airflow/.aws/credentials
[2023-06-19 15:41:37,898] {scheduler_job.py:639} INFO - DAG(s) dict_keys(['etl_dag']) retrieved from /opt/airflow/dags/etl_dag.py
[2023-06-19 15:41:37,964] {logging_mixin.py:104} INFO - [2023-06-19 15:41:37,964] {dag.py:1818} INFO - Sync 1 DAGs
[2023-06-19 15:41:38,032] {logging_mixin.py:104} INFO - [2023-06-19 15:41:38,031] {dag.py:2273} INFO - Setting next_dagrun for etl_dag to None
[2023-06-19 15:41:38,062] {scheduler_job.py:190} INFO - Processing /opt/airflow/dags/etl_dag.py took 1.168 seconds
[2023-06-19 15:42:08,338] {scheduler_job.py:182} INFO - Started process (PID=82) to work on /opt/airflow/dags/etl_dag.py
[2023-06-19 15:42:08,343] {scheduler_job.py:629} INFO - Processing file /opt/airflow/dags/etl_dag.py for tasks to queue
[2023-06-19 15:42:08,348] {logging_mixin.py:104} INFO - [2023-06-19 15:42:08,347] {dagbag.py:448} INFO - Filling up the DagBag from /opt/airflow/dags/etl_dag.py
[2023-06-19 15:42:08,878] {logging_mixin.py:104} INFO - [2023-06-19 15:42:08,877] {credentials.py:1210} INFO - Found credentials in shared credentials file: /usr/local/airflow/.aws/credentials
[2023-06-19 15:42:09,504] {scheduler_job.py:639} INFO - DAG(s) dict_keys(['etl_dag']) retrieved from /opt/airflow/dags/etl_dag.py
[2023-06-19 15:42:09,610] {logging_mixin.py:104} INFO - [2023-06-19 15:42:09,609] {dag.py:1818} INFO - Sync 1 DAGs
[2023-06-19 15:42:09,693] {logging_mixin.py:104} INFO - [2023-06-19 15:42:09,692] {dag.py:2273} INFO - Setting next_dagrun for etl_dag to None
[2023-06-19 15:42:09,731] {scheduler_job.py:190} INFO - Processing /opt/airflow/dags/etl_dag.py took 1.404 seconds
[2023-06-19 15:42:40,103] {scheduler_job.py:182} INFO - Started process (PID=84) to work on /opt/airflow/dags/etl_dag.py
[2023-06-19 15:42:40,110] {scheduler_job.py:629} INFO - Processing file /opt/airflow/dags/etl_dag.py for tasks to queue
[2023-06-19 15:42:40,119] {logging_mixin.py:104} INFO - [2023-06-19 15:42:40,118] {dagbag.py:448} INFO - Filling up the DagBag from /opt/airflow/dags/etl_dag.py
[2023-06-19 15:42:40,589] {logging_mixin.py:104} INFO - [2023-06-19 15:42:40,589] {credentials.py:1210} INFO - Found credentials in shared credentials file: /usr/local/airflow/.aws/credentials
[2023-06-19 15:42:41,173] {scheduler_job.py:639} INFO - DAG(s) dict_keys(['etl_dag']) retrieved from /opt/airflow/dags/etl_dag.py
[2023-06-19 15:42:41,296] {logging_mixin.py:104} INFO - [2023-06-19 15:42:41,295] {dag.py:1818} INFO - Sync 1 DAGs
[2023-06-19 15:42:41,347] {logging_mixin.py:104} INFO - [2023-06-19 15:42:41,347] {dag.py:2273} INFO - Setting next_dagrun for etl_dag to None
[2023-06-19 15:42:41,372] {scheduler_job.py:190} INFO - Processing /opt/airflow/dags/etl_dag.py took 1.294 seconds
[2023-06-19 15:43:11,710] {scheduler_job.py:182} INFO - Started process (PID=86) to work on /opt/airflow/dags/etl_dag.py
[2023-06-19 15:43:11,716] {scheduler_job.py:629} INFO - Processing file /opt/airflow/dags/etl_dag.py for tasks to queue
[2023-06-19 15:43:11,720] {logging_mixin.py:104} INFO - [2023-06-19 15:43:11,719] {dagbag.py:448} INFO - Filling up the DagBag from /opt/airflow/dags/etl_dag.py
[2023-06-19 15:43:12,117] {logging_mixin.py:104} INFO - [2023-06-19 15:43:12,117] {credentials.py:1210} INFO - Found credentials in shared credentials file: /usr/local/airflow/.aws/credentials
[2023-06-19 15:43:12,617] {scheduler_job.py:639} INFO - DAG(s) dict_keys(['etl_dag']) retrieved from /opt/airflow/dags/etl_dag.py
[2023-06-19 15:43:12,686] {logging_mixin.py:104} INFO - [2023-06-19 15:43:12,686] {dag.py:1818} INFO - Sync 1 DAGs
[2023-06-19 15:43:12,729] {logging_mixin.py:104} INFO - [2023-06-19 15:43:12,729] {dag.py:2273} INFO - Setting next_dagrun for etl_dag to None
[2023-06-19 15:43:12,749] {scheduler_job.py:190} INFO - Processing /opt/airflow/dags/etl_dag.py took 1.053 seconds
[2023-06-19 15:43:43,355] {scheduler_job.py:182} INFO - Started process (PID=88) to work on /opt/airflow/dags/etl_dag.py
[2023-06-19 15:43:43,359] {scheduler_job.py:629} INFO - Processing file /opt/airflow/dags/etl_dag.py for tasks to queue
[2023-06-19 15:43:43,362] {logging_mixin.py:104} INFO - [2023-06-19 15:43:43,361] {dagbag.py:448} INFO - Filling up the DagBag from /opt/airflow/dags/etl_dag.py
[2023-06-19 15:43:43,760] {logging_mixin.py:104} INFO - [2023-06-19 15:43:43,760] {credentials.py:1210} INFO - Found credentials in shared credentials file: /usr/local/airflow/.aws/credentials
[2023-06-19 15:43:44,294] {scheduler_job.py:639} INFO - DAG(s) dict_keys(['etl_dag']) retrieved from /opt/airflow/dags/etl_dag.py
[2023-06-19 15:43:44,396] {logging_mixin.py:104} INFO - [2023-06-19 15:43:44,395] {dag.py:1818} INFO - Sync 1 DAGs
[2023-06-19 15:43:44,438] {logging_mixin.py:104} INFO - [2023-06-19 15:43:44,437] {dag.py:2273} INFO - Setting next_dagrun for etl_dag to None
[2023-06-19 15:43:44,467] {scheduler_job.py:190} INFO - Processing /opt/airflow/dags/etl_dag.py took 1.122 seconds
[2023-06-19 15:44:14,826] {scheduler_job.py:182} INFO - Started process (PID=90) to work on /opt/airflow/dags/etl_dag.py
[2023-06-19 15:44:14,830] {scheduler_job.py:629} INFO - Processing file /opt/airflow/dags/etl_dag.py for tasks to queue
[2023-06-19 15:44:14,833] {logging_mixin.py:104} INFO - [2023-06-19 15:44:14,832] {dagbag.py:448} INFO - Filling up the DagBag from /opt/airflow/dags/etl_dag.py
[2023-06-19 15:44:15,249] {logging_mixin.py:104} INFO - [2023-06-19 15:44:15,249] {credentials.py:1210} INFO - Found credentials in shared credentials file: /usr/local/airflow/.aws/credentials
[2023-06-19 15:44:15,766] {logging_mixin.py:104} INFO - [2023-06-19 15:44:15,754] {dagbag.py:305} ERROR - Failed to import: /opt/airflow/dags/etl_dag.py
Traceback (most recent call last):
  File "/home/airflow/.local/lib/python3.6/site-packages/airflow/models/dagbag.py", line 302, in _load_modules_from_file
    loader.exec_module(new_module)
  File "<frozen importlib._bootstrap_external>", line 678, in exec_module
  File "<frozen importlib._bootstrap>", line 219, in _call_with_frames_removed
  File "/opt/airflow/dags/etl_dag.py", line 45, in <module>
    dag = etl_dag(origin = "PHI", destination = "CHI", departure_date_str="2023-7-4")
  File "/home/airflow/.local/lib/python3.6/site-packages/airflow/models/dag.py", line 2297, in factory
    f_sig = signature(f).bind(*args, **kwargs)
  File "/usr/local/lib/python3.6/inspect.py", line 2997, in bind
    return args[0]._bind(args[1:], kwargs)
  File "/usr/local/lib/python3.6/inspect.py", line 2988, in _bind
    arg=next(iter(kwargs))))
TypeError: got an unexpected keyword argument 'origin'
[2023-06-19 15:44:15,769] {scheduler_job.py:641} WARNING - No viable dags retrieved from /opt/airflow/dags/etl_dag.py
[2023-06-19 15:44:15,820] {scheduler_job.py:190} INFO - Processing /opt/airflow/dags/etl_dag.py took 1.004 seconds
[2023-06-19 15:44:46,408] {scheduler_job.py:182} INFO - Started process (PID=92) to work on /opt/airflow/dags/etl_dag.py
[2023-06-19 15:44:46,415] {scheduler_job.py:629} INFO - Processing file /opt/airflow/dags/etl_dag.py for tasks to queue
[2023-06-19 15:44:46,418] {logging_mixin.py:104} INFO - [2023-06-19 15:44:46,417] {dagbag.py:448} INFO - Filling up the DagBag from /opt/airflow/dags/etl_dag.py
[2023-06-19 15:44:46,857] {logging_mixin.py:104} INFO - [2023-06-19 15:44:46,856] {credentials.py:1210} INFO - Found credentials in shared credentials file: /usr/local/airflow/.aws/credentials
[2023-06-19 15:44:47,315] {logging_mixin.py:104} INFO - [2023-06-19 15:44:47,304] {dagbag.py:305} ERROR - Failed to import: /opt/airflow/dags/etl_dag.py
Traceback (most recent call last):
  File "/home/airflow/.local/lib/python3.6/site-packages/airflow/models/dagbag.py", line 302, in _load_modules_from_file
    loader.exec_module(new_module)
  File "<frozen importlib._bootstrap_external>", line 678, in exec_module
  File "<frozen importlib._bootstrap>", line 219, in _call_with_frames_removed
  File "/opt/airflow/dags/etl_dag.py", line 45, in <module>
    dag = etl_dag(origin = "PHI", destination = "CHI", departure_date_str="2023-7-4")
  File "/home/airflow/.local/lib/python3.6/site-packages/airflow/models/dag.py", line 2297, in factory
    f_sig = signature(f).bind(*args, **kwargs)
  File "/usr/local/lib/python3.6/inspect.py", line 2997, in bind
    return args[0]._bind(args[1:], kwargs)
  File "/usr/local/lib/python3.6/inspect.py", line 2988, in _bind
    arg=next(iter(kwargs))))
TypeError: got an unexpected keyword argument 'origin'
[2023-06-19 15:44:47,318] {scheduler_job.py:641} WARNING - No viable dags retrieved from /opt/airflow/dags/etl_dag.py
[2023-06-19 15:44:47,365] {scheduler_job.py:190} INFO - Processing /opt/airflow/dags/etl_dag.py took 0.972 seconds
[2023-06-19 15:45:18,043] {scheduler_job.py:182} INFO - Started process (PID=94) to work on /opt/airflow/dags/etl_dag.py
[2023-06-19 15:45:18,049] {scheduler_job.py:629} INFO - Processing file /opt/airflow/dags/etl_dag.py for tasks to queue
[2023-06-19 15:45:18,052] {logging_mixin.py:104} INFO - [2023-06-19 15:45:18,052] {dagbag.py:448} INFO - Filling up the DagBag from /opt/airflow/dags/etl_dag.py
[2023-06-19 15:45:18,477] {logging_mixin.py:104} INFO - [2023-06-19 15:45:18,477] {credentials.py:1210} INFO - Found credentials in shared credentials file: /usr/local/airflow/.aws/credentials
[2023-06-19 15:45:18,922] {logging_mixin.py:104} INFO - [2023-06-19 15:45:18,912] {dagbag.py:305} ERROR - Failed to import: /opt/airflow/dags/etl_dag.py
Traceback (most recent call last):
  File "/home/airflow/.local/lib/python3.6/site-packages/airflow/models/dagbag.py", line 302, in _load_modules_from_file
    loader.exec_module(new_module)
  File "<frozen importlib._bootstrap_external>", line 678, in exec_module
  File "<frozen importlib._bootstrap>", line 219, in _call_with_frames_removed
  File "/opt/airflow/dags/etl_dag.py", line 45, in <module>
    dag = etl_dag(origin = "PHI", destination = "CHI", departure_date_str="2023-7-4")
  File "/home/airflow/.local/lib/python3.6/site-packages/airflow/models/dag.py", line 2297, in factory
    f_sig = signature(f).bind(*args, **kwargs)
  File "/usr/local/lib/python3.6/inspect.py", line 2997, in bind
    return args[0]._bind(args[1:], kwargs)
  File "/usr/local/lib/python3.6/inspect.py", line 2988, in _bind
    arg=next(iter(kwargs))))
TypeError: got an unexpected keyword argument 'origin'
[2023-06-19 15:45:18,924] {scheduler_job.py:641} WARNING - No viable dags retrieved from /opt/airflow/dags/etl_dag.py
[2023-06-19 15:45:18,959] {scheduler_job.py:190} INFO - Processing /opt/airflow/dags/etl_dag.py took 0.931 seconds
[2023-06-19 15:45:49,614] {scheduler_job.py:182} INFO - Started process (PID=96) to work on /opt/airflow/dags/etl_dag.py
[2023-06-19 15:45:49,621] {scheduler_job.py:629} INFO - Processing file /opt/airflow/dags/etl_dag.py for tasks to queue
[2023-06-19 15:45:49,629] {logging_mixin.py:104} INFO - [2023-06-19 15:45:49,628] {dagbag.py:448} INFO - Filling up the DagBag from /opt/airflow/dags/etl_dag.py
[2023-06-19 15:45:50,200] {logging_mixin.py:104} INFO - [2023-06-19 15:45:50,199] {credentials.py:1210} INFO - Found credentials in shared credentials file: /usr/local/airflow/.aws/credentials
[2023-06-19 15:45:50,737] {scheduler_job.py:639} INFO - DAG(s) dict_keys(['etl_dag']) retrieved from /opt/airflow/dags/etl_dag.py
[2023-06-19 15:45:50,826] {logging_mixin.py:104} INFO - [2023-06-19 15:45:50,825] {dag.py:1818} INFO - Sync 1 DAGs
[2023-06-19 15:45:50,874] {logging_mixin.py:104} INFO - [2023-06-19 15:45:50,874] {dag.py:2273} INFO - Setting next_dagrun for etl_dag to None
[2023-06-19 15:45:50,916] {scheduler_job.py:190} INFO - Processing /opt/airflow/dags/etl_dag.py took 1.319 seconds
[2023-06-19 15:46:21,097] {scheduler_job.py:182} INFO - Started process (PID=98) to work on /opt/airflow/dags/etl_dag.py
[2023-06-19 15:46:21,101] {scheduler_job.py:629} INFO - Processing file /opt/airflow/dags/etl_dag.py for tasks to queue
[2023-06-19 15:46:21,104] {logging_mixin.py:104} INFO - [2023-06-19 15:46:21,104] {dagbag.py:448} INFO - Filling up the DagBag from /opt/airflow/dags/etl_dag.py
[2023-06-19 15:46:21,560] {logging_mixin.py:104} INFO - [2023-06-19 15:46:21,560] {credentials.py:1210} INFO - Found credentials in shared credentials file: /usr/local/airflow/.aws/credentials
[2023-06-19 15:46:22,075] {scheduler_job.py:639} INFO - DAG(s) dict_keys(['etl_dag']) retrieved from /opt/airflow/dags/etl_dag.py
[2023-06-19 15:46:22,134] {logging_mixin.py:104} INFO - [2023-06-19 15:46:22,134] {dag.py:1818} INFO - Sync 1 DAGs
[2023-06-19 15:46:22,177] {logging_mixin.py:104} INFO - [2023-06-19 15:46:22,176] {dag.py:2273} INFO - Setting next_dagrun for etl_dag to None
[2023-06-19 15:46:22,200] {scheduler_job.py:190} INFO - Processing /opt/airflow/dags/etl_dag.py took 1.115 seconds
[2023-06-19 15:46:52,775] {scheduler_job.py:182} INFO - Started process (PID=100) to work on /opt/airflow/dags/etl_dag.py
[2023-06-19 15:46:52,780] {scheduler_job.py:629} INFO - Processing file /opt/airflow/dags/etl_dag.py for tasks to queue
[2023-06-19 15:46:52,783] {logging_mixin.py:104} INFO - [2023-06-19 15:46:52,783] {dagbag.py:448} INFO - Filling up the DagBag from /opt/airflow/dags/etl_dag.py
[2023-06-19 15:46:53,204] {logging_mixin.py:104} INFO - [2023-06-19 15:46:53,203] {credentials.py:1210} INFO - Found credentials in shared credentials file: /usr/local/airflow/.aws/credentials
[2023-06-19 15:46:53,660] {scheduler_job.py:639} INFO - DAG(s) dict_keys(['etl_dag']) retrieved from /opt/airflow/dags/etl_dag.py
[2023-06-19 15:46:53,711] {logging_mixin.py:104} INFO - [2023-06-19 15:46:53,711] {dag.py:1818} INFO - Sync 1 DAGs
[2023-06-19 15:46:53,753] {logging_mixin.py:104} INFO - [2023-06-19 15:46:53,753] {dag.py:2273} INFO - Setting next_dagrun for etl_dag to None
[2023-06-19 15:46:53,769] {scheduler_job.py:190} INFO - Processing /opt/airflow/dags/etl_dag.py took 1.005 seconds
[2023-06-19 15:47:24,486] {scheduler_job.py:182} INFO - Started process (PID=102) to work on /opt/airflow/dags/etl_dag.py
[2023-06-19 15:47:24,490] {scheduler_job.py:629} INFO - Processing file /opt/airflow/dags/etl_dag.py for tasks to queue
[2023-06-19 15:47:24,493] {logging_mixin.py:104} INFO - [2023-06-19 15:47:24,492] {dagbag.py:448} INFO - Filling up the DagBag from /opt/airflow/dags/etl_dag.py
[2023-06-19 15:47:25,028] {logging_mixin.py:104} INFO - [2023-06-19 15:47:25,028] {credentials.py:1210} INFO - Found credentials in shared credentials file: /usr/local/airflow/.aws/credentials
[2023-06-19 15:47:25,536] {scheduler_job.py:639} INFO - DAG(s) dict_keys(['etl_dag']) retrieved from /opt/airflow/dags/etl_dag.py
[2023-06-19 15:47:25,593] {logging_mixin.py:104} INFO - [2023-06-19 15:47:25,593] {dag.py:1818} INFO - Sync 1 DAGs
[2023-06-19 15:47:25,635] {logging_mixin.py:104} INFO - [2023-06-19 15:47:25,635] {dag.py:2273} INFO - Setting next_dagrun for etl_dag to None
[2023-06-19 15:47:25,651] {scheduler_job.py:190} INFO - Processing /opt/airflow/dags/etl_dag.py took 1.177 seconds
