[2023-06-18 15:12:41,352] {taskinstance.py:851} INFO - Dependencies all met for <TaskInstance: hello_world.transform_load_task 2023-06-18T15:12:01.116209+00:00 [queued]>
[2023-06-18 15:12:41,418] {taskinstance.py:851} INFO - Dependencies all met for <TaskInstance: hello_world.transform_load_task 2023-06-18T15:12:01.116209+00:00 [queued]>
[2023-06-18 15:12:41,419] {taskinstance.py:1042} INFO - 
--------------------------------------------------------------------------------
[2023-06-18 15:12:41,420] {taskinstance.py:1043} INFO - Starting attempt 1 of 1
[2023-06-18 15:12:41,420] {taskinstance.py:1044} INFO - 
--------------------------------------------------------------------------------
[2023-06-18 15:12:41,450] {taskinstance.py:1063} INFO - Executing <Task(_PythonDecoratedOperator): transform_load_task> on 2023-06-18T15:12:01.116209+00:00
[2023-06-18 15:12:41,474] {standard_task_runner.py:52} INFO - Started process 83 to run task
[2023-06-18 15:12:41,493] {standard_task_runner.py:76} INFO - Running: ['airflow', 'tasks', 'run', 'hello_world', 'transform_load_task', '2023-06-18T15:12:01.116209+00:00', '--job-id', '111', '--pool', 'default_pool', '--raw', '--subdir', 'DAGS_FOLDER/hello_dag.py', '--cfg-path', '/tmp/tmp365efect', '--error-file', '/tmp/tmp7kvvl7cj']
[2023-06-18 15:12:41,495] {standard_task_runner.py:77} INFO - Job 111: Subtask transform_load_task
[2023-06-18 15:12:41,715] {logging_mixin.py:104} INFO - Running <TaskInstance: hello_world.transform_load_task 2023-06-18T15:12:01.116209+00:00 [running]> on host 7a62ecf52086
[2023-06-18 15:12:41,821] {taskinstance.py:1257} INFO - Exporting the following env vars:
AIRFLOW_CTX_DAG_OWNER=airflow
AIRFLOW_CTX_DAG_ID=hello_world
AIRFLOW_CTX_TASK_ID=transform_load_task
AIRFLOW_CTX_EXECUTION_DATE=2023-06-18T15:12:01.116209+00:00
AIRFLOW_CTX_DAG_RUN_ID=manual__2023-06-18T15:12:01.116209+00:00
[2023-06-18 15:12:42,320] {taskinstance.py:1166} INFO - Marking task as SUCCESS. dag_id=hello_world, task_id=transform_load_task, execution_date=20230618T151201, start_date=20230618T151241, end_date=20230618T151242
[2023-06-18 15:12:42,380] {taskinstance.py:1220} INFO - 0 downstream tasks scheduled from follow-on schedule check
[2023-06-18 15:12:42,413] {local_task_job.py:146} INFO - Task exited with return code 0
