[2023-06-19 15:34:50,126] {taskinstance.py:851} INFO - Dependencies all met for <TaskInstance: etl_dag.extract_load_task 2023-06-19T15:34:45.273727+00:00 [queued]>
[2023-06-19 15:34:50,166] {taskinstance.py:851} INFO - Dependencies all met for <TaskInstance: etl_dag.extract_load_task 2023-06-19T15:34:45.273727+00:00 [queued]>
[2023-06-19 15:34:50,168] {taskinstance.py:1042} INFO - 
--------------------------------------------------------------------------------
[2023-06-19 15:34:50,168] {taskinstance.py:1043} INFO - Starting attempt 1 of 1
[2023-06-19 15:34:50,169] {taskinstance.py:1044} INFO - 
--------------------------------------------------------------------------------
[2023-06-19 15:34:50,202] {taskinstance.py:1063} INFO - Executing <Task(_PythonDecoratedOperator): extract_load_task> on 2023-06-19T15:34:45.273727+00:00
[2023-06-19 15:34:50,223] {standard_task_runner.py:52} INFO - Started process 81 to run task
[2023-06-19 15:34:50,243] {standard_task_runner.py:76} INFO - Running: ['airflow', 'tasks', 'run', 'etl_dag', 'extract_load_task', '2023-06-19T15:34:45.273727+00:00', '--job-id', '166', '--pool', 'default_pool', '--raw', '--subdir', 'DAGS_FOLDER/etl_dag.py', '--cfg-path', '/tmp/tmpeiwv76_4', '--error-file', '/tmp/tmpbmyfjp_3']
[2023-06-19 15:34:50,249] {standard_task_runner.py:77} INFO - Job 166: Subtask extract_load_task
[2023-06-19 15:34:50,405] {logging_mixin.py:104} INFO - Running <TaskInstance: etl_dag.extract_load_task 2023-06-19T15:34:45.273727+00:00 [running]> on host 7a62ecf52086
[2023-06-19 15:34:50,490] {taskinstance.py:1257} INFO - Exporting the following env vars:
AIRFLOW_CTX_DAG_OWNER=airflow
AIRFLOW_CTX_DAG_ID=etl_dag
AIRFLOW_CTX_TASK_ID=extract_load_task
AIRFLOW_CTX_EXECUTION_DATE=2023-06-19T15:34:45.273727+00:00
AIRFLOW_CTX_DAG_RUN_ID=manual__2023-06-19T15:34:45.273727+00:00
[2023-06-19 15:34:50,754] {etl_dag.py:24} INFO - extracting data from: NYC, CHI, departure: 2023-07-5
[2023-06-19 15:34:50,756] {etl_dag.py:25} INFO - extract load lambda id: 1e919922-98cc-4257-8a7a-5f4fcd43642d
[2023-06-19 15:34:50,811] {taskinstance.py:1166} INFO - Marking task as SUCCESS. dag_id=etl_dag, task_id=extract_load_task, execution_date=20230619T153445, start_date=20230619T153450, end_date=20230619T153450
[2023-06-19 15:34:50,887] {taskinstance.py:1220} INFO - 1 downstream tasks scheduled from follow-on schedule check
[2023-06-19 15:34:50,910] {local_task_job.py:146} INFO - Task exited with return code 0
