[2023-06-18 16:03:22,868] {taskinstance.py:851} INFO - Dependencies all met for <TaskInstance: etl_dag.extract_load_task 2023-06-18T16:03:20.294596+00:00 [queued]>
[2023-06-18 16:03:22,908] {taskinstance.py:851} INFO - Dependencies all met for <TaskInstance: etl_dag.extract_load_task 2023-06-18T16:03:20.294596+00:00 [queued]>
[2023-06-18 16:03:22,909] {taskinstance.py:1042} INFO - 
--------------------------------------------------------------------------------
[2023-06-18 16:03:22,910] {taskinstance.py:1043} INFO - Starting attempt 1 of 1
[2023-06-18 16:03:22,911] {taskinstance.py:1044} INFO - 
--------------------------------------------------------------------------------
[2023-06-18 16:03:22,933] {taskinstance.py:1063} INFO - Executing <Task(_PythonDecoratedOperator): extract_load_task> on 2023-06-18T16:03:20.294596+00:00
[2023-06-18 16:03:22,940] {standard_task_runner.py:52} INFO - Started process 81 to run task
[2023-06-18 16:03:22,951] {standard_task_runner.py:76} INFO - Running: ['airflow', 'tasks', 'run', 'etl_dag', 'extract_load_task', '2023-06-18T16:03:20.294596+00:00', '--job-id', '159', '--pool', 'default_pool', '--raw', '--subdir', 'DAGS_FOLDER/etl_dag.py', '--cfg-path', '/tmp/tmpzn_xnm12', '--error-file', '/tmp/tmpfq16g_t8']
[2023-06-18 16:03:22,952] {standard_task_runner.py:77} INFO - Job 159: Subtask extract_load_task
[2023-06-18 16:03:23,110] {logging_mixin.py:104} INFO - Running <TaskInstance: etl_dag.extract_load_task 2023-06-18T16:03:20.294596+00:00 [running]> on host 7a62ecf52086
[2023-06-18 16:03:23,204] {taskinstance.py:1257} INFO - Exporting the following env vars:
AIRFLOW_CTX_DAG_OWNER=airflow
AIRFLOW_CTX_DAG_ID=etl_dag
AIRFLOW_CTX_TASK_ID=extract_load_task
AIRFLOW_CTX_EXECUTION_DATE=2023-06-18T16:03:20.294596+00:00
AIRFLOW_CTX_DAG_RUN_ID=manual__2023-06-18T16:03:20.294596+00:00
[2023-06-18 16:03:23,610] {etl_dag.py:20} INFO - extracting data from: NYC, CHI, time delta: 14
[2023-06-18 16:03:23,612] {etl_dag.py:21} INFO - extract load lambda id: 30573148-5659-46c6-b0bc-6145c774d37b
[2023-06-18 16:03:23,662] {taskinstance.py:1166} INFO - Marking task as SUCCESS. dag_id=etl_dag, task_id=extract_load_task, execution_date=20230618T160320, start_date=20230618T160322, end_date=20230618T160323
[2023-06-18 16:03:23,737] {taskinstance.py:1220} INFO - 1 downstream tasks scheduled from follow-on schedule check
[2023-06-18 16:03:23,786] {local_task_job.py:146} INFO - Task exited with return code 0
