[2023-06-18 15:18:04,841] {taskinstance.py:851} INFO - Dependencies all met for <TaskInstance: hello_world.extract_load_task 2023-06-18T15:18:02.867100+00:00 [queued]>
[2023-06-18 15:18:04,879] {taskinstance.py:851} INFO - Dependencies all met for <TaskInstance: hello_world.extract_load_task 2023-06-18T15:18:02.867100+00:00 [queued]>
[2023-06-18 15:18:04,880] {taskinstance.py:1042} INFO - 
--------------------------------------------------------------------------------
[2023-06-18 15:18:04,881] {taskinstance.py:1043} INFO - Starting attempt 1 of 1
[2023-06-18 15:18:04,881] {taskinstance.py:1044} INFO - 
--------------------------------------------------------------------------------
[2023-06-18 15:18:04,904] {taskinstance.py:1063} INFO - Executing <Task(_PythonDecoratedOperator): extract_load_task> on 2023-06-18T15:18:02.867100+00:00
[2023-06-18 15:18:04,912] {standard_task_runner.py:52} INFO - Started process 95 to run task
[2023-06-18 15:18:04,925] {standard_task_runner.py:76} INFO - Running: ['airflow', 'tasks', 'run', 'hello_world', 'extract_load_task', '2023-06-18T15:18:02.867100+00:00', '--job-id', '114', '--pool', 'default_pool', '--raw', '--subdir', 'DAGS_FOLDER/hello_dag.py', '--cfg-path', '/tmp/tmpwqpysx0m', '--error-file', '/tmp/tmpfp66c2tn']
[2023-06-18 15:18:04,927] {standard_task_runner.py:77} INFO - Job 114: Subtask extract_load_task
[2023-06-18 15:18:05,059] {logging_mixin.py:104} INFO - Running <TaskInstance: hello_world.extract_load_task 2023-06-18T15:18:02.867100+00:00 [running]> on host 7a62ecf52086
[2023-06-18 15:18:05,167] {taskinstance.py:1257} INFO - Exporting the following env vars:
AIRFLOW_CTX_DAG_OWNER=airflow
AIRFLOW_CTX_DAG_ID=hello_world
AIRFLOW_CTX_TASK_ID=extract_load_task
AIRFLOW_CTX_EXECUTION_DATE=2023-06-18T15:18:02.867100+00:00
AIRFLOW_CTX_DAG_RUN_ID=manual__2023-06-18T15:18:02.867100+00:00
[2023-06-18 15:18:05,568] {taskinstance.py:1166} INFO - Marking task as SUCCESS. dag_id=hello_world, task_id=extract_load_task, execution_date=20230618T151802, start_date=20230618T151804, end_date=20230618T151805
[2023-06-18 15:18:05,638] {taskinstance.py:1220} INFO - 1 downstream tasks scheduled from follow-on schedule check
[2023-06-18 15:18:05,680] {local_task_job.py:146} INFO - Task exited with return code 0
