[2023-06-18 15:18:07,619] {taskinstance.py:851} INFO - Dependencies all met for <TaskInstance: hello_world.transform_load_task 2023-06-18T15:18:02.867100+00:00 [queued]>
[2023-06-18 15:18:07,668] {taskinstance.py:851} INFO - Dependencies all met for <TaskInstance: hello_world.transform_load_task 2023-06-18T15:18:02.867100+00:00 [queued]>
[2023-06-18 15:18:07,670] {taskinstance.py:1042} INFO - 
--------------------------------------------------------------------------------
[2023-06-18 15:18:07,670] {taskinstance.py:1043} INFO - Starting attempt 1 of 1
[2023-06-18 15:18:07,671] {taskinstance.py:1044} INFO - 
--------------------------------------------------------------------------------
[2023-06-18 15:18:07,697] {taskinstance.py:1063} INFO - Executing <Task(_PythonDecoratedOperator): transform_load_task> on 2023-06-18T15:18:02.867100+00:00
[2023-06-18 15:18:07,702] {standard_task_runner.py:52} INFO - Started process 99 to run task
[2023-06-18 15:18:07,713] {standard_task_runner.py:76} INFO - Running: ['airflow', 'tasks', 'run', 'hello_world', 'transform_load_task', '2023-06-18T15:18:02.867100+00:00', '--job-id', '115', '--pool', 'default_pool', '--raw', '--subdir', 'DAGS_FOLDER/hello_dag.py', '--cfg-path', '/tmp/tmpmmto_9fb', '--error-file', '/tmp/tmp1f5fxirb']
[2023-06-18 15:18:07,715] {standard_task_runner.py:77} INFO - Job 115: Subtask transform_load_task
[2023-06-18 15:18:07,803] {logging_mixin.py:104} INFO - Running <TaskInstance: hello_world.transform_load_task 2023-06-18T15:18:02.867100+00:00 [running]> on host 7a62ecf52086
[2023-06-18 15:18:07,879] {taskinstance.py:1257} INFO - Exporting the following env vars:
AIRFLOW_CTX_DAG_OWNER=airflow
AIRFLOW_CTX_DAG_ID=hello_world
AIRFLOW_CTX_TASK_ID=transform_load_task
AIRFLOW_CTX_EXECUTION_DATE=2023-06-18T15:18:02.867100+00:00
AIRFLOW_CTX_DAG_RUN_ID=manual__2023-06-18T15:18:02.867100+00:00
[2023-06-18 15:18:08,191] {taskinstance.py:1166} INFO - Marking task as SUCCESS. dag_id=hello_world, task_id=transform_load_task, execution_date=20230618T151802, start_date=20230618T151807, end_date=20230618T151808
[2023-06-18 15:18:08,243] {taskinstance.py:1220} INFO - 0 downstream tasks scheduled from follow-on schedule check
[2023-06-18 15:18:08,266] {local_task_job.py:146} INFO - Task exited with return code 0
