[2023-06-22 22:09:49,341] {taskinstance.py:851} INFO - Dependencies all met for <TaskInstance: etl_dag.extract_load_task 2023-06-22T22:09:37.889518+00:00 [queued]>
[2023-06-22 22:09:49,401] {taskinstance.py:851} INFO - Dependencies all met for <TaskInstance: etl_dag.extract_load_task 2023-06-22T22:09:37.889518+00:00 [queued]>
[2023-06-22 22:09:49,403] {taskinstance.py:1042} INFO - 
--------------------------------------------------------------------------------
[2023-06-22 22:09:49,403] {taskinstance.py:1043} INFO - Starting attempt 1 of 1
[2023-06-22 22:09:49,404] {taskinstance.py:1044} INFO - 
--------------------------------------------------------------------------------
[2023-06-22 22:09:49,446] {taskinstance.py:1063} INFO - Executing <Task(_PythonDecoratedOperator): extract_load_task> on 2023-06-22T22:09:37.889518+00:00
[2023-06-22 22:09:49,460] {standard_task_runner.py:52} INFO - Started process 81 to run task
[2023-06-22 22:09:49,471] {standard_task_runner.py:76} INFO - Running: ['airflow', 'tasks', 'run', 'etl_dag', 'extract_load_task', '2023-06-22T22:09:37.889518+00:00', '--job-id', '177', '--pool', 'default_pool', '--raw', '--subdir', 'DAGS_FOLDER/etl_dag.py', '--cfg-path', '/tmp/tmpwuhsdjzb', '--error-file', '/tmp/tmpuhbrv3c0']
[2023-06-22 22:09:49,472] {standard_task_runner.py:77} INFO - Job 177: Subtask extract_load_task
[2023-06-22 22:09:49,559] {logging_mixin.py:104} INFO - Running <TaskInstance: etl_dag.extract_load_task 2023-06-22T22:09:37.889518+00:00 [running]> on host d6623819d47a
[2023-06-22 22:09:49,684] {taskinstance.py:1257} INFO - Exporting the following env vars:
AIRFLOW_CTX_DAG_OWNER=airflow
AIRFLOW_CTX_DAG_ID=etl_dag
AIRFLOW_CTX_TASK_ID=extract_load_task
AIRFLOW_CTX_EXECUTION_DATE=2023-06-22T22:09:37.889518+00:00
AIRFLOW_CTX_DAG_RUN_ID=manual__2023-06-22T22:09:37.889518+00:00
[2023-06-22 22:09:49,945] {etl_dag.py:23} INFO - extracting data from: NYC, CHI, departure: 2023-08-11
[2023-06-22 22:09:49,947] {etl_dag.py:24} INFO - extract load lambda id: ac9123fc-30e2-4144-a984-0d04aec82702
[2023-06-22 22:09:49,999] {taskinstance.py:1166} INFO - Marking task as SUCCESS. dag_id=etl_dag, task_id=extract_load_task, execution_date=20230622T220937, start_date=20230622T220949, end_date=20230622T220949
[2023-06-22 22:09:50,090] {taskinstance.py:1220} INFO - 1 downstream tasks scheduled from follow-on schedule check
[2023-06-22 22:09:50,131] {local_task_job.py:146} INFO - Task exited with return code 0
