[2023-06-19 15:46:32,781] {taskinstance.py:851} INFO - Dependencies all met for <TaskInstance: etl_dag.extract_load_task 2023-06-19T15:46:30.059046+00:00 [queued]>
[2023-06-19 15:46:32,811] {taskinstance.py:851} INFO - Dependencies all met for <TaskInstance: etl_dag.extract_load_task 2023-06-19T15:46:30.059046+00:00 [queued]>
[2023-06-19 15:46:32,813] {taskinstance.py:1042} INFO - 
--------------------------------------------------------------------------------
[2023-06-19 15:46:32,813] {taskinstance.py:1043} INFO - Starting attempt 1 of 1
[2023-06-19 15:46:32,814] {taskinstance.py:1044} INFO - 
--------------------------------------------------------------------------------
[2023-06-19 15:46:32,842] {taskinstance.py:1063} INFO - Executing <Task(_PythonDecoratedOperator): extract_load_task> on 2023-06-19T15:46:30.059046+00:00
[2023-06-19 15:46:32,848] {standard_task_runner.py:52} INFO - Started process 93 to run task
[2023-06-19 15:46:32,858] {standard_task_runner.py:76} INFO - Running: ['airflow', 'tasks', 'run', 'etl_dag', 'extract_load_task', '2023-06-19T15:46:30.059046+00:00', '--job-id', '169', '--pool', 'default_pool', '--raw', '--subdir', 'DAGS_FOLDER/etl_dag.py', '--cfg-path', '/tmp/tmp1oca6fys', '--error-file', '/tmp/tmpz1usl1x4']
[2023-06-19 15:46:32,860] {standard_task_runner.py:77} INFO - Job 169: Subtask extract_load_task
[2023-06-19 15:46:32,943] {logging_mixin.py:104} INFO - Running <TaskInstance: etl_dag.extract_load_task 2023-06-19T15:46:30.059046+00:00 [running]> on host 7a62ecf52086
[2023-06-19 15:46:33,040] {taskinstance.py:1257} INFO - Exporting the following env vars:
AIRFLOW_CTX_DAG_OWNER=airflow
AIRFLOW_CTX_DAG_ID=etl_dag
AIRFLOW_CTX_TASK_ID=extract_load_task
AIRFLOW_CTX_EXECUTION_DATE=2023-06-19T15:46:30.059046+00:00
AIRFLOW_CTX_DAG_RUN_ID=manual__2023-06-19T15:46:30.059046+00:00
[2023-06-19 15:46:33,287] {etl_dag.py:22} INFO - extracting data from: NYC, CHI, departure: 2023-07-6
[2023-06-19 15:46:33,289] {etl_dag.py:23} INFO - extract load lambda id: 2b808602-f554-49db-bd47-ef0ba5a796e7
[2023-06-19 15:46:33,347] {taskinstance.py:1166} INFO - Marking task as SUCCESS. dag_id=etl_dag, task_id=extract_load_task, execution_date=20230619T154630, start_date=20230619T154632, end_date=20230619T154633
[2023-06-19 15:46:33,412] {taskinstance.py:1220} INFO - 1 downstream tasks scheduled from follow-on schedule check
[2023-06-19 15:46:33,454] {local_task_job.py:146} INFO - Task exited with return code 0
