[2023-06-19 15:25:54,063] {taskinstance.py:851} INFO - Dependencies all met for <TaskInstance: etl_dag.transform_load_task 2023-06-19T15:25:48.267083+00:00 [queued]>
[2023-06-19 15:25:54,106] {taskinstance.py:851} INFO - Dependencies all met for <TaskInstance: etl_dag.transform_load_task 2023-06-19T15:25:48.267083+00:00 [queued]>
[2023-06-19 15:25:54,109] {taskinstance.py:1042} INFO - 
--------------------------------------------------------------------------------
[2023-06-19 15:25:54,110] {taskinstance.py:1043} INFO - Starting attempt 1 of 1
[2023-06-19 15:25:54,111] {taskinstance.py:1044} INFO - 
--------------------------------------------------------------------------------
[2023-06-19 15:25:54,134] {taskinstance.py:1063} INFO - Executing <Task(_PythonDecoratedOperator): transform_load_task> on 2023-06-19T15:25:48.267083+00:00
[2023-06-19 15:25:54,142] {standard_task_runner.py:52} INFO - Started process 83 to run task
[2023-06-19 15:25:54,153] {standard_task_runner.py:76} INFO - Running: ['airflow', 'tasks', 'run', 'etl_dag', 'transform_load_task', '2023-06-19T15:25:48.267083+00:00', '--job-id', '164', '--pool', 'default_pool', '--raw', '--subdir', 'DAGS_FOLDER/etl_dag.py', '--cfg-path', '/tmp/tmpz4ya_faq', '--error-file', '/tmp/tmp2kdzn3hv']
[2023-06-19 15:25:54,155] {standard_task_runner.py:77} INFO - Job 164: Subtask transform_load_task
[2023-06-19 15:25:54,277] {logging_mixin.py:104} INFO - Running <TaskInstance: etl_dag.transform_load_task 2023-06-19T15:25:48.267083+00:00 [running]> on host 7a62ecf52086
[2023-06-19 15:25:54,371] {taskinstance.py:1257} INFO - Exporting the following env vars:
AIRFLOW_CTX_DAG_OWNER=airflow
AIRFLOW_CTX_DAG_ID=etl_dag
AIRFLOW_CTX_TASK_ID=transform_load_task
AIRFLOW_CTX_EXECUTION_DATE=2023-06-19T15:25:48.267083+00:00
AIRFLOW_CTX_DAG_RUN_ID=manual__2023-06-19T15:25:48.267083+00:00
[2023-06-19 15:25:54,408] {logging_mixin.py:104} INFO - {"file_name_read": "raw/PHI-CHI-2023-07-04.json"}
[2023-06-19 15:25:54,698] {etl_dag.py:32} INFO - reading data from file: raw/PHI-CHI-2023-07-04.json
[2023-06-19 15:25:54,700] {etl_dag.py:33} INFO - transform load: e853e5aa-3cc3-4314-a0b5-583bfb87e84b
[2023-06-19 15:25:54,757] {taskinstance.py:1166} INFO - Marking task as SUCCESS. dag_id=etl_dag, task_id=transform_load_task, execution_date=20230619T152548, start_date=20230619T152554, end_date=20230619T152554
[2023-06-19 15:25:54,824] {taskinstance.py:1220} INFO - 0 downstream tasks scheduled from follow-on schedule check
[2023-06-19 15:25:54,865] {local_task_job.py:146} INFO - Task exited with return code 0
