[2023-06-19 15:34:53,573] {taskinstance.py:851} INFO - Dependencies all met for <TaskInstance: etl_dag.transform_load_task 2023-06-19T15:34:45.273727+00:00 [queued]>
[2023-06-19 15:34:53,606] {taskinstance.py:851} INFO - Dependencies all met for <TaskInstance: etl_dag.transform_load_task 2023-06-19T15:34:45.273727+00:00 [queued]>
[2023-06-19 15:34:53,607] {taskinstance.py:1042} INFO - 
--------------------------------------------------------------------------------
[2023-06-19 15:34:53,608] {taskinstance.py:1043} INFO - Starting attempt 1 of 1
[2023-06-19 15:34:53,608] {taskinstance.py:1044} INFO - 
--------------------------------------------------------------------------------
[2023-06-19 15:34:53,638] {taskinstance.py:1063} INFO - Executing <Task(_PythonDecoratedOperator): transform_load_task> on 2023-06-19T15:34:45.273727+00:00
[2023-06-19 15:34:53,647] {standard_task_runner.py:52} INFO - Started process 85 to run task
[2023-06-19 15:34:53,658] {standard_task_runner.py:76} INFO - Running: ['airflow', 'tasks', 'run', 'etl_dag', 'transform_load_task', '2023-06-19T15:34:45.273727+00:00', '--job-id', '167', '--pool', 'default_pool', '--raw', '--subdir', 'DAGS_FOLDER/etl_dag.py', '--cfg-path', '/tmp/tmpjsgbxeqp', '--error-file', '/tmp/tmpuvrfk3s3']
[2023-06-19 15:34:53,660] {standard_task_runner.py:77} INFO - Job 167: Subtask transform_load_task
[2023-06-19 15:34:53,775] {logging_mixin.py:104} INFO - Running <TaskInstance: etl_dag.transform_load_task 2023-06-19T15:34:45.273727+00:00 [running]> on host 7a62ecf52086
[2023-06-19 15:34:53,852] {taskinstance.py:1257} INFO - Exporting the following env vars:
AIRFLOW_CTX_DAG_OWNER=airflow
AIRFLOW_CTX_DAG_ID=etl_dag
AIRFLOW_CTX_TASK_ID=transform_load_task
AIRFLOW_CTX_EXECUTION_DATE=2023-06-19T15:34:45.273727+00:00
AIRFLOW_CTX_DAG_RUN_ID=manual__2023-06-19T15:34:45.273727+00:00
[2023-06-19 15:34:53,886] {logging_mixin.py:104} INFO - {"file_name_read": "raw/PHI-CHI-2023-07-04.json"}
[2023-06-19 15:34:54,117] {etl_dag.py:35} INFO - reading data from file: raw/PHI-CHI-2023-07-04.json
[2023-06-19 15:34:54,121] {etl_dag.py:36} INFO - transform load: 18863c4b-df3b-4cad-ac2b-f60ff06df319
[2023-06-19 15:34:54,213] {taskinstance.py:1166} INFO - Marking task as SUCCESS. dag_id=etl_dag, task_id=transform_load_task, execution_date=20230619T153445, start_date=20230619T153453, end_date=20230619T153454
[2023-06-19 15:34:54,329] {taskinstance.py:1220} INFO - 0 downstream tasks scheduled from follow-on schedule check
[2023-06-19 15:34:54,362] {local_task_job.py:146} INFO - Task exited with return code 0
