[2023-06-19 15:46:35,627] {taskinstance.py:851} INFO - Dependencies all met for <TaskInstance: etl_dag.transform_load_task 2023-06-19T15:46:30.059046+00:00 [queued]>
[2023-06-19 15:46:35,661] {taskinstance.py:851} INFO - Dependencies all met for <TaskInstance: etl_dag.transform_load_task 2023-06-19T15:46:30.059046+00:00 [queued]>
[2023-06-19 15:46:35,662] {taskinstance.py:1042} INFO - 
--------------------------------------------------------------------------------
[2023-06-19 15:46:35,663] {taskinstance.py:1043} INFO - Starting attempt 1 of 1
[2023-06-19 15:46:35,664] {taskinstance.py:1044} INFO - 
--------------------------------------------------------------------------------
[2023-06-19 15:46:35,697] {taskinstance.py:1063} INFO - Executing <Task(_PythonDecoratedOperator): transform_load_task> on 2023-06-19T15:46:30.059046+00:00
[2023-06-19 15:46:35,726] {standard_task_runner.py:52} INFO - Started process 97 to run task
[2023-06-19 15:46:35,740] {standard_task_runner.py:76} INFO - Running: ['airflow', 'tasks', 'run', 'etl_dag', 'transform_load_task', '2023-06-19T15:46:30.059046+00:00', '--job-id', '170', '--pool', 'default_pool', '--raw', '--subdir', 'DAGS_FOLDER/etl_dag.py', '--cfg-path', '/tmp/tmpidygd5tc', '--error-file', '/tmp/tmpssrz03ds']
[2023-06-19 15:46:35,743] {standard_task_runner.py:77} INFO - Job 170: Subtask transform_load_task
[2023-06-19 15:46:35,850] {logging_mixin.py:104} INFO - Running <TaskInstance: etl_dag.transform_load_task 2023-06-19T15:46:30.059046+00:00 [running]> on host 7a62ecf52086
[2023-06-19 15:46:36,032] {taskinstance.py:1257} INFO - Exporting the following env vars:
AIRFLOW_CTX_DAG_OWNER=airflow
AIRFLOW_CTX_DAG_ID=etl_dag
AIRFLOW_CTX_TASK_ID=transform_load_task
AIRFLOW_CTX_EXECUTION_DATE=2023-06-19T15:46:30.059046+00:00
AIRFLOW_CTX_DAG_RUN_ID=manual__2023-06-19T15:46:30.059046+00:00
[2023-06-19 15:46:36,099] {logging_mixin.py:104} INFO - {"file_name_read": "raw/NYC-CHI-2023-07-06.json"}
[2023-06-19 15:46:36,415] {etl_dag.py:33} INFO - reading data from file: raw/NYC-CHI-2023-07-06.json
[2023-06-19 15:46:36,418] {etl_dag.py:34} INFO - transform load: f249e5b6-f4ce-490b-aa92-f1fd422cd5e0
[2023-06-19 15:46:36,476] {taskinstance.py:1166} INFO - Marking task as SUCCESS. dag_id=etl_dag, task_id=transform_load_task, execution_date=20230619T154630, start_date=20230619T154635, end_date=20230619T154636
[2023-06-19 15:46:36,535] {taskinstance.py:1220} INFO - 0 downstream tasks scheduled from follow-on schedule check
[2023-06-19 15:46:36,607] {local_task_job.py:146} INFO - Task exited with return code 0
