[2023-06-18 15:13:24,953] {taskinstance.py:851} INFO - Dependencies all met for <TaskInstance: hello_world.transform_load_task 2023-06-18T15:13:21.136335+00:00 [queued]>
[2023-06-18 15:13:25,010] {taskinstance.py:851} INFO - Dependencies all met for <TaskInstance: hello_world.transform_load_task 2023-06-18T15:13:21.136335+00:00 [queued]>
[2023-06-18 15:13:25,012] {taskinstance.py:1042} INFO - 
--------------------------------------------------------------------------------
[2023-06-18 15:13:25,013] {taskinstance.py:1043} INFO - Starting attempt 1 of 1
[2023-06-18 15:13:25,015] {taskinstance.py:1044} INFO - 
--------------------------------------------------------------------------------
[2023-06-18 15:13:25,047] {taskinstance.py:1063} INFO - Executing <Task(_PythonDecoratedOperator): transform_load_task> on 2023-06-18T15:13:21.136335+00:00
[2023-06-18 15:13:25,054] {standard_task_runner.py:52} INFO - Started process 91 to run task
[2023-06-18 15:13:25,068] {standard_task_runner.py:76} INFO - Running: ['airflow', 'tasks', 'run', 'hello_world', 'transform_load_task', '2023-06-18T15:13:21.136335+00:00', '--job-id', '113', '--pool', 'default_pool', '--raw', '--subdir', 'DAGS_FOLDER/hello_dag.py', '--cfg-path', '/tmp/tmp6gbqknlb', '--error-file', '/tmp/tmpp2um7xm3']
[2023-06-18 15:13:25,070] {standard_task_runner.py:77} INFO - Job 113: Subtask transform_load_task
[2023-06-18 15:13:25,224] {logging_mixin.py:104} INFO - Running <TaskInstance: hello_world.transform_load_task 2023-06-18T15:13:21.136335+00:00 [running]> on host 7a62ecf52086
[2023-06-18 15:13:25,325] {taskinstance.py:1257} INFO - Exporting the following env vars:
AIRFLOW_CTX_DAG_OWNER=airflow
AIRFLOW_CTX_DAG_ID=hello_world
AIRFLOW_CTX_TASK_ID=transform_load_task
AIRFLOW_CTX_EXECUTION_DATE=2023-06-18T15:13:21.136335+00:00
AIRFLOW_CTX_DAG_RUN_ID=manual__2023-06-18T15:13:21.136335+00:00
[2023-06-18 15:13:25,661] {taskinstance.py:1166} INFO - Marking task as SUCCESS. dag_id=hello_world, task_id=transform_load_task, execution_date=20230618T151321, start_date=20230618T151324, end_date=20230618T151325
[2023-06-18 15:13:25,745] {taskinstance.py:1220} INFO - 0 downstream tasks scheduled from follow-on schedule check
[2023-06-18 15:13:25,792] {local_task_job.py:146} INFO - Task exited with return code 0
