[2023-06-18 15:31:48,845] {taskinstance.py:851} INFO - Dependencies all met for <TaskInstance: etl_dag.transform_load_task 2023-06-17T00:00:00+00:00 [queued]>
[2023-06-18 15:31:48,886] {taskinstance.py:851} INFO - Dependencies all met for <TaskInstance: etl_dag.transform_load_task 2023-06-17T00:00:00+00:00 [queued]>
[2023-06-18 15:31:48,887] {taskinstance.py:1042} INFO - 
--------------------------------------------------------------------------------
[2023-06-18 15:31:48,888] {taskinstance.py:1043} INFO - Starting attempt 1 of 1
[2023-06-18 15:31:48,889] {taskinstance.py:1044} INFO - 
--------------------------------------------------------------------------------
[2023-06-18 15:31:48,911] {taskinstance.py:1063} INFO - Executing <Task(_PythonDecoratedOperator): transform_load_task> on 2023-06-17T00:00:00+00:00
[2023-06-18 15:31:48,918] {standard_task_runner.py:52} INFO - Started process 83 to run task
[2023-06-18 15:31:48,928] {standard_task_runner.py:76} INFO - Running: ['airflow', 'tasks', 'run', 'etl_dag', 'transform_load_task', '2023-06-17T00:00:00+00:00', '--job-id', '152', '--pool', 'default_pool', '--raw', '--subdir', 'DAGS_FOLDER/etl_dag.py', '--cfg-path', '/tmp/tmpmqj2dili', '--error-file', '/tmp/tmpld3hzthr']
[2023-06-18 15:31:48,929] {standard_task_runner.py:77} INFO - Job 152: Subtask transform_load_task
[2023-06-18 15:31:49,015] {logging_mixin.py:104} INFO - Running <TaskInstance: etl_dag.transform_load_task 2023-06-17T00:00:00+00:00 [running]> on host 7a62ecf52086
[2023-06-18 15:31:49,113] {taskinstance.py:1257} INFO - Exporting the following env vars:
AIRFLOW_CTX_DAG_OWNER=airflow
AIRFLOW_CTX_DAG_ID=etl_dag
AIRFLOW_CTX_TASK_ID=transform_load_task
AIRFLOW_CTX_EXECUTION_DATE=2023-06-17T00:00:00+00:00
AIRFLOW_CTX_DAG_RUN_ID=scheduled__2023-06-17T00:00:00+00:00
[2023-06-18 15:31:49,382] {etl_dag.py:29} INFO - transform load: 5a66845b-7b6f-4fb5-8c7a-c52bdac8bc2c
[2023-06-18 15:31:49,435] {taskinstance.py:1166} INFO - Marking task as SUCCESS. dag_id=etl_dag, task_id=transform_load_task, execution_date=20230617T000000, start_date=20230618T153148, end_date=20230618T153149
[2023-06-18 15:31:49,487] {taskinstance.py:1220} INFO - 0 downstream tasks scheduled from follow-on schedule check
[2023-06-18 15:31:49,526] {local_task_job.py:146} INFO - Task exited with return code 0
