[2023-06-18 15:13:24,686] {taskinstance.py:851} INFO - Dependencies all met for <TaskInstance: hello_world.extract_load_task 2023-06-18T15:13:21.136335+00:00 [queued]>
[2023-06-18 15:13:24,727] {taskinstance.py:851} INFO - Dependencies all met for <TaskInstance: hello_world.extract_load_task 2023-06-18T15:13:21.136335+00:00 [queued]>
[2023-06-18 15:13:24,728] {taskinstance.py:1042} INFO - 
--------------------------------------------------------------------------------
[2023-06-18 15:13:24,729] {taskinstance.py:1043} INFO - Starting attempt 1 of 1
[2023-06-18 15:13:24,730] {taskinstance.py:1044} INFO - 
--------------------------------------------------------------------------------
[2023-06-18 15:13:24,761] {taskinstance.py:1063} INFO - Executing <Task(_PythonDecoratedOperator): extract_load_task> on 2023-06-18T15:13:21.136335+00:00
[2023-06-18 15:13:24,772] {standard_task_runner.py:52} INFO - Started process 89 to run task
[2023-06-18 15:13:24,783] {standard_task_runner.py:76} INFO - Running: ['airflow', 'tasks', 'run', 'hello_world', 'extract_load_task', '2023-06-18T15:13:21.136335+00:00', '--job-id', '112', '--pool', 'default_pool', '--raw', '--subdir', 'DAGS_FOLDER/hello_dag.py', '--cfg-path', '/tmp/tmplffio02k', '--error-file', '/tmp/tmpw7h89wil']
[2023-06-18 15:13:24,784] {standard_task_runner.py:77} INFO - Job 112: Subtask extract_load_task
[2023-06-18 15:13:24,918] {logging_mixin.py:104} INFO - Running <TaskInstance: hello_world.extract_load_task 2023-06-18T15:13:21.136335+00:00 [running]> on host 7a62ecf52086
[2023-06-18 15:13:25,036] {taskinstance.py:1257} INFO - Exporting the following env vars:
AIRFLOW_CTX_DAG_OWNER=airflow
AIRFLOW_CTX_DAG_ID=hello_world
AIRFLOW_CTX_TASK_ID=extract_load_task
AIRFLOW_CTX_EXECUTION_DATE=2023-06-18T15:13:21.136335+00:00
AIRFLOW_CTX_DAG_RUN_ID=manual__2023-06-18T15:13:21.136335+00:00
[2023-06-18 15:13:25,450] {taskinstance.py:1166} INFO - Marking task as SUCCESS. dag_id=hello_world, task_id=extract_load_task, execution_date=20230618T151321, start_date=20230618T151324, end_date=20230618T151325
[2023-06-18 15:13:25,519] {taskinstance.py:1220} INFO - 0 downstream tasks scheduled from follow-on schedule check
[2023-06-18 15:13:25,566] {local_task_job.py:146} INFO - Task exited with return code 0
