[2023-06-22 22:17:57,903] {taskinstance.py:851} INFO - Dependencies all met for <TaskInstance: etl_dag.transform_load_task 2023-06-22T22:17:48.137445+00:00 [queued]>
[2023-06-22 22:17:57,943] {taskinstance.py:851} INFO - Dependencies all met for <TaskInstance: etl_dag.transform_load_task 2023-06-22T22:17:48.137445+00:00 [queued]>
[2023-06-22 22:17:57,945] {taskinstance.py:1042} INFO - 
--------------------------------------------------------------------------------
[2023-06-22 22:17:57,945] {taskinstance.py:1043} INFO - Starting attempt 1 of 1
[2023-06-22 22:17:57,946] {taskinstance.py:1044} INFO - 
--------------------------------------------------------------------------------
[2023-06-22 22:17:57,971] {taskinstance.py:1063} INFO - Executing <Task(_PythonDecoratedOperator): transform_load_task> on 2023-06-22T22:17:48.137445+00:00
[2023-06-22 22:17:58,002] {standard_task_runner.py:52} INFO - Started process 97 to run task
[2023-06-22 22:17:58,014] {standard_task_runner.py:76} INFO - Running: ['airflow', 'tasks', 'run', 'etl_dag', 'transform_load_task', '2023-06-22T22:17:48.137445+00:00', '--job-id', '181', '--pool', 'default_pool', '--raw', '--subdir', 'DAGS_FOLDER/etl_dag.py', '--cfg-path', '/tmp/tmp1mit7r7p', '--error-file', '/tmp/tmp0hd0f2bg']
[2023-06-22 22:17:58,015] {standard_task_runner.py:77} INFO - Job 181: Subtask transform_load_task
[2023-06-22 22:17:58,117] {logging_mixin.py:104} INFO - Running <TaskInstance: etl_dag.transform_load_task 2023-06-22T22:17:48.137445+00:00 [running]> on host d6623819d47a
[2023-06-22 22:17:58,230] {taskinstance.py:1257} INFO - Exporting the following env vars:
AIRFLOW_CTX_DAG_OWNER=airflow
AIRFLOW_CTX_DAG_ID=etl_dag
AIRFLOW_CTX_TASK_ID=transform_load_task
AIRFLOW_CTX_EXECUTION_DATE=2023-06-22T22:17:48.137445+00:00
AIRFLOW_CTX_DAG_RUN_ID=manual__2023-06-22T22:17:48.137445+00:00
[2023-06-22 22:17:58,233] {logging_mixin.py:104} INFO - {"file_name_read": "raw/NYC-CHI-2023-08-12.json"}
[2023-06-22 22:17:58,504] {etl_dag.py:34} INFO - reading data from file: raw/NYC-CHI-2023-08-12.json
[2023-06-22 22:17:58,506] {etl_dag.py:35} INFO - transform load: 12560009-9916-4987-ae64-fbf0301099e6
[2023-06-22 22:17:58,558] {taskinstance.py:1166} INFO - Marking task as SUCCESS. dag_id=etl_dag, task_id=transform_load_task, execution_date=20230622T221748, start_date=20230622T221757, end_date=20230622T221758
[2023-06-22 22:17:58,620] {taskinstance.py:1220} INFO - 1 downstream tasks scheduled from follow-on schedule check
[2023-06-22 22:17:58,678] {local_task_job.py:146} INFO - Task exited with return code 0
