[2023-06-22 22:17:52,301] {taskinstance.py:851} INFO - Dependencies all met for <TaskInstance: etl_dag.extract_load_task 2023-06-22T22:17:48.137445+00:00 [queued]>
[2023-06-22 22:17:52,355] {taskinstance.py:851} INFO - Dependencies all met for <TaskInstance: etl_dag.extract_load_task 2023-06-22T22:17:48.137445+00:00 [queued]>
[2023-06-22 22:17:52,356] {taskinstance.py:1042} INFO - 
--------------------------------------------------------------------------------
[2023-06-22 22:17:52,357] {taskinstance.py:1043} INFO - Starting attempt 1 of 1
[2023-06-22 22:17:52,358] {taskinstance.py:1044} INFO - 
--------------------------------------------------------------------------------
[2023-06-22 22:17:52,381] {taskinstance.py:1063} INFO - Executing <Task(_PythonDecoratedOperator): extract_load_task> on 2023-06-22T22:17:48.137445+00:00
[2023-06-22 22:17:52,409] {standard_task_runner.py:52} INFO - Started process 93 to run task
[2023-06-22 22:17:52,419] {standard_task_runner.py:76} INFO - Running: ['airflow', 'tasks', 'run', 'etl_dag', 'extract_load_task', '2023-06-22T22:17:48.137445+00:00', '--job-id', '180', '--pool', 'default_pool', '--raw', '--subdir', 'DAGS_FOLDER/etl_dag.py', '--cfg-path', '/tmp/tmps0pq9339', '--error-file', '/tmp/tmpxp5qqkpw']
[2023-06-22 22:17:52,420] {standard_task_runner.py:77} INFO - Job 180: Subtask extract_load_task
[2023-06-22 22:17:52,510] {logging_mixin.py:104} INFO - Running <TaskInstance: etl_dag.extract_load_task 2023-06-22T22:17:48.137445+00:00 [running]> on host d6623819d47a
[2023-06-22 22:17:52,605] {taskinstance.py:1257} INFO - Exporting the following env vars:
AIRFLOW_CTX_DAG_OWNER=airflow
AIRFLOW_CTX_DAG_ID=etl_dag
AIRFLOW_CTX_TASK_ID=extract_load_task
AIRFLOW_CTX_EXECUTION_DATE=2023-06-22T22:17:48.137445+00:00
AIRFLOW_CTX_DAG_RUN_ID=manual__2023-06-22T22:17:48.137445+00:00
[2023-06-22 22:17:52,859] {etl_dag.py:23} INFO - extracting data from: NYC, CHI, departure: 2023-08-12
[2023-06-22 22:17:52,861] {etl_dag.py:24} INFO - extract load lambda id: 1044f8ee-e549-4ca6-8e83-e94893faca08
[2023-06-22 22:17:52,921] {taskinstance.py:1166} INFO - Marking task as SUCCESS. dag_id=etl_dag, task_id=extract_load_task, execution_date=20230622T221748, start_date=20230622T221752, end_date=20230622T221752
[2023-06-22 22:17:53,000] {taskinstance.py:1220} INFO - 1 downstream tasks scheduled from follow-on schedule check
[2023-06-22 22:17:53,041] {local_task_job.py:146} INFO - Task exited with return code 0
