[2023-06-18 16:03:25,901] {taskinstance.py:851} INFO - Dependencies all met for <TaskInstance: etl_dag.transform_load_task 2023-06-18T16:03:20.294596+00:00 [queued]>
[2023-06-18 16:03:25,939] {taskinstance.py:851} INFO - Dependencies all met for <TaskInstance: etl_dag.transform_load_task 2023-06-18T16:03:20.294596+00:00 [queued]>
[2023-06-18 16:03:25,940] {taskinstance.py:1042} INFO - 
--------------------------------------------------------------------------------
[2023-06-18 16:03:25,941] {taskinstance.py:1043} INFO - Starting attempt 1 of 1
[2023-06-18 16:03:25,942] {taskinstance.py:1044} INFO - 
--------------------------------------------------------------------------------
[2023-06-18 16:03:25,969] {taskinstance.py:1063} INFO - Executing <Task(_PythonDecoratedOperator): transform_load_task> on 2023-06-18T16:03:20.294596+00:00
[2023-06-18 16:03:25,975] {standard_task_runner.py:52} INFO - Started process 85 to run task
[2023-06-18 16:03:25,986] {standard_task_runner.py:76} INFO - Running: ['airflow', 'tasks', 'run', 'etl_dag', 'transform_load_task', '2023-06-18T16:03:20.294596+00:00', '--job-id', '160', '--pool', 'default_pool', '--raw', '--subdir', 'DAGS_FOLDER/etl_dag.py', '--cfg-path', '/tmp/tmp4lisfm8c', '--error-file', '/tmp/tmpdtsgfdia']
[2023-06-18 16:03:25,987] {standard_task_runner.py:77} INFO - Job 160: Subtask transform_load_task
[2023-06-18 16:03:26,092] {logging_mixin.py:104} INFO - Running <TaskInstance: etl_dag.transform_load_task 2023-06-18T16:03:20.294596+00:00 [running]> on host 7a62ecf52086
[2023-06-18 16:03:26,204] {taskinstance.py:1257} INFO - Exporting the following env vars:
AIRFLOW_CTX_DAG_OWNER=airflow
AIRFLOW_CTX_DAG_ID=etl_dag
AIRFLOW_CTX_TASK_ID=transform_load_task
AIRFLOW_CTX_EXECUTION_DATE=2023-06-18T16:03:20.294596+00:00
AIRFLOW_CTX_DAG_RUN_ID=manual__2023-06-18T16:03:20.294596+00:00
[2023-06-18 16:03:26,477] {etl_dag.py:29} INFO - reading data from file: raw/<airflow.models.dagparam.DagParam object at 0x4030dd5a90>-<airflow.models.dagparam.DagParam object at 0x4030dd5ac8>-2023-07-02.json
[2023-06-18 16:03:26,482] {etl_dag.py:30} INFO - transform load: 2fd676ed-5dcc-4e0d-bf57-3edec0f1daeb
[2023-06-18 16:03:26,583] {taskinstance.py:1166} INFO - Marking task as SUCCESS. dag_id=etl_dag, task_id=transform_load_task, execution_date=20230618T160320, start_date=20230618T160325, end_date=20230618T160326
[2023-06-18 16:03:26,638] {taskinstance.py:1220} INFO - 0 downstream tasks scheduled from follow-on schedule check
[2023-06-18 16:03:26,696] {local_task_job.py:146} INFO - Task exited with return code 0
