[2023-06-18 15:23:01,701] {taskinstance.py:851} INFO - Dependencies all met for <TaskInstance: hello_world.transform_load_task 2023-06-18T15:22:56.377478+00:00 [queued]>
[2023-06-18 15:23:01,738] {taskinstance.py:851} INFO - Dependencies all met for <TaskInstance: hello_world.transform_load_task 2023-06-18T15:22:56.377478+00:00 [queued]>
[2023-06-18 15:23:01,740] {taskinstance.py:1042} INFO - 
--------------------------------------------------------------------------------
[2023-06-18 15:23:01,740] {taskinstance.py:1043} INFO - Starting attempt 1 of 1
[2023-06-18 15:23:01,741] {taskinstance.py:1044} INFO - 
--------------------------------------------------------------------------------
[2023-06-18 15:23:01,763] {taskinstance.py:1063} INFO - Executing <Task(_PythonDecoratedOperator): transform_load_task> on 2023-06-18T15:22:56.377478+00:00
[2023-06-18 15:23:01,770] {standard_task_runner.py:52} INFO - Started process 84 to run task
[2023-06-18 15:23:01,780] {standard_task_runner.py:76} INFO - Running: ['airflow', 'tasks', 'run', 'hello_world', 'transform_load_task', '2023-06-18T15:22:56.377478+00:00', '--job-id', '149', '--pool', 'default_pool', '--raw', '--subdir', 'DAGS_FOLDER/hello_dag.py', '--cfg-path', '/tmp/tmp8vb8c6tc', '--error-file', '/tmp/tmpl5cfocaa']
[2023-06-18 15:23:01,781] {standard_task_runner.py:77} INFO - Job 149: Subtask transform_load_task
[2023-06-18 15:23:01,867] {logging_mixin.py:104} INFO - Running <TaskInstance: hello_world.transform_load_task 2023-06-18T15:22:56.377478+00:00 [running]> on host 7a62ecf52086
[2023-06-18 15:23:01,951] {taskinstance.py:1257} INFO - Exporting the following env vars:
AIRFLOW_CTX_DAG_OWNER=airflow
AIRFLOW_CTX_DAG_ID=hello_world
AIRFLOW_CTX_TASK_ID=transform_load_task
AIRFLOW_CTX_EXECUTION_DATE=2023-06-18T15:22:56.377478+00:00
AIRFLOW_CTX_DAG_RUN_ID=manual__2023-06-18T15:22:56.377478+00:00
[2023-06-18 15:23:02,207] {logging_mixin.py:104} INFO - 08ec9ce9-ce17-4494-aaba-270957466645
[2023-06-18 15:23:02,261] {taskinstance.py:1166} INFO - Marking task as SUCCESS. dag_id=hello_world, task_id=transform_load_task, execution_date=20230618T152256, start_date=20230618T152301, end_date=20230618T152302
[2023-06-18 15:23:02,311] {taskinstance.py:1220} INFO - 0 downstream tasks scheduled from follow-on schedule check
[2023-06-18 15:23:02,372] {local_task_job.py:146} INFO - Task exited with return code 0
