[2023-06-16 15:37:25,283] {taskinstance.py:851} INFO - Dependencies all met for <TaskInstance: hello_world.hello_task 2023-06-16T15:37:20.519356+00:00 [queued]>
[2023-06-16 15:37:25,376] {taskinstance.py:851} INFO - Dependencies all met for <TaskInstance: hello_world.hello_task 2023-06-16T15:37:20.519356+00:00 [queued]>
[2023-06-16 15:37:25,386] {taskinstance.py:1042} INFO - 
--------------------------------------------------------------------------------
[2023-06-16 15:37:25,389] {taskinstance.py:1043} INFO - Starting attempt 1 of 1
[2023-06-16 15:37:25,391] {taskinstance.py:1044} INFO - 
--------------------------------------------------------------------------------
[2023-06-16 15:37:25,485] {taskinstance.py:1063} INFO - Executing <Task(_PythonDecoratedOperator): hello_task> on 2023-06-16T15:37:20.519356+00:00
[2023-06-16 15:37:25,495] {standard_task_runner.py:52} INFO - Started process 79 to run task
[2023-06-16 15:37:25,556] {standard_task_runner.py:76} INFO - Running: ['airflow', 'tasks', 'run', 'hello_world', 'hello_task', '2023-06-16T15:37:20.519356+00:00', '--job-id', '109', '--pool', 'default_pool', '--raw', '--subdir', 'DAGS_FOLDER/hello_dag.py', '--cfg-path', '/tmp/tmpd3eeufmw', '--error-file', '/tmp/tmp0bfr2t2s']
[2023-06-16 15:37:25,559] {standard_task_runner.py:77} INFO - Job 109: Subtask hello_task
[2023-06-16 15:37:25,684] {logging_mixin.py:104} INFO - Running <TaskInstance: hello_world.hello_task 2023-06-16T15:37:20.519356+00:00 [running]> on host 7a62ecf52086
[2023-06-16 15:37:25,779] {taskinstance.py:1257} INFO - Exporting the following env vars:
AIRFLOW_CTX_DAG_OWNER=airflow
AIRFLOW_CTX_DAG_ID=hello_world
AIRFLOW_CTX_TASK_ID=hello_task
AIRFLOW_CTX_EXECUTION_DATE=2023-06-16T15:37:20.519356+00:00
AIRFLOW_CTX_DAG_RUN_ID=manual__2023-06-16T15:37:20.519356+00:00
[2023-06-16 15:37:26,391] {taskinstance.py:1166} INFO - Marking task as SUCCESS. dag_id=hello_world, task_id=hello_task, execution_date=20230616T153720, start_date=20230616T153725, end_date=20230616T153726
[2023-06-16 15:37:26,456] {taskinstance.py:1220} INFO - 0 downstream tasks scheduled from follow-on schedule check
[2023-06-16 15:37:26,535] {local_task_job.py:146} INFO - Task exited with return code 0
