[2023-06-22 22:18:02,923] {taskinstance.py:851} INFO - Dependencies all met for <TaskInstance: etl_dag.load_data_from_to_db 2023-06-22T22:17:48.137445+00:00 [queued]>
[2023-06-22 22:18:02,961] {taskinstance.py:851} INFO - Dependencies all met for <TaskInstance: etl_dag.load_data_from_to_db 2023-06-22T22:17:48.137445+00:00 [queued]>
[2023-06-22 22:18:02,962] {taskinstance.py:1042} INFO - 
--------------------------------------------------------------------------------
[2023-06-22 22:18:02,963] {taskinstance.py:1043} INFO - Starting attempt 1 of 1
[2023-06-22 22:18:02,964] {taskinstance.py:1044} INFO - 
--------------------------------------------------------------------------------
[2023-06-22 22:18:02,991] {taskinstance.py:1063} INFO - Executing <Task(_PythonDecoratedOperator): load_data_from_to_db> on 2023-06-22T22:17:48.137445+00:00
[2023-06-22 22:18:03,009] {standard_task_runner.py:52} INFO - Started process 101 to run task
[2023-06-22 22:18:03,025] {standard_task_runner.py:76} INFO - Running: ['airflow', 'tasks', 'run', 'etl_dag', 'load_data_from_to_db', '2023-06-22T22:17:48.137445+00:00', '--job-id', '182', '--pool', 'default_pool', '--raw', '--subdir', 'DAGS_FOLDER/etl_dag.py', '--cfg-path', '/tmp/tmpbplkqsnb', '--error-file', '/tmp/tmpl9qcw26z']
[2023-06-22 22:18:03,027] {standard_task_runner.py:77} INFO - Job 182: Subtask load_data_from_to_db
[2023-06-22 22:18:03,141] {logging_mixin.py:104} INFO - Running <TaskInstance: etl_dag.load_data_from_to_db 2023-06-22T22:17:48.137445+00:00 [running]> on host d6623819d47a
[2023-06-22 22:18:03,296] {taskinstance.py:1257} INFO - Exporting the following env vars:
AIRFLOW_CTX_DAG_OWNER=airflow
AIRFLOW_CTX_DAG_ID=etl_dag
AIRFLOW_CTX_TASK_ID=load_data_from_to_db
AIRFLOW_CTX_EXECUTION_DATE=2023-06-22T22:17:48.137445+00:00
AIRFLOW_CTX_DAG_RUN_ID=manual__2023-06-22T22:17:48.137445+00:00
[2023-06-22 22:18:03,304] {etl_dag.py:40} INFO - loading data from file: transformed/NYC-CHI-2023-08-12.json
[2023-06-22 22:18:05,638] {etl_dag.py:42} INFO - records inserted: None
[2023-06-22 22:18:05,740] {taskinstance.py:1166} INFO - Marking task as SUCCESS. dag_id=etl_dag, task_id=load_data_from_to_db, execution_date=20230622T221748, start_date=20230622T221802, end_date=20230622T221805
[2023-06-22 22:18:05,845] {taskinstance.py:1220} INFO - 0 downstream tasks scheduled from follow-on schedule check
[2023-06-22 22:18:05,925] {local_task_job.py:146} INFO - Task exited with return code 0
