[2023-06-18 15:31:45,600] {taskinstance.py:851} INFO - Dependencies all met for <TaskInstance: etl_dag.extract_load_task 2023-06-17T00:00:00+00:00 [queued]>
[2023-06-18 15:31:45,654] {taskinstance.py:851} INFO - Dependencies all met for <TaskInstance: etl_dag.extract_load_task 2023-06-17T00:00:00+00:00 [queued]>
[2023-06-18 15:31:45,656] {taskinstance.py:1042} INFO - 
--------------------------------------------------------------------------------
[2023-06-18 15:31:45,659] {taskinstance.py:1043} INFO - Starting attempt 1 of 1
[2023-06-18 15:31:45,662] {taskinstance.py:1044} INFO - 
--------------------------------------------------------------------------------
[2023-06-18 15:31:45,713] {taskinstance.py:1063} INFO - Executing <Task(_PythonDecoratedOperator): extract_load_task> on 2023-06-17T00:00:00+00:00
[2023-06-18 15:31:45,726] {standard_task_runner.py:52} INFO - Started process 79 to run task
[2023-06-18 15:31:45,755] {standard_task_runner.py:76} INFO - Running: ['airflow', 'tasks', 'run', 'etl_dag', 'extract_load_task', '2023-06-17T00:00:00+00:00', '--job-id', '151', '--pool', 'default_pool', '--raw', '--subdir', 'DAGS_FOLDER/etl_dag.py', '--cfg-path', '/tmp/tmpfimr9uud', '--error-file', '/tmp/tmpcewgah3z']
[2023-06-18 15:31:45,758] {standard_task_runner.py:77} INFO - Job 151: Subtask extract_load_task
[2023-06-18 15:31:45,896] {logging_mixin.py:104} INFO - Running <TaskInstance: etl_dag.extract_load_task 2023-06-17T00:00:00+00:00 [running]> on host 7a62ecf52086
[2023-06-18 15:31:46,006] {taskinstance.py:1257} INFO - Exporting the following env vars:
AIRFLOW_CTX_DAG_OWNER=airflow
AIRFLOW_CTX_DAG_ID=etl_dag
AIRFLOW_CTX_TASK_ID=extract_load_task
AIRFLOW_CTX_EXECUTION_DATE=2023-06-17T00:00:00+00:00
AIRFLOW_CTX_DAG_RUN_ID=scheduled__2023-06-17T00:00:00+00:00
[2023-06-18 15:31:46,433] {etl_dag.py:22} INFO - extract load: 6ad70d58-5c79-411e-ba29-3b07bc34f29d
[2023-06-18 15:31:46,488] {taskinstance.py:1166} INFO - Marking task as SUCCESS. dag_id=etl_dag, task_id=extract_load_task, execution_date=20230617T000000, start_date=20230618T153145, end_date=20230618T153146
[2023-06-18 15:31:46,560] {taskinstance.py:1220} INFO - 1 downstream tasks scheduled from follow-on schedule check
[2023-06-18 15:31:46,626] {local_task_job.py:146} INFO - Task exited with return code 0
