[2023-06-23 00:00:18,911] {scheduler_job.py:182} INFO - Started process (PID=430) to work on /opt/airflow/dags/etl_dag.py
[2023-06-23 00:00:18,916] {scheduler_job.py:629} INFO - Processing file /opt/airflow/dags/etl_dag.py for tasks to queue
[2023-06-23 00:00:18,921] {logging_mixin.py:104} INFO - [2023-06-23 00:00:18,920] {dagbag.py:448} INFO - Filling up the DagBag from /opt/airflow/dags/etl_dag.py
[2023-06-23 00:00:20,869] {logging_mixin.py:104} INFO - [2023-06-23 00:00:20,869] {credentials.py:1210} INFO - Found credentials in shared credentials file: /usr/local/airflow/.aws/credentials
[2023-06-23 00:00:21,691] {scheduler_job.py:639} INFO - DAG(s) dict_keys(['etl_dag']) retrieved from /opt/airflow/dags/etl_dag.py
[2023-06-23 00:00:21,760] {logging_mixin.py:104} INFO - [2023-06-23 00:00:21,760] {dag.py:1818} INFO - Sync 1 DAGs
[2023-06-23 00:00:21,805] {logging_mixin.py:104} INFO - [2023-06-23 00:00:21,805] {dag.py:2273} INFO - Setting next_dagrun for etl_dag to None
[2023-06-23 00:00:21,836] {scheduler_job.py:190} INFO - Processing /opt/airflow/dags/etl_dag.py took 2.942 seconds
[2023-06-23 00:00:52,469] {scheduler_job.py:182} INFO - Started process (PID=432) to work on /opt/airflow/dags/etl_dag.py
[2023-06-23 00:00:52,476] {scheduler_job.py:629} INFO - Processing file /opt/airflow/dags/etl_dag.py for tasks to queue
[2023-06-23 00:00:52,480] {logging_mixin.py:104} INFO - [2023-06-23 00:00:52,479] {dagbag.py:448} INFO - Filling up the DagBag from /opt/airflow/dags/etl_dag.py
[2023-06-23 00:00:54,480] {logging_mixin.py:104} INFO - [2023-06-23 00:00:54,479] {credentials.py:1210} INFO - Found credentials in shared credentials file: /usr/local/airflow/.aws/credentials
[2023-06-23 00:00:55,327] {scheduler_job.py:639} INFO - DAG(s) dict_keys(['etl_dag']) retrieved from /opt/airflow/dags/etl_dag.py
[2023-06-23 00:00:55,388] {logging_mixin.py:104} INFO - [2023-06-23 00:00:55,387] {dag.py:1818} INFO - Sync 1 DAGs
[2023-06-23 00:00:55,434] {logging_mixin.py:104} INFO - [2023-06-23 00:00:55,433] {dag.py:2273} INFO - Setting next_dagrun for etl_dag to None
[2023-06-23 00:00:55,453] {scheduler_job.py:190} INFO - Processing /opt/airflow/dags/etl_dag.py took 2.999 seconds
[2023-06-23 00:01:26,014] {scheduler_job.py:182} INFO - Started process (PID=434) to work on /opt/airflow/dags/etl_dag.py
[2023-06-23 00:01:26,021] {scheduler_job.py:629} INFO - Processing file /opt/airflow/dags/etl_dag.py for tasks to queue
[2023-06-23 00:01:26,024] {logging_mixin.py:104} INFO - [2023-06-23 00:01:26,023] {dagbag.py:448} INFO - Filling up the DagBag from /opt/airflow/dags/etl_dag.py
[2023-06-23 00:01:27,933] {logging_mixin.py:104} INFO - [2023-06-23 00:01:27,933] {credentials.py:1210} INFO - Found credentials in shared credentials file: /usr/local/airflow/.aws/credentials
[2023-06-23 00:01:28,899] {scheduler_job.py:639} INFO - DAG(s) dict_keys(['etl_dag']) retrieved from /opt/airflow/dags/etl_dag.py
[2023-06-23 00:01:28,954] {logging_mixin.py:104} INFO - [2023-06-23 00:01:28,953] {dag.py:1818} INFO - Sync 1 DAGs
[2023-06-23 00:01:29,001] {logging_mixin.py:104} INFO - [2023-06-23 00:01:29,000] {dag.py:2273} INFO - Setting next_dagrun for etl_dag to None
[2023-06-23 00:01:29,020] {scheduler_job.py:190} INFO - Processing /opt/airflow/dags/etl_dag.py took 3.017 seconds
[2023-06-23 00:01:59,400] {scheduler_job.py:182} INFO - Started process (PID=436) to work on /opt/airflow/dags/etl_dag.py
[2023-06-23 00:01:59,407] {scheduler_job.py:629} INFO - Processing file /opt/airflow/dags/etl_dag.py for tasks to queue
[2023-06-23 00:01:59,412] {logging_mixin.py:104} INFO - [2023-06-23 00:01:59,411] {dagbag.py:448} INFO - Filling up the DagBag from /opt/airflow/dags/etl_dag.py
[2023-06-23 00:02:01,304] {logging_mixin.py:104} INFO - [2023-06-23 00:02:01,303] {credentials.py:1210} INFO - Found credentials in shared credentials file: /usr/local/airflow/.aws/credentials
[2023-06-23 00:02:02,186] {scheduler_job.py:639} INFO - DAG(s) dict_keys(['etl_dag']) retrieved from /opt/airflow/dags/etl_dag.py
[2023-06-23 00:02:02,289] {logging_mixin.py:104} INFO - [2023-06-23 00:02:02,288] {dag.py:1818} INFO - Sync 1 DAGs
[2023-06-23 00:02:02,340] {logging_mixin.py:104} INFO - [2023-06-23 00:02:02,340] {dag.py:2273} INFO - Setting next_dagrun for etl_dag to None
[2023-06-23 00:02:02,361] {scheduler_job.py:190} INFO - Processing /opt/airflow/dags/etl_dag.py took 2.970 seconds
[2023-06-23 00:02:32,926] {scheduler_job.py:182} INFO - Started process (PID=438) to work on /opt/airflow/dags/etl_dag.py
[2023-06-23 00:02:32,932] {scheduler_job.py:629} INFO - Processing file /opt/airflow/dags/etl_dag.py for tasks to queue
[2023-06-23 00:02:32,934] {logging_mixin.py:104} INFO - [2023-06-23 00:02:32,934] {dagbag.py:448} INFO - Filling up the DagBag from /opt/airflow/dags/etl_dag.py
[2023-06-23 00:02:34,986] {logging_mixin.py:104} INFO - [2023-06-23 00:02:34,985] {credentials.py:1210} INFO - Found credentials in shared credentials file: /usr/local/airflow/.aws/credentials
[2023-06-23 00:02:35,847] {scheduler_job.py:639} INFO - DAG(s) dict_keys(['etl_dag']) retrieved from /opt/airflow/dags/etl_dag.py
[2023-06-23 00:02:35,899] {logging_mixin.py:104} INFO - [2023-06-23 00:02:35,899] {dag.py:1818} INFO - Sync 1 DAGs
[2023-06-23 00:02:35,948] {logging_mixin.py:104} INFO - [2023-06-23 00:02:35,948] {dag.py:2273} INFO - Setting next_dagrun for etl_dag to None
[2023-06-23 00:02:35,970] {scheduler_job.py:190} INFO - Processing /opt/airflow/dags/etl_dag.py took 3.056 seconds
[2023-06-23 00:03:06,285] {scheduler_job.py:182} INFO - Started process (PID=440) to work on /opt/airflow/dags/etl_dag.py
[2023-06-23 00:03:06,292] {scheduler_job.py:629} INFO - Processing file /opt/airflow/dags/etl_dag.py for tasks to queue
[2023-06-23 00:03:06,303] {logging_mixin.py:104} INFO - [2023-06-23 00:03:06,300] {dagbag.py:448} INFO - Filling up the DagBag from /opt/airflow/dags/etl_dag.py
[2023-06-23 00:03:08,345] {logging_mixin.py:104} INFO - [2023-06-23 00:03:08,345] {credentials.py:1210} INFO - Found credentials in shared credentials file: /usr/local/airflow/.aws/credentials
[2023-06-23 00:03:09,202] {scheduler_job.py:639} INFO - DAG(s) dict_keys(['etl_dag']) retrieved from /opt/airflow/dags/etl_dag.py
[2023-06-23 00:03:09,261] {logging_mixin.py:104} INFO - [2023-06-23 00:03:09,260] {dag.py:1818} INFO - Sync 1 DAGs
[2023-06-23 00:03:09,311] {logging_mixin.py:104} INFO - [2023-06-23 00:03:09,311] {dag.py:2273} INFO - Setting next_dagrun for etl_dag to None
[2023-06-23 00:03:09,330] {scheduler_job.py:190} INFO - Processing /opt/airflow/dags/etl_dag.py took 3.066 seconds
[2023-06-23 00:03:39,844] {scheduler_job.py:182} INFO - Started process (PID=442) to work on /opt/airflow/dags/etl_dag.py
[2023-06-23 00:03:39,850] {scheduler_job.py:629} INFO - Processing file /opt/airflow/dags/etl_dag.py for tasks to queue
[2023-06-23 00:03:39,853] {logging_mixin.py:104} INFO - [2023-06-23 00:03:39,853] {dagbag.py:448} INFO - Filling up the DagBag from /opt/airflow/dags/etl_dag.py
[2023-06-23 00:03:41,521] {logging_mixin.py:104} INFO - [2023-06-23 00:03:41,521] {credentials.py:1210} INFO - Found credentials in shared credentials file: /usr/local/airflow/.aws/credentials
[2023-06-23 00:03:42,293] {scheduler_job.py:639} INFO - DAG(s) dict_keys(['etl_dag']) retrieved from /opt/airflow/dags/etl_dag.py
[2023-06-23 00:03:42,344] {logging_mixin.py:104} INFO - [2023-06-23 00:03:42,343] {dag.py:1818} INFO - Sync 1 DAGs
[2023-06-23 00:03:42,383] {logging_mixin.py:104} INFO - [2023-06-23 00:03:42,383] {dag.py:2273} INFO - Setting next_dagrun for etl_dag to None
[2023-06-23 00:03:42,398] {scheduler_job.py:190} INFO - Processing /opt/airflow/dags/etl_dag.py took 2.567 seconds
[2023-06-23 00:04:12,709] {scheduler_job.py:182} INFO - Started process (PID=444) to work on /opt/airflow/dags/etl_dag.py
[2023-06-23 00:04:12,713] {scheduler_job.py:629} INFO - Processing file /opt/airflow/dags/etl_dag.py for tasks to queue
[2023-06-23 00:04:12,716] {logging_mixin.py:104} INFO - [2023-06-23 00:04:12,715] {dagbag.py:448} INFO - Filling up the DagBag from /opt/airflow/dags/etl_dag.py
[2023-06-23 00:04:14,363] {logging_mixin.py:104} INFO - [2023-06-23 00:04:14,363] {credentials.py:1210} INFO - Found credentials in shared credentials file: /usr/local/airflow/.aws/credentials
[2023-06-23 00:04:15,093] {scheduler_job.py:639} INFO - DAG(s) dict_keys(['etl_dag']) retrieved from /opt/airflow/dags/etl_dag.py
[2023-06-23 00:04:15,137] {logging_mixin.py:104} INFO - [2023-06-23 00:04:15,136] {dag.py:1818} INFO - Sync 1 DAGs
[2023-06-23 00:04:15,176] {logging_mixin.py:104} INFO - [2023-06-23 00:04:15,176] {dag.py:2273} INFO - Setting next_dagrun for etl_dag to None
[2023-06-23 00:04:15,190] {scheduler_job.py:190} INFO - Processing /opt/airflow/dags/etl_dag.py took 2.492 seconds
[2023-06-23 00:04:45,735] {scheduler_job.py:182} INFO - Started process (PID=446) to work on /opt/airflow/dags/etl_dag.py
[2023-06-23 00:04:45,742] {scheduler_job.py:629} INFO - Processing file /opt/airflow/dags/etl_dag.py for tasks to queue
[2023-06-23 00:04:45,746] {logging_mixin.py:104} INFO - [2023-06-23 00:04:45,745] {dagbag.py:448} INFO - Filling up the DagBag from /opt/airflow/dags/etl_dag.py
[2023-06-23 00:04:47,461] {logging_mixin.py:104} INFO - [2023-06-23 00:04:47,461] {credentials.py:1210} INFO - Found credentials in shared credentials file: /usr/local/airflow/.aws/credentials
[2023-06-23 00:04:48,184] {scheduler_job.py:639} INFO - DAG(s) dict_keys(['etl_dag']) retrieved from /opt/airflow/dags/etl_dag.py
[2023-06-23 00:04:48,234] {logging_mixin.py:104} INFO - [2023-06-23 00:04:48,234] {dag.py:1818} INFO - Sync 1 DAGs
[2023-06-23 00:04:48,289] {logging_mixin.py:104} INFO - [2023-06-23 00:04:48,289] {dag.py:2273} INFO - Setting next_dagrun for etl_dag to None
[2023-06-23 00:04:48,304] {scheduler_job.py:190} INFO - Processing /opt/airflow/dags/etl_dag.py took 2.578 seconds
[2023-06-23 00:05:18,483] {scheduler_job.py:182} INFO - Started process (PID=448) to work on /opt/airflow/dags/etl_dag.py
[2023-06-23 00:05:18,493] {scheduler_job.py:629} INFO - Processing file /opt/airflow/dags/etl_dag.py for tasks to queue
[2023-06-23 00:05:18,496] {logging_mixin.py:104} INFO - [2023-06-23 00:05:18,496] {dagbag.py:448} INFO - Filling up the DagBag from /opt/airflow/dags/etl_dag.py
[2023-06-23 00:05:20,173] {logging_mixin.py:104} INFO - [2023-06-23 00:05:20,172] {credentials.py:1210} INFO - Found credentials in shared credentials file: /usr/local/airflow/.aws/credentials
[2023-06-23 00:05:20,944] {scheduler_job.py:639} INFO - DAG(s) dict_keys(['etl_dag']) retrieved from /opt/airflow/dags/etl_dag.py
[2023-06-23 00:05:20,988] {logging_mixin.py:104} INFO - [2023-06-23 00:05:20,988] {dag.py:1818} INFO - Sync 1 DAGs
[2023-06-23 00:05:21,027] {logging_mixin.py:104} INFO - [2023-06-23 00:05:21,027] {dag.py:2273} INFO - Setting next_dagrun for etl_dag to None
[2023-06-23 00:05:21,041] {scheduler_job.py:190} INFO - Processing /opt/airflow/dags/etl_dag.py took 2.580 seconds
[2023-06-23 00:05:51,366] {scheduler_job.py:182} INFO - Started process (PID=450) to work on /opt/airflow/dags/etl_dag.py
[2023-06-23 00:05:51,372] {scheduler_job.py:629} INFO - Processing file /opt/airflow/dags/etl_dag.py for tasks to queue
[2023-06-23 00:05:51,374] {logging_mixin.py:104} INFO - [2023-06-23 00:05:51,374] {dagbag.py:448} INFO - Filling up the DagBag from /opt/airflow/dags/etl_dag.py
[2023-06-23 00:05:53,078] {logging_mixin.py:104} INFO - [2023-06-23 00:05:53,078] {credentials.py:1210} INFO - Found credentials in shared credentials file: /usr/local/airflow/.aws/credentials
[2023-06-23 00:05:53,825] {scheduler_job.py:639} INFO - DAG(s) dict_keys(['etl_dag']) retrieved from /opt/airflow/dags/etl_dag.py
[2023-06-23 00:05:53,869] {logging_mixin.py:104} INFO - [2023-06-23 00:05:53,868] {dag.py:1818} INFO - Sync 1 DAGs
[2023-06-23 00:05:53,908] {logging_mixin.py:104} INFO - [2023-06-23 00:05:53,907] {dag.py:2273} INFO - Setting next_dagrun for etl_dag to None
[2023-06-23 00:05:53,922] {scheduler_job.py:190} INFO - Processing /opt/airflow/dags/etl_dag.py took 2.566 seconds
[2023-06-23 00:06:24,294] {scheduler_job.py:182} INFO - Started process (PID=452) to work on /opt/airflow/dags/etl_dag.py
[2023-06-23 00:06:24,299] {scheduler_job.py:629} INFO - Processing file /opt/airflow/dags/etl_dag.py for tasks to queue
[2023-06-23 00:06:24,308] {logging_mixin.py:104} INFO - [2023-06-23 00:06:24,307] {dagbag.py:448} INFO - Filling up the DagBag from /opt/airflow/dags/etl_dag.py
[2023-06-23 00:06:26,010] {logging_mixin.py:104} INFO - [2023-06-23 00:06:26,009] {credentials.py:1210} INFO - Found credentials in shared credentials file: /usr/local/airflow/.aws/credentials
[2023-06-23 00:06:26,750] {scheduler_job.py:639} INFO - DAG(s) dict_keys(['etl_dag']) retrieved from /opt/airflow/dags/etl_dag.py
[2023-06-23 00:06:26,798] {logging_mixin.py:104} INFO - [2023-06-23 00:06:26,798] {dag.py:1818} INFO - Sync 1 DAGs
[2023-06-23 00:06:26,845] {logging_mixin.py:104} INFO - [2023-06-23 00:06:26,844] {dag.py:2273} INFO - Setting next_dagrun for etl_dag to None
[2023-06-23 00:06:26,860] {scheduler_job.py:190} INFO - Processing /opt/airflow/dags/etl_dag.py took 2.574 seconds
[2023-06-23 00:06:57,371] {scheduler_job.py:182} INFO - Started process (PID=454) to work on /opt/airflow/dags/etl_dag.py
[2023-06-23 00:06:57,377] {scheduler_job.py:629} INFO - Processing file /opt/airflow/dags/etl_dag.py for tasks to queue
[2023-06-23 00:06:57,380] {logging_mixin.py:104} INFO - [2023-06-23 00:06:57,379] {dagbag.py:448} INFO - Filling up the DagBag from /opt/airflow/dags/etl_dag.py
[2023-06-23 00:06:59,099] {logging_mixin.py:104} INFO - [2023-06-23 00:06:59,098] {credentials.py:1210} INFO - Found credentials in shared credentials file: /usr/local/airflow/.aws/credentials
[2023-06-23 00:06:59,848] {scheduler_job.py:639} INFO - DAG(s) dict_keys(['etl_dag']) retrieved from /opt/airflow/dags/etl_dag.py
[2023-06-23 00:06:59,893] {logging_mixin.py:104} INFO - [2023-06-23 00:06:59,893] {dag.py:1818} INFO - Sync 1 DAGs
[2023-06-23 00:06:59,933] {logging_mixin.py:104} INFO - [2023-06-23 00:06:59,933] {dag.py:2273} INFO - Setting next_dagrun for etl_dag to None
[2023-06-23 00:06:59,948] {scheduler_job.py:190} INFO - Processing /opt/airflow/dags/etl_dag.py took 2.592 seconds
[2023-06-23 00:07:30,309] {scheduler_job.py:182} INFO - Started process (PID=456) to work on /opt/airflow/dags/etl_dag.py
[2023-06-23 00:07:30,315] {scheduler_job.py:629} INFO - Processing file /opt/airflow/dags/etl_dag.py for tasks to queue
[2023-06-23 00:07:30,319] {logging_mixin.py:104} INFO - [2023-06-23 00:07:30,318] {dagbag.py:448} INFO - Filling up the DagBag from /opt/airflow/dags/etl_dag.py
[2023-06-23 00:07:32,009] {logging_mixin.py:104} INFO - [2023-06-23 00:07:32,008] {credentials.py:1210} INFO - Found credentials in shared credentials file: /usr/local/airflow/.aws/credentials
[2023-06-23 00:07:32,760] {scheduler_job.py:639} INFO - DAG(s) dict_keys(['etl_dag']) retrieved from /opt/airflow/dags/etl_dag.py
[2023-06-23 00:07:32,807] {logging_mixin.py:104} INFO - [2023-06-23 00:07:32,806] {dag.py:1818} INFO - Sync 1 DAGs
[2023-06-23 00:07:32,847] {logging_mixin.py:104} INFO - [2023-06-23 00:07:32,847] {dag.py:2273} INFO - Setting next_dagrun for etl_dag to None
[2023-06-23 00:07:32,862] {scheduler_job.py:190} INFO - Processing /opt/airflow/dags/etl_dag.py took 2.568 seconds
[2023-06-23 00:08:03,162] {scheduler_job.py:182} INFO - Started process (PID=458) to work on /opt/airflow/dags/etl_dag.py
[2023-06-23 00:08:03,167] {scheduler_job.py:629} INFO - Processing file /opt/airflow/dags/etl_dag.py for tasks to queue
[2023-06-23 00:08:03,169] {logging_mixin.py:104} INFO - [2023-06-23 00:08:03,169] {dagbag.py:448} INFO - Filling up the DagBag from /opt/airflow/dags/etl_dag.py
[2023-06-23 00:08:04,867] {logging_mixin.py:104} INFO - [2023-06-23 00:08:04,867] {credentials.py:1210} INFO - Found credentials in shared credentials file: /usr/local/airflow/.aws/credentials
[2023-06-23 00:08:05,589] {scheduler_job.py:639} INFO - DAG(s) dict_keys(['etl_dag']) retrieved from /opt/airflow/dags/etl_dag.py
[2023-06-23 00:08:05,634] {logging_mixin.py:104} INFO - [2023-06-23 00:08:05,633] {dag.py:1818} INFO - Sync 1 DAGs
[2023-06-23 00:08:05,672] {logging_mixin.py:104} INFO - [2023-06-23 00:08:05,672] {dag.py:2273} INFO - Setting next_dagrun for etl_dag to None
[2023-06-23 00:08:05,686] {scheduler_job.py:190} INFO - Processing /opt/airflow/dags/etl_dag.py took 2.532 seconds
[2023-06-23 00:08:36,063] {scheduler_job.py:182} INFO - Started process (PID=460) to work on /opt/airflow/dags/etl_dag.py
[2023-06-23 00:08:36,070] {scheduler_job.py:629} INFO - Processing file /opt/airflow/dags/etl_dag.py for tasks to queue
[2023-06-23 00:08:36,073] {logging_mixin.py:104} INFO - [2023-06-23 00:08:36,072] {dagbag.py:448} INFO - Filling up the DagBag from /opt/airflow/dags/etl_dag.py
[2023-06-23 00:08:37,733] {logging_mixin.py:104} INFO - [2023-06-23 00:08:37,732] {credentials.py:1210} INFO - Found credentials in shared credentials file: /usr/local/airflow/.aws/credentials
[2023-06-23 00:08:38,493] {scheduler_job.py:639} INFO - DAG(s) dict_keys(['etl_dag']) retrieved from /opt/airflow/dags/etl_dag.py
[2023-06-23 00:08:38,540] {logging_mixin.py:104} INFO - [2023-06-23 00:08:38,540] {dag.py:1818} INFO - Sync 1 DAGs
[2023-06-23 00:08:38,580] {logging_mixin.py:104} INFO - [2023-06-23 00:08:38,580] {dag.py:2273} INFO - Setting next_dagrun for etl_dag to None
[2023-06-23 00:08:38,594] {scheduler_job.py:190} INFO - Processing /opt/airflow/dags/etl_dag.py took 2.544 seconds
[2023-06-23 00:09:09,220] {scheduler_job.py:182} INFO - Started process (PID=462) to work on /opt/airflow/dags/etl_dag.py
[2023-06-23 00:09:09,226] {scheduler_job.py:629} INFO - Processing file /opt/airflow/dags/etl_dag.py for tasks to queue
[2023-06-23 00:09:09,229] {logging_mixin.py:104} INFO - [2023-06-23 00:09:09,229] {dagbag.py:448} INFO - Filling up the DagBag from /opt/airflow/dags/etl_dag.py
[2023-06-23 00:09:10,918] {logging_mixin.py:104} INFO - [2023-06-23 00:09:10,918] {credentials.py:1210} INFO - Found credentials in shared credentials file: /usr/local/airflow/.aws/credentials
[2023-06-23 00:09:11,654] {scheduler_job.py:639} INFO - DAG(s) dict_keys(['etl_dag']) retrieved from /opt/airflow/dags/etl_dag.py
[2023-06-23 00:09:11,698] {logging_mixin.py:104} INFO - [2023-06-23 00:09:11,698] {dag.py:1818} INFO - Sync 1 DAGs
[2023-06-23 00:09:11,744] {logging_mixin.py:104} INFO - [2023-06-23 00:09:11,743] {dag.py:2273} INFO - Setting next_dagrun for etl_dag to None
[2023-06-23 00:09:11,761] {scheduler_job.py:190} INFO - Processing /opt/airflow/dags/etl_dag.py took 2.556 seconds
[2023-06-23 00:09:42,238] {scheduler_job.py:182} INFO - Started process (PID=464) to work on /opt/airflow/dags/etl_dag.py
[2023-06-23 00:09:42,243] {scheduler_job.py:629} INFO - Processing file /opt/airflow/dags/etl_dag.py for tasks to queue
[2023-06-23 00:09:42,245] {logging_mixin.py:104} INFO - [2023-06-23 00:09:42,245] {dagbag.py:448} INFO - Filling up the DagBag from /opt/airflow/dags/etl_dag.py
[2023-06-23 00:09:43,995] {logging_mixin.py:104} INFO - [2023-06-23 00:09:43,995] {credentials.py:1210} INFO - Found credentials in shared credentials file: /usr/local/airflow/.aws/credentials
[2023-06-23 00:09:44,806] {scheduler_job.py:639} INFO - DAG(s) dict_keys(['etl_dag']) retrieved from /opt/airflow/dags/etl_dag.py
[2023-06-23 00:09:44,850] {logging_mixin.py:104} INFO - [2023-06-23 00:09:44,850] {dag.py:1818} INFO - Sync 1 DAGs
[2023-06-23 00:09:44,890] {logging_mixin.py:104} INFO - [2023-06-23 00:09:44,889] {dag.py:2273} INFO - Setting next_dagrun for etl_dag to None
[2023-06-23 00:09:44,904] {scheduler_job.py:190} INFO - Processing /opt/airflow/dags/etl_dag.py took 2.678 seconds
[2023-06-23 00:10:15,494] {scheduler_job.py:182} INFO - Started process (PID=466) to work on /opt/airflow/dags/etl_dag.py
[2023-06-23 00:10:15,500] {scheduler_job.py:629} INFO - Processing file /opt/airflow/dags/etl_dag.py for tasks to queue
[2023-06-23 00:10:15,503] {logging_mixin.py:104} INFO - [2023-06-23 00:10:15,502] {dagbag.py:448} INFO - Filling up the DagBag from /opt/airflow/dags/etl_dag.py
[2023-06-23 00:10:17,201] {logging_mixin.py:104} INFO - [2023-06-23 00:10:17,201] {credentials.py:1210} INFO - Found credentials in shared credentials file: /usr/local/airflow/.aws/credentials
[2023-06-23 00:10:17,977] {scheduler_job.py:639} INFO - DAG(s) dict_keys(['etl_dag']) retrieved from /opt/airflow/dags/etl_dag.py
[2023-06-23 00:10:18,021] {logging_mixin.py:104} INFO - [2023-06-23 00:10:18,020] {dag.py:1818} INFO - Sync 1 DAGs
[2023-06-23 00:10:18,060] {logging_mixin.py:104} INFO - [2023-06-23 00:10:18,059] {dag.py:2273} INFO - Setting next_dagrun for etl_dag to None
[2023-06-23 00:10:18,074] {scheduler_job.py:190} INFO - Processing /opt/airflow/dags/etl_dag.py took 2.593 seconds
[2023-06-23 00:10:48,528] {scheduler_job.py:182} INFO - Started process (PID=468) to work on /opt/airflow/dags/etl_dag.py
[2023-06-23 00:10:48,535] {scheduler_job.py:629} INFO - Processing file /opt/airflow/dags/etl_dag.py for tasks to queue
[2023-06-23 00:10:48,538] {logging_mixin.py:104} INFO - [2023-06-23 00:10:48,537] {dagbag.py:448} INFO - Filling up the DagBag from /opt/airflow/dags/etl_dag.py
[2023-06-23 00:10:50,195] {logging_mixin.py:104} INFO - [2023-06-23 00:10:50,194] {credentials.py:1210} INFO - Found credentials in shared credentials file: /usr/local/airflow/.aws/credentials
[2023-06-23 00:10:50,924] {scheduler_job.py:639} INFO - DAG(s) dict_keys(['etl_dag']) retrieved from /opt/airflow/dags/etl_dag.py
[2023-06-23 00:10:50,974] {logging_mixin.py:104} INFO - [2023-06-23 00:10:50,974] {dag.py:1818} INFO - Sync 1 DAGs
[2023-06-23 00:10:51,015] {logging_mixin.py:104} INFO - [2023-06-23 00:10:51,014] {dag.py:2273} INFO - Setting next_dagrun for etl_dag to None
[2023-06-23 00:10:51,029] {scheduler_job.py:190} INFO - Processing /opt/airflow/dags/etl_dag.py took 2.514 seconds
[2023-06-23 00:11:21,490] {scheduler_job.py:182} INFO - Started process (PID=470) to work on /opt/airflow/dags/etl_dag.py
[2023-06-23 00:11:21,495] {scheduler_job.py:629} INFO - Processing file /opt/airflow/dags/etl_dag.py for tasks to queue
[2023-06-23 00:11:21,498] {logging_mixin.py:104} INFO - [2023-06-23 00:11:21,497] {dagbag.py:448} INFO - Filling up the DagBag from /opt/airflow/dags/etl_dag.py
[2023-06-23 00:11:23,196] {logging_mixin.py:104} INFO - [2023-06-23 00:11:23,195] {credentials.py:1210} INFO - Found credentials in shared credentials file: /usr/local/airflow/.aws/credentials
[2023-06-23 00:11:23,919] {scheduler_job.py:639} INFO - DAG(s) dict_keys(['etl_dag']) retrieved from /opt/airflow/dags/etl_dag.py
[2023-06-23 00:11:23,964] {logging_mixin.py:104} INFO - [2023-06-23 00:11:23,963] {dag.py:1818} INFO - Sync 1 DAGs
[2023-06-23 00:11:24,003] {logging_mixin.py:104} INFO - [2023-06-23 00:11:24,002] {dag.py:2273} INFO - Setting next_dagrun for etl_dag to None
[2023-06-23 00:11:24,017] {scheduler_job.py:190} INFO - Processing /opt/airflow/dags/etl_dag.py took 2.540 seconds
[2023-06-23 00:11:54,462] {scheduler_job.py:182} INFO - Started process (PID=472) to work on /opt/airflow/dags/etl_dag.py
[2023-06-23 00:11:54,467] {scheduler_job.py:629} INFO - Processing file /opt/airflow/dags/etl_dag.py for tasks to queue
[2023-06-23 00:11:54,469] {logging_mixin.py:104} INFO - [2023-06-23 00:11:54,469] {dagbag.py:448} INFO - Filling up the DagBag from /opt/airflow/dags/etl_dag.py
[2023-06-23 00:11:56,203] {logging_mixin.py:104} INFO - [2023-06-23 00:11:56,203] {credentials.py:1210} INFO - Found credentials in shared credentials file: /usr/local/airflow/.aws/credentials
[2023-06-23 00:11:57,037] {scheduler_job.py:639} INFO - DAG(s) dict_keys(['etl_dag']) retrieved from /opt/airflow/dags/etl_dag.py
[2023-06-23 00:11:57,085] {logging_mixin.py:104} INFO - [2023-06-23 00:11:57,084] {dag.py:1818} INFO - Sync 1 DAGs
[2023-06-23 00:11:57,126] {logging_mixin.py:104} INFO - [2023-06-23 00:11:57,126] {dag.py:2273} INFO - Setting next_dagrun for etl_dag to None
[2023-06-23 00:11:57,141] {scheduler_job.py:190} INFO - Processing /opt/airflow/dags/etl_dag.py took 2.687 seconds
[2023-06-23 00:12:27,532] {scheduler_job.py:182} INFO - Started process (PID=474) to work on /opt/airflow/dags/etl_dag.py
[2023-06-23 00:12:27,538] {scheduler_job.py:629} INFO - Processing file /opt/airflow/dags/etl_dag.py for tasks to queue
[2023-06-23 00:12:27,541] {logging_mixin.py:104} INFO - [2023-06-23 00:12:27,540] {dagbag.py:448} INFO - Filling up the DagBag from /opt/airflow/dags/etl_dag.py
[2023-06-23 00:12:29,505] {logging_mixin.py:104} INFO - [2023-06-23 00:12:29,504] {credentials.py:1210} INFO - Found credentials in shared credentials file: /usr/local/airflow/.aws/credentials
[2023-06-23 00:12:30,398] {scheduler_job.py:639} INFO - DAG(s) dict_keys(['etl_dag']) retrieved from /opt/airflow/dags/etl_dag.py
[2023-06-23 00:12:30,459] {logging_mixin.py:104} INFO - [2023-06-23 00:12:30,459] {dag.py:1818} INFO - Sync 1 DAGs
[2023-06-23 00:12:30,507] {logging_mixin.py:104} INFO - [2023-06-23 00:12:30,507] {dag.py:2273} INFO - Setting next_dagrun for etl_dag to None
[2023-06-23 00:12:30,526] {scheduler_job.py:190} INFO - Processing /opt/airflow/dags/etl_dag.py took 3.003 seconds
[2023-06-23 00:13:00,994] {scheduler_job.py:182} INFO - Started process (PID=476) to work on /opt/airflow/dags/etl_dag.py
[2023-06-23 00:13:00,999] {scheduler_job.py:629} INFO - Processing file /opt/airflow/dags/etl_dag.py for tasks to queue
[2023-06-23 00:13:01,003] {logging_mixin.py:104} INFO - [2023-06-23 00:13:01,002] {dagbag.py:448} INFO - Filling up the DagBag from /opt/airflow/dags/etl_dag.py
[2023-06-23 00:13:02,917] {logging_mixin.py:104} INFO - [2023-06-23 00:13:02,916] {credentials.py:1210} INFO - Found credentials in shared credentials file: /usr/local/airflow/.aws/credentials
[2023-06-23 00:13:03,720] {scheduler_job.py:639} INFO - DAG(s) dict_keys(['etl_dag']) retrieved from /opt/airflow/dags/etl_dag.py
[2023-06-23 00:13:03,771] {logging_mixin.py:104} INFO - [2023-06-23 00:13:03,771] {dag.py:1818} INFO - Sync 1 DAGs
[2023-06-23 00:13:03,816] {logging_mixin.py:104} INFO - [2023-06-23 00:13:03,816] {dag.py:2273} INFO - Setting next_dagrun for etl_dag to None
[2023-06-23 00:13:03,833] {scheduler_job.py:190} INFO - Processing /opt/airflow/dags/etl_dag.py took 2.850 seconds
[2023-06-23 00:13:34,143] {scheduler_job.py:182} INFO - Started process (PID=478) to work on /opt/airflow/dags/etl_dag.py
[2023-06-23 00:13:34,149] {scheduler_job.py:629} INFO - Processing file /opt/airflow/dags/etl_dag.py for tasks to queue
[2023-06-23 00:13:34,154] {logging_mixin.py:104} INFO - [2023-06-23 00:13:34,153] {dagbag.py:448} INFO - Filling up the DagBag from /opt/airflow/dags/etl_dag.py
[2023-06-23 00:13:36,079] {logging_mixin.py:104} INFO - [2023-06-23 00:13:36,079] {credentials.py:1210} INFO - Found credentials in shared credentials file: /usr/local/airflow/.aws/credentials
[2023-06-23 00:13:36,970] {scheduler_job.py:639} INFO - DAG(s) dict_keys(['etl_dag']) retrieved from /opt/airflow/dags/etl_dag.py
[2023-06-23 00:13:37,036] {logging_mixin.py:104} INFO - [2023-06-23 00:13:37,036] {dag.py:1818} INFO - Sync 1 DAGs
[2023-06-23 00:13:37,084] {logging_mixin.py:104} INFO - [2023-06-23 00:13:37,083] {dag.py:2273} INFO - Setting next_dagrun for etl_dag to None
[2023-06-23 00:13:37,101] {scheduler_job.py:190} INFO - Processing /opt/airflow/dags/etl_dag.py took 2.969 seconds
[2023-06-23 00:14:07,869] {scheduler_job.py:182} INFO - Started process (PID=480) to work on /opt/airflow/dags/etl_dag.py
[2023-06-23 00:14:07,882] {scheduler_job.py:629} INFO - Processing file /opt/airflow/dags/etl_dag.py for tasks to queue
[2023-06-23 00:14:07,890] {logging_mixin.py:104} INFO - [2023-06-23 00:14:07,890] {dagbag.py:448} INFO - Filling up the DagBag from /opt/airflow/dags/etl_dag.py
[2023-06-23 00:14:09,940] {logging_mixin.py:104} INFO - [2023-06-23 00:14:09,940] {credentials.py:1210} INFO - Found credentials in shared credentials file: /usr/local/airflow/.aws/credentials
[2023-06-23 00:14:10,796] {scheduler_job.py:639} INFO - DAG(s) dict_keys(['etl_dag']) retrieved from /opt/airflow/dags/etl_dag.py
[2023-06-23 00:14:10,855] {logging_mixin.py:104} INFO - [2023-06-23 00:14:10,854] {dag.py:1818} INFO - Sync 1 DAGs
[2023-06-23 00:14:10,906] {logging_mixin.py:104} INFO - [2023-06-23 00:14:10,905] {dag.py:2273} INFO - Setting next_dagrun for etl_dag to None
[2023-06-23 00:14:10,925] {scheduler_job.py:190} INFO - Processing /opt/airflow/dags/etl_dag.py took 3.077 seconds
[2023-06-23 00:14:41,208] {scheduler_job.py:182} INFO - Started process (PID=482) to work on /opt/airflow/dags/etl_dag.py
[2023-06-23 00:14:41,213] {scheduler_job.py:629} INFO - Processing file /opt/airflow/dags/etl_dag.py for tasks to queue
[2023-06-23 00:14:41,217] {logging_mixin.py:104} INFO - [2023-06-23 00:14:41,216] {dagbag.py:448} INFO - Filling up the DagBag from /opt/airflow/dags/etl_dag.py
[2023-06-23 00:14:43,110] {logging_mixin.py:104} INFO - [2023-06-23 00:14:43,110] {credentials.py:1210} INFO - Found credentials in shared credentials file: /usr/local/airflow/.aws/credentials
[2023-06-23 00:14:43,929] {scheduler_job.py:639} INFO - DAG(s) dict_keys(['etl_dag']) retrieved from /opt/airflow/dags/etl_dag.py
[2023-06-23 00:14:43,979] {logging_mixin.py:104} INFO - [2023-06-23 00:14:43,979] {dag.py:1818} INFO - Sync 1 DAGs
[2023-06-23 00:14:44,022] {logging_mixin.py:104} INFO - [2023-06-23 00:14:44,022] {dag.py:2273} INFO - Setting next_dagrun for etl_dag to None
[2023-06-23 00:14:44,040] {scheduler_job.py:190} INFO - Processing /opt/airflow/dags/etl_dag.py took 2.842 seconds
[2023-06-23 00:15:14,518] {scheduler_job.py:182} INFO - Started process (PID=484) to work on /opt/airflow/dags/etl_dag.py
[2023-06-23 00:15:14,523] {scheduler_job.py:629} INFO - Processing file /opt/airflow/dags/etl_dag.py for tasks to queue
[2023-06-23 00:15:14,526] {logging_mixin.py:104} INFO - [2023-06-23 00:15:14,526] {dagbag.py:448} INFO - Filling up the DagBag from /opt/airflow/dags/etl_dag.py
[2023-06-23 00:15:16,409] {logging_mixin.py:104} INFO - [2023-06-23 00:15:16,408] {credentials.py:1210} INFO - Found credentials in shared credentials file: /usr/local/airflow/.aws/credentials
[2023-06-23 00:15:17,259] {scheduler_job.py:639} INFO - DAG(s) dict_keys(['etl_dag']) retrieved from /opt/airflow/dags/etl_dag.py
[2023-06-23 00:15:17,309] {logging_mixin.py:104} INFO - [2023-06-23 00:15:17,308] {dag.py:1818} INFO - Sync 1 DAGs
[2023-06-23 00:15:17,356] {logging_mixin.py:104} INFO - [2023-06-23 00:15:17,356] {dag.py:2273} INFO - Setting next_dagrun for etl_dag to None
[2023-06-23 00:15:17,374] {scheduler_job.py:190} INFO - Processing /opt/airflow/dags/etl_dag.py took 2.873 seconds
[2023-06-23 00:15:47,784] {scheduler_job.py:182} INFO - Started process (PID=486) to work on /opt/airflow/dags/etl_dag.py
[2023-06-23 00:15:47,793] {scheduler_job.py:629} INFO - Processing file /opt/airflow/dags/etl_dag.py for tasks to queue
[2023-06-23 00:15:47,796] {logging_mixin.py:104} INFO - [2023-06-23 00:15:47,796] {dagbag.py:448} INFO - Filling up the DagBag from /opt/airflow/dags/etl_dag.py
[2023-06-23 00:15:49,713] {logging_mixin.py:104} INFO - [2023-06-23 00:15:49,712] {credentials.py:1210} INFO - Found credentials in shared credentials file: /usr/local/airflow/.aws/credentials
[2023-06-23 00:15:50,521] {scheduler_job.py:639} INFO - DAG(s) dict_keys(['etl_dag']) retrieved from /opt/airflow/dags/etl_dag.py
[2023-06-23 00:15:50,573] {logging_mixin.py:104} INFO - [2023-06-23 00:15:50,572] {dag.py:1818} INFO - Sync 1 DAGs
[2023-06-23 00:15:50,618] {logging_mixin.py:104} INFO - [2023-06-23 00:15:50,617] {dag.py:2273} INFO - Setting next_dagrun for etl_dag to None
[2023-06-23 00:15:50,636] {scheduler_job.py:190} INFO - Processing /opt/airflow/dags/etl_dag.py took 2.862 seconds
[2023-06-23 00:16:21,010] {scheduler_job.py:182} INFO - Started process (PID=488) to work on /opt/airflow/dags/etl_dag.py
[2023-06-23 00:16:21,026] {scheduler_job.py:629} INFO - Processing file /opt/airflow/dags/etl_dag.py for tasks to queue
[2023-06-23 00:16:21,034] {logging_mixin.py:104} INFO - [2023-06-23 00:16:21,034] {dagbag.py:448} INFO - Filling up the DagBag from /opt/airflow/dags/etl_dag.py
[2023-06-23 00:16:23,054] {logging_mixin.py:104} INFO - [2023-06-23 00:16:23,053] {credentials.py:1210} INFO - Found credentials in shared credentials file: /usr/local/airflow/.aws/credentials
[2023-06-23 00:16:23,969] {scheduler_job.py:639} INFO - DAG(s) dict_keys(['etl_dag']) retrieved from /opt/airflow/dags/etl_dag.py
[2023-06-23 00:16:24,031] {logging_mixin.py:104} INFO - [2023-06-23 00:16:24,031] {dag.py:1818} INFO - Sync 1 DAGs
[2023-06-23 00:16:24,094] {logging_mixin.py:104} INFO - [2023-06-23 00:16:24,094] {dag.py:2273} INFO - Setting next_dagrun for etl_dag to None
[2023-06-23 00:16:24,117] {scheduler_job.py:190} INFO - Processing /opt/airflow/dags/etl_dag.py took 3.121 seconds
[2023-06-23 00:16:54,570] {scheduler_job.py:182} INFO - Started process (PID=490) to work on /opt/airflow/dags/etl_dag.py
[2023-06-23 00:16:54,577] {scheduler_job.py:629} INFO - Processing file /opt/airflow/dags/etl_dag.py for tasks to queue
[2023-06-23 00:16:54,581] {logging_mixin.py:104} INFO - [2023-06-23 00:16:54,580] {dagbag.py:448} INFO - Filling up the DagBag from /opt/airflow/dags/etl_dag.py
[2023-06-23 00:16:56,551] {logging_mixin.py:104} INFO - [2023-06-23 00:16:56,550] {credentials.py:1210} INFO - Found credentials in shared credentials file: /usr/local/airflow/.aws/credentials
[2023-06-23 00:16:57,444] {scheduler_job.py:639} INFO - DAG(s) dict_keys(['etl_dag']) retrieved from /opt/airflow/dags/etl_dag.py
[2023-06-23 00:16:57,503] {logging_mixin.py:104} INFO - [2023-06-23 00:16:57,503] {dag.py:1818} INFO - Sync 1 DAGs
[2023-06-23 00:16:57,564] {logging_mixin.py:104} INFO - [2023-06-23 00:16:57,563] {dag.py:2273} INFO - Setting next_dagrun for etl_dag to None
[2023-06-23 00:16:57,583] {scheduler_job.py:190} INFO - Processing /opt/airflow/dags/etl_dag.py took 3.022 seconds
[2023-06-23 00:17:28,033] {scheduler_job.py:182} INFO - Started process (PID=492) to work on /opt/airflow/dags/etl_dag.py
[2023-06-23 00:17:28,039] {scheduler_job.py:629} INFO - Processing file /opt/airflow/dags/etl_dag.py for tasks to queue
[2023-06-23 00:17:28,043] {logging_mixin.py:104} INFO - [2023-06-23 00:17:28,042] {dagbag.py:448} INFO - Filling up the DagBag from /opt/airflow/dags/etl_dag.py
[2023-06-23 00:17:30,114] {logging_mixin.py:104} INFO - [2023-06-23 00:17:30,113] {credentials.py:1210} INFO - Found credentials in shared credentials file: /usr/local/airflow/.aws/credentials
[2023-06-23 00:17:30,968] {scheduler_job.py:639} INFO - DAG(s) dict_keys(['etl_dag']) retrieved from /opt/airflow/dags/etl_dag.py
[2023-06-23 00:17:31,035] {logging_mixin.py:104} INFO - [2023-06-23 00:17:31,035] {dag.py:1818} INFO - Sync 1 DAGs
[2023-06-23 00:17:31,100] {logging_mixin.py:104} INFO - [2023-06-23 00:17:31,100] {dag.py:2273} INFO - Setting next_dagrun for etl_dag to None
[2023-06-23 00:17:31,119] {scheduler_job.py:190} INFO - Processing /opt/airflow/dags/etl_dag.py took 3.100 seconds
[2023-06-23 00:18:01,582] {scheduler_job.py:182} INFO - Started process (PID=494) to work on /opt/airflow/dags/etl_dag.py
[2023-06-23 00:18:01,586] {scheduler_job.py:629} INFO - Processing file /opt/airflow/dags/etl_dag.py for tasks to queue
[2023-06-23 00:18:01,588] {logging_mixin.py:104} INFO - [2023-06-23 00:18:01,588] {dagbag.py:448} INFO - Filling up the DagBag from /opt/airflow/dags/etl_dag.py
[2023-06-23 00:18:03,296] {logging_mixin.py:104} INFO - [2023-06-23 00:18:03,295] {credentials.py:1210} INFO - Found credentials in shared credentials file: /usr/local/airflow/.aws/credentials
[2023-06-23 00:18:04,039] {scheduler_job.py:639} INFO - DAG(s) dict_keys(['etl_dag']) retrieved from /opt/airflow/dags/etl_dag.py
[2023-06-23 00:18:04,083] {logging_mixin.py:104} INFO - [2023-06-23 00:18:04,083] {dag.py:1818} INFO - Sync 1 DAGs
[2023-06-23 00:18:04,132] {logging_mixin.py:104} INFO - [2023-06-23 00:18:04,132] {dag.py:2273} INFO - Setting next_dagrun for etl_dag to None
[2023-06-23 00:18:04,147] {scheduler_job.py:190} INFO - Processing /opt/airflow/dags/etl_dag.py took 2.577 seconds
[2023-06-23 00:18:34,473] {scheduler_job.py:182} INFO - Started process (PID=496) to work on /opt/airflow/dags/etl_dag.py
[2023-06-23 00:18:34,479] {scheduler_job.py:629} INFO - Processing file /opt/airflow/dags/etl_dag.py for tasks to queue
[2023-06-23 00:18:34,481] {logging_mixin.py:104} INFO - [2023-06-23 00:18:34,481] {dagbag.py:448} INFO - Filling up the DagBag from /opt/airflow/dags/etl_dag.py
[2023-06-23 00:18:36,232] {logging_mixin.py:104} INFO - [2023-06-23 00:18:36,232] {credentials.py:1210} INFO - Found credentials in shared credentials file: /usr/local/airflow/.aws/credentials
[2023-06-23 00:18:37,018] {scheduler_job.py:639} INFO - DAG(s) dict_keys(['etl_dag']) retrieved from /opt/airflow/dags/etl_dag.py
[2023-06-23 00:18:37,066] {logging_mixin.py:104} INFO - [2023-06-23 00:18:37,065] {dag.py:1818} INFO - Sync 1 DAGs
[2023-06-23 00:18:37,107] {logging_mixin.py:104} INFO - [2023-06-23 00:18:37,107] {dag.py:2273} INFO - Setting next_dagrun for etl_dag to None
[2023-06-23 00:18:37,122] {scheduler_job.py:190} INFO - Processing /opt/airflow/dags/etl_dag.py took 2.657 seconds
[2023-06-23 00:19:07,419] {scheduler_job.py:182} INFO - Started process (PID=498) to work on /opt/airflow/dags/etl_dag.py
[2023-06-23 00:19:07,424] {scheduler_job.py:629} INFO - Processing file /opt/airflow/dags/etl_dag.py for tasks to queue
[2023-06-23 00:19:07,426] {logging_mixin.py:104} INFO - [2023-06-23 00:19:07,425] {dagbag.py:448} INFO - Filling up the DagBag from /opt/airflow/dags/etl_dag.py
[2023-06-23 00:19:09,095] {logging_mixin.py:104} INFO - [2023-06-23 00:19:09,095] {credentials.py:1210} INFO - Found credentials in shared credentials file: /usr/local/airflow/.aws/credentials
[2023-06-23 00:19:09,822] {scheduler_job.py:639} INFO - DAG(s) dict_keys(['etl_dag']) retrieved from /opt/airflow/dags/etl_dag.py
[2023-06-23 00:19:09,887] {logging_mixin.py:104} INFO - [2023-06-23 00:19:09,887] {dag.py:1818} INFO - Sync 1 DAGs
[2023-06-23 00:19:09,933] {logging_mixin.py:104} INFO - [2023-06-23 00:19:09,933] {dag.py:2273} INFO - Setting next_dagrun for etl_dag to None
[2023-06-23 00:19:09,948] {scheduler_job.py:190} INFO - Processing /opt/airflow/dags/etl_dag.py took 2.538 seconds
[2023-06-23 00:19:40,313] {scheduler_job.py:182} INFO - Started process (PID=500) to work on /opt/airflow/dags/etl_dag.py
[2023-06-23 00:19:40,319] {scheduler_job.py:629} INFO - Processing file /opt/airflow/dags/etl_dag.py for tasks to queue
[2023-06-23 00:19:40,322] {logging_mixin.py:104} INFO - [2023-06-23 00:19:40,321] {dagbag.py:448} INFO - Filling up the DagBag from /opt/airflow/dags/etl_dag.py
[2023-06-23 00:19:41,976] {logging_mixin.py:104} INFO - [2023-06-23 00:19:41,975] {credentials.py:1210} INFO - Found credentials in shared credentials file: /usr/local/airflow/.aws/credentials
[2023-06-23 00:19:42,708] {scheduler_job.py:639} INFO - DAG(s) dict_keys(['etl_dag']) retrieved from /opt/airflow/dags/etl_dag.py
[2023-06-23 00:19:42,755] {logging_mixin.py:104} INFO - [2023-06-23 00:19:42,754] {dag.py:1818} INFO - Sync 1 DAGs
[2023-06-23 00:19:42,796] {logging_mixin.py:104} INFO - [2023-06-23 00:19:42,796] {dag.py:2273} INFO - Setting next_dagrun for etl_dag to None
[2023-06-23 00:19:42,814] {scheduler_job.py:190} INFO - Processing /opt/airflow/dags/etl_dag.py took 2.514 seconds
[2023-06-23 00:20:13,404] {scheduler_job.py:182} INFO - Started process (PID=502) to work on /opt/airflow/dags/etl_dag.py
[2023-06-23 00:20:13,408] {scheduler_job.py:629} INFO - Processing file /opt/airflow/dags/etl_dag.py for tasks to queue
[2023-06-23 00:20:13,410] {logging_mixin.py:104} INFO - [2023-06-23 00:20:13,410] {dagbag.py:448} INFO - Filling up the DagBag from /opt/airflow/dags/etl_dag.py
[2023-06-23 00:20:15,060] {logging_mixin.py:104} INFO - [2023-06-23 00:20:15,059] {credentials.py:1210} INFO - Found credentials in shared credentials file: /usr/local/airflow/.aws/credentials
[2023-06-23 00:20:15,809] {scheduler_job.py:639} INFO - DAG(s) dict_keys(['etl_dag']) retrieved from /opt/airflow/dags/etl_dag.py
[2023-06-23 00:20:15,854] {logging_mixin.py:104} INFO - [2023-06-23 00:20:15,854] {dag.py:1818} INFO - Sync 1 DAGs
[2023-06-23 00:20:15,907] {logging_mixin.py:104} INFO - [2023-06-23 00:20:15,907] {dag.py:2273} INFO - Setting next_dagrun for etl_dag to None
[2023-06-23 00:20:15,927] {scheduler_job.py:190} INFO - Processing /opt/airflow/dags/etl_dag.py took 2.532 seconds
[2023-06-23 00:20:46,306] {scheduler_job.py:182} INFO - Started process (PID=504) to work on /opt/airflow/dags/etl_dag.py
[2023-06-23 00:20:46,312] {scheduler_job.py:629} INFO - Processing file /opt/airflow/dags/etl_dag.py for tasks to queue
[2023-06-23 00:20:46,316] {logging_mixin.py:104} INFO - [2023-06-23 00:20:46,315] {dagbag.py:448} INFO - Filling up the DagBag from /opt/airflow/dags/etl_dag.py
[2023-06-23 00:20:47,986] {logging_mixin.py:104} INFO - [2023-06-23 00:20:47,986] {credentials.py:1210} INFO - Found credentials in shared credentials file: /usr/local/airflow/.aws/credentials
[2023-06-23 00:20:48,722] {scheduler_job.py:639} INFO - DAG(s) dict_keys(['etl_dag']) retrieved from /opt/airflow/dags/etl_dag.py
[2023-06-23 00:20:48,767] {logging_mixin.py:104} INFO - [2023-06-23 00:20:48,767] {dag.py:1818} INFO - Sync 1 DAGs
[2023-06-23 00:20:48,806] {logging_mixin.py:104} INFO - [2023-06-23 00:20:48,806] {dag.py:2273} INFO - Setting next_dagrun for etl_dag to None
[2023-06-23 00:20:48,820] {scheduler_job.py:190} INFO - Processing /opt/airflow/dags/etl_dag.py took 2.526 seconds
[2023-06-23 00:21:19,315] {scheduler_job.py:182} INFO - Started process (PID=506) to work on /opt/airflow/dags/etl_dag.py
[2023-06-23 00:21:19,321] {scheduler_job.py:629} INFO - Processing file /opt/airflow/dags/etl_dag.py for tasks to queue
[2023-06-23 00:21:19,326] {logging_mixin.py:104} INFO - [2023-06-23 00:21:19,325] {dagbag.py:448} INFO - Filling up the DagBag from /opt/airflow/dags/etl_dag.py
[2023-06-23 00:21:21,038] {logging_mixin.py:104} INFO - [2023-06-23 00:21:21,037] {credentials.py:1210} INFO - Found credentials in shared credentials file: /usr/local/airflow/.aws/credentials
[2023-06-23 00:21:21,817] {scheduler_job.py:639} INFO - DAG(s) dict_keys(['etl_dag']) retrieved from /opt/airflow/dags/etl_dag.py
[2023-06-23 00:21:21,863] {logging_mixin.py:104} INFO - [2023-06-23 00:21:21,863] {dag.py:1818} INFO - Sync 1 DAGs
[2023-06-23 00:21:21,902] {logging_mixin.py:104} INFO - [2023-06-23 00:21:21,902] {dag.py:2273} INFO - Setting next_dagrun for etl_dag to None
[2023-06-23 00:21:21,917] {scheduler_job.py:190} INFO - Processing /opt/airflow/dags/etl_dag.py took 2.614 seconds
[2023-06-23 00:21:52,028] {scheduler_job.py:182} INFO - Started process (PID=508) to work on /opt/airflow/dags/etl_dag.py
[2023-06-23 00:21:52,033] {scheduler_job.py:629} INFO - Processing file /opt/airflow/dags/etl_dag.py for tasks to queue
[2023-06-23 00:21:52,037] {logging_mixin.py:104} INFO - [2023-06-23 00:21:52,036] {dagbag.py:448} INFO - Filling up the DagBag from /opt/airflow/dags/etl_dag.py
[2023-06-23 00:21:53,695] {logging_mixin.py:104} INFO - [2023-06-23 00:21:53,694] {credentials.py:1210} INFO - Found credentials in shared credentials file: /usr/local/airflow/.aws/credentials
[2023-06-23 00:21:54,444] {scheduler_job.py:639} INFO - DAG(s) dict_keys(['etl_dag']) retrieved from /opt/airflow/dags/etl_dag.py
[2023-06-23 00:21:54,493] {logging_mixin.py:104} INFO - [2023-06-23 00:21:54,493] {dag.py:1818} INFO - Sync 1 DAGs
[2023-06-23 00:21:54,537] {logging_mixin.py:104} INFO - [2023-06-23 00:21:54,536] {dag.py:2273} INFO - Setting next_dagrun for etl_dag to None
[2023-06-23 00:21:54,552] {scheduler_job.py:190} INFO - Processing /opt/airflow/dags/etl_dag.py took 2.538 seconds
[2023-06-23 00:22:24,773] {scheduler_job.py:182} INFO - Started process (PID=510) to work on /opt/airflow/dags/etl_dag.py
[2023-06-23 00:22:24,779] {scheduler_job.py:629} INFO - Processing file /opt/airflow/dags/etl_dag.py for tasks to queue
[2023-06-23 00:22:24,782] {logging_mixin.py:104} INFO - [2023-06-23 00:22:24,782] {dagbag.py:448} INFO - Filling up the DagBag from /opt/airflow/dags/etl_dag.py
[2023-06-23 00:22:26,435] {logging_mixin.py:104} INFO - [2023-06-23 00:22:26,434] {credentials.py:1210} INFO - Found credentials in shared credentials file: /usr/local/airflow/.aws/credentials
[2023-06-23 00:22:27,204] {scheduler_job.py:639} INFO - DAG(s) dict_keys(['etl_dag']) retrieved from /opt/airflow/dags/etl_dag.py
[2023-06-23 00:22:27,248] {logging_mixin.py:104} INFO - [2023-06-23 00:22:27,247] {dag.py:1818} INFO - Sync 1 DAGs
[2023-06-23 00:22:27,287] {logging_mixin.py:104} INFO - [2023-06-23 00:22:27,287] {dag.py:2273} INFO - Setting next_dagrun for etl_dag to None
[2023-06-23 00:22:27,302] {scheduler_job.py:190} INFO - Processing /opt/airflow/dags/etl_dag.py took 2.543 seconds
[2023-06-23 00:22:57,706] {scheduler_job.py:182} INFO - Started process (PID=512) to work on /opt/airflow/dags/etl_dag.py
[2023-06-23 00:22:57,711] {scheduler_job.py:629} INFO - Processing file /opt/airflow/dags/etl_dag.py for tasks to queue
[2023-06-23 00:22:57,714] {logging_mixin.py:104} INFO - [2023-06-23 00:22:57,713] {dagbag.py:448} INFO - Filling up the DagBag from /opt/airflow/dags/etl_dag.py
[2023-06-23 00:22:59,389] {logging_mixin.py:104} INFO - [2023-06-23 00:22:59,389] {credentials.py:1210} INFO - Found credentials in shared credentials file: /usr/local/airflow/.aws/credentials
[2023-06-23 00:23:00,149] {scheduler_job.py:639} INFO - DAG(s) dict_keys(['etl_dag']) retrieved from /opt/airflow/dags/etl_dag.py
[2023-06-23 00:23:00,205] {logging_mixin.py:104} INFO - [2023-06-23 00:23:00,205] {dag.py:1818} INFO - Sync 1 DAGs
[2023-06-23 00:23:00,245] {logging_mixin.py:104} INFO - [2023-06-23 00:23:00,245] {dag.py:2273} INFO - Setting next_dagrun for etl_dag to None
[2023-06-23 00:23:00,260] {scheduler_job.py:190} INFO - Processing /opt/airflow/dags/etl_dag.py took 2.573 seconds
[2023-06-23 00:23:30,821] {scheduler_job.py:182} INFO - Started process (PID=514) to work on /opt/airflow/dags/etl_dag.py
[2023-06-23 00:23:30,827] {scheduler_job.py:629} INFO - Processing file /opt/airflow/dags/etl_dag.py for tasks to queue
[2023-06-23 00:23:30,831] {logging_mixin.py:104} INFO - [2023-06-23 00:23:30,830] {dagbag.py:448} INFO - Filling up the DagBag from /opt/airflow/dags/etl_dag.py
[2023-06-23 00:23:32,531] {logging_mixin.py:104} INFO - [2023-06-23 00:23:32,530] {credentials.py:1210} INFO - Found credentials in shared credentials file: /usr/local/airflow/.aws/credentials
[2023-06-23 00:23:33,370] {scheduler_job.py:639} INFO - DAG(s) dict_keys(['etl_dag']) retrieved from /opt/airflow/dags/etl_dag.py
[2023-06-23 00:23:33,413] {logging_mixin.py:104} INFO - [2023-06-23 00:23:33,413] {dag.py:1818} INFO - Sync 1 DAGs
[2023-06-23 00:23:33,452] {logging_mixin.py:104} INFO - [2023-06-23 00:23:33,451] {dag.py:2273} INFO - Setting next_dagrun for etl_dag to None
[2023-06-23 00:23:33,465] {scheduler_job.py:190} INFO - Processing /opt/airflow/dags/etl_dag.py took 2.657 seconds
[2023-06-23 00:24:03,936] {scheduler_job.py:182} INFO - Started process (PID=516) to work on /opt/airflow/dags/etl_dag.py
[2023-06-23 00:24:03,940] {scheduler_job.py:629} INFO - Processing file /opt/airflow/dags/etl_dag.py for tasks to queue
[2023-06-23 00:24:03,942] {logging_mixin.py:104} INFO - [2023-06-23 00:24:03,942] {dagbag.py:448} INFO - Filling up the DagBag from /opt/airflow/dags/etl_dag.py
[2023-06-23 00:24:05,775] {logging_mixin.py:104} INFO - [2023-06-23 00:24:05,774] {credentials.py:1210} INFO - Found credentials in shared credentials file: /usr/local/airflow/.aws/credentials
[2023-06-23 00:24:06,587] {scheduler_job.py:639} INFO - DAG(s) dict_keys(['etl_dag']) retrieved from /opt/airflow/dags/etl_dag.py
[2023-06-23 00:24:06,659] {logging_mixin.py:104} INFO - [2023-06-23 00:24:06,659] {dag.py:1818} INFO - Sync 1 DAGs
[2023-06-23 00:24:06,702] {logging_mixin.py:104} INFO - [2023-06-23 00:24:06,702] {dag.py:2273} INFO - Setting next_dagrun for etl_dag to None
[2023-06-23 00:24:06,719] {scheduler_job.py:190} INFO - Processing /opt/airflow/dags/etl_dag.py took 2.792 seconds
[2023-06-23 00:24:37,125] {scheduler_job.py:182} INFO - Started process (PID=518) to work on /opt/airflow/dags/etl_dag.py
[2023-06-23 00:24:37,132] {scheduler_job.py:629} INFO - Processing file /opt/airflow/dags/etl_dag.py for tasks to queue
[2023-06-23 00:24:37,136] {logging_mixin.py:104} INFO - [2023-06-23 00:24:37,135] {dagbag.py:448} INFO - Filling up the DagBag from /opt/airflow/dags/etl_dag.py
[2023-06-23 00:24:39,005] {logging_mixin.py:104} INFO - [2023-06-23 00:24:39,004] {credentials.py:1210} INFO - Found credentials in shared credentials file: /usr/local/airflow/.aws/credentials
[2023-06-23 00:24:39,881] {scheduler_job.py:639} INFO - DAG(s) dict_keys(['etl_dag']) retrieved from /opt/airflow/dags/etl_dag.py
[2023-06-23 00:24:39,931] {logging_mixin.py:104} INFO - [2023-06-23 00:24:39,931] {dag.py:1818} INFO - Sync 1 DAGs
[2023-06-23 00:24:39,977] {logging_mixin.py:104} INFO - [2023-06-23 00:24:39,977] {dag.py:2273} INFO - Setting next_dagrun for etl_dag to None
[2023-06-23 00:24:39,995] {scheduler_job.py:190} INFO - Processing /opt/airflow/dags/etl_dag.py took 2.882 seconds
[2023-06-23 00:25:10,429] {scheduler_job.py:182} INFO - Started process (PID=520) to work on /opt/airflow/dags/etl_dag.py
[2023-06-23 00:25:10,437] {scheduler_job.py:629} INFO - Processing file /opt/airflow/dags/etl_dag.py for tasks to queue
[2023-06-23 00:25:10,442] {logging_mixin.py:104} INFO - [2023-06-23 00:25:10,441] {dagbag.py:448} INFO - Filling up the DagBag from /opt/airflow/dags/etl_dag.py
[2023-06-23 00:25:12,299] {logging_mixin.py:104} INFO - [2023-06-23 00:25:12,299] {credentials.py:1210} INFO - Found credentials in shared credentials file: /usr/local/airflow/.aws/credentials
[2023-06-23 00:25:13,067] {scheduler_job.py:639} INFO - DAG(s) dict_keys(['etl_dag']) retrieved from /opt/airflow/dags/etl_dag.py
[2023-06-23 00:25:13,114] {logging_mixin.py:104} INFO - [2023-06-23 00:25:13,114] {dag.py:1818} INFO - Sync 1 DAGs
[2023-06-23 00:25:13,160] {logging_mixin.py:104} INFO - [2023-06-23 00:25:13,159] {dag.py:2273} INFO - Setting next_dagrun for etl_dag to None
[2023-06-23 00:25:13,177] {scheduler_job.py:190} INFO - Processing /opt/airflow/dags/etl_dag.py took 2.764 seconds
[2023-06-23 00:25:43,489] {scheduler_job.py:182} INFO - Started process (PID=522) to work on /opt/airflow/dags/etl_dag.py
[2023-06-23 00:25:43,496] {scheduler_job.py:629} INFO - Processing file /opt/airflow/dags/etl_dag.py for tasks to queue
[2023-06-23 00:25:43,499] {logging_mixin.py:104} INFO - [2023-06-23 00:25:43,498] {dagbag.py:448} INFO - Filling up the DagBag from /opt/airflow/dags/etl_dag.py
[2023-06-23 00:25:45,318] {logging_mixin.py:104} INFO - [2023-06-23 00:25:45,317] {credentials.py:1210} INFO - Found credentials in shared credentials file: /usr/local/airflow/.aws/credentials
[2023-06-23 00:25:46,121] {scheduler_job.py:639} INFO - DAG(s) dict_keys(['etl_dag']) retrieved from /opt/airflow/dags/etl_dag.py
[2023-06-23 00:25:46,178] {logging_mixin.py:104} INFO - [2023-06-23 00:25:46,178] {dag.py:1818} INFO - Sync 1 DAGs
[2023-06-23 00:25:46,245] {logging_mixin.py:104} INFO - [2023-06-23 00:25:46,245] {dag.py:2273} INFO - Setting next_dagrun for etl_dag to None
[2023-06-23 00:25:46,276] {scheduler_job.py:190} INFO - Processing /opt/airflow/dags/etl_dag.py took 2.798 seconds
[2023-06-23 00:26:16,608] {scheduler_job.py:182} INFO - Started process (PID=524) to work on /opt/airflow/dags/etl_dag.py
[2023-06-23 00:26:16,617] {scheduler_job.py:629} INFO - Processing file /opt/airflow/dags/etl_dag.py for tasks to queue
[2023-06-23 00:26:16,621] {logging_mixin.py:104} INFO - [2023-06-23 00:26:16,620] {dagbag.py:448} INFO - Filling up the DagBag from /opt/airflow/dags/etl_dag.py
[2023-06-23 00:26:18,604] {logging_mixin.py:104} INFO - [2023-06-23 00:26:18,603] {credentials.py:1210} INFO - Found credentials in shared credentials file: /usr/local/airflow/.aws/credentials
[2023-06-23 00:26:19,400] {scheduler_job.py:639} INFO - DAG(s) dict_keys(['etl_dag']) retrieved from /opt/airflow/dags/etl_dag.py
[2023-06-23 00:26:19,454] {logging_mixin.py:104} INFO - [2023-06-23 00:26:19,454] {dag.py:1818} INFO - Sync 1 DAGs
[2023-06-23 00:26:19,499] {logging_mixin.py:104} INFO - [2023-06-23 00:26:19,499] {dag.py:2273} INFO - Setting next_dagrun for etl_dag to None
[2023-06-23 00:26:19,516] {scheduler_job.py:190} INFO - Processing /opt/airflow/dags/etl_dag.py took 2.925 seconds
[2023-06-23 00:26:49,692] {scheduler_job.py:182} INFO - Started process (PID=526) to work on /opt/airflow/dags/etl_dag.py
[2023-06-23 00:26:49,697] {scheduler_job.py:629} INFO - Processing file /opt/airflow/dags/etl_dag.py for tasks to queue
[2023-06-23 00:26:49,700] {logging_mixin.py:104} INFO - [2023-06-23 00:26:49,700] {dagbag.py:448} INFO - Filling up the DagBag from /opt/airflow/dags/etl_dag.py
[2023-06-23 00:26:51,536] {logging_mixin.py:104} INFO - [2023-06-23 00:26:51,536] {credentials.py:1210} INFO - Found credentials in shared credentials file: /usr/local/airflow/.aws/credentials
[2023-06-23 00:26:52,386] {scheduler_job.py:639} INFO - DAG(s) dict_keys(['etl_dag']) retrieved from /opt/airflow/dags/etl_dag.py
[2023-06-23 00:26:52,440] {logging_mixin.py:104} INFO - [2023-06-23 00:26:52,439] {dag.py:1818} INFO - Sync 1 DAGs
[2023-06-23 00:26:52,487] {logging_mixin.py:104} INFO - [2023-06-23 00:26:52,487] {dag.py:2273} INFO - Setting next_dagrun for etl_dag to None
[2023-06-23 00:26:52,512] {scheduler_job.py:190} INFO - Processing /opt/airflow/dags/etl_dag.py took 2.829 seconds
[2023-06-23 00:27:22,832] {scheduler_job.py:182} INFO - Started process (PID=528) to work on /opt/airflow/dags/etl_dag.py
[2023-06-23 00:27:22,838] {scheduler_job.py:629} INFO - Processing file /opt/airflow/dags/etl_dag.py for tasks to queue
[2023-06-23 00:27:22,840] {logging_mixin.py:104} INFO - [2023-06-23 00:27:22,840] {dagbag.py:448} INFO - Filling up the DagBag from /opt/airflow/dags/etl_dag.py
[2023-06-23 00:27:24,711] {logging_mixin.py:104} INFO - [2023-06-23 00:27:24,710] {credentials.py:1210} INFO - Found credentials in shared credentials file: /usr/local/airflow/.aws/credentials
[2023-06-23 00:27:25,476] {scheduler_job.py:639} INFO - DAG(s) dict_keys(['etl_dag']) retrieved from /opt/airflow/dags/etl_dag.py
[2023-06-23 00:27:25,527] {logging_mixin.py:104} INFO - [2023-06-23 00:27:25,527] {dag.py:1818} INFO - Sync 1 DAGs
[2023-06-23 00:27:25,575] {logging_mixin.py:104} INFO - [2023-06-23 00:27:25,575] {dag.py:2273} INFO - Setting next_dagrun for etl_dag to None
[2023-06-23 00:27:25,594] {scheduler_job.py:190} INFO - Processing /opt/airflow/dags/etl_dag.py took 2.770 seconds
[2023-06-23 00:27:55,961] {scheduler_job.py:182} INFO - Started process (PID=530) to work on /opt/airflow/dags/etl_dag.py
[2023-06-23 00:27:55,968] {scheduler_job.py:629} INFO - Processing file /opt/airflow/dags/etl_dag.py for tasks to queue
[2023-06-23 00:27:55,972] {logging_mixin.py:104} INFO - [2023-06-23 00:27:55,972] {dagbag.py:448} INFO - Filling up the DagBag from /opt/airflow/dags/etl_dag.py
[2023-06-23 00:27:57,884] {logging_mixin.py:104} INFO - [2023-06-23 00:27:57,883] {credentials.py:1210} INFO - Found credentials in shared credentials file: /usr/local/airflow/.aws/credentials
[2023-06-23 00:27:58,777] {scheduler_job.py:639} INFO - DAG(s) dict_keys(['etl_dag']) retrieved from /opt/airflow/dags/etl_dag.py
[2023-06-23 00:27:58,837] {logging_mixin.py:104} INFO - [2023-06-23 00:27:58,836] {dag.py:1818} INFO - Sync 1 DAGs
[2023-06-23 00:27:58,896] {logging_mixin.py:104} INFO - [2023-06-23 00:27:58,896] {dag.py:2273} INFO - Setting next_dagrun for etl_dag to None
[2023-06-23 00:27:58,929] {scheduler_job.py:190} INFO - Processing /opt/airflow/dags/etl_dag.py took 2.999 seconds
[2023-06-23 00:28:29,336] {scheduler_job.py:182} INFO - Started process (PID=532) to work on /opt/airflow/dags/etl_dag.py
[2023-06-23 00:28:29,341] {scheduler_job.py:629} INFO - Processing file /opt/airflow/dags/etl_dag.py for tasks to queue
[2023-06-23 00:28:29,344] {logging_mixin.py:104} INFO - [2023-06-23 00:28:29,343] {dagbag.py:448} INFO - Filling up the DagBag from /opt/airflow/dags/etl_dag.py
[2023-06-23 00:28:31,387] {logging_mixin.py:104} INFO - [2023-06-23 00:28:31,386] {credentials.py:1210} INFO - Found credentials in shared credentials file: /usr/local/airflow/.aws/credentials
[2023-06-23 00:28:32,245] {scheduler_job.py:639} INFO - DAG(s) dict_keys(['etl_dag']) retrieved from /opt/airflow/dags/etl_dag.py
[2023-06-23 00:28:32,324] {logging_mixin.py:104} INFO - [2023-06-23 00:28:32,323] {dag.py:1818} INFO - Sync 1 DAGs
[2023-06-23 00:28:32,372] {logging_mixin.py:104} INFO - [2023-06-23 00:28:32,372] {dag.py:2273} INFO - Setting next_dagrun for etl_dag to None
[2023-06-23 00:28:32,390] {scheduler_job.py:190} INFO - Processing /opt/airflow/dags/etl_dag.py took 3.067 seconds
[2023-06-23 00:29:02,858] {scheduler_job.py:182} INFO - Started process (PID=534) to work on /opt/airflow/dags/etl_dag.py
[2023-06-23 00:29:02,865] {scheduler_job.py:629} INFO - Processing file /opt/airflow/dags/etl_dag.py for tasks to queue
[2023-06-23 00:29:02,869] {logging_mixin.py:104} INFO - [2023-06-23 00:29:02,869] {dagbag.py:448} INFO - Filling up the DagBag from /opt/airflow/dags/etl_dag.py
[2023-06-23 00:29:04,854] {logging_mixin.py:104} INFO - [2023-06-23 00:29:04,854] {credentials.py:1210} INFO - Found credentials in shared credentials file: /usr/local/airflow/.aws/credentials
[2023-06-23 00:29:05,681] {scheduler_job.py:639} INFO - DAG(s) dict_keys(['etl_dag']) retrieved from /opt/airflow/dags/etl_dag.py
[2023-06-23 00:29:05,743] {logging_mixin.py:104} INFO - [2023-06-23 00:29:05,743] {dag.py:1818} INFO - Sync 1 DAGs
[2023-06-23 00:29:05,800] {logging_mixin.py:104} INFO - [2023-06-23 00:29:05,799] {dag.py:2273} INFO - Setting next_dagrun for etl_dag to None
[2023-06-23 00:29:05,819] {scheduler_job.py:190} INFO - Processing /opt/airflow/dags/etl_dag.py took 2.984 seconds
[2023-06-23 00:29:36,298] {scheduler_job.py:182} INFO - Started process (PID=536) to work on /opt/airflow/dags/etl_dag.py
[2023-06-23 00:29:36,305] {scheduler_job.py:629} INFO - Processing file /opt/airflow/dags/etl_dag.py for tasks to queue
[2023-06-23 00:29:36,309] {logging_mixin.py:104} INFO - [2023-06-23 00:29:36,308] {dagbag.py:448} INFO - Filling up the DagBag from /opt/airflow/dags/etl_dag.py
[2023-06-23 00:29:38,208] {logging_mixin.py:104} INFO - [2023-06-23 00:29:38,208] {credentials.py:1210} INFO - Found credentials in shared credentials file: /usr/local/airflow/.aws/credentials
[2023-06-23 00:29:39,041] {scheduler_job.py:639} INFO - DAG(s) dict_keys(['etl_dag']) retrieved from /opt/airflow/dags/etl_dag.py
[2023-06-23 00:29:39,106] {logging_mixin.py:104} INFO - [2023-06-23 00:29:39,106] {dag.py:1818} INFO - Sync 1 DAGs
[2023-06-23 00:29:39,151] {logging_mixin.py:104} INFO - [2023-06-23 00:29:39,151] {dag.py:2273} INFO - Setting next_dagrun for etl_dag to None
[2023-06-23 00:29:39,168] {scheduler_job.py:190} INFO - Processing /opt/airflow/dags/etl_dag.py took 2.886 seconds
[2023-06-23 00:30:09,840] {scheduler_job.py:182} INFO - Started process (PID=538) to work on /opt/airflow/dags/etl_dag.py
[2023-06-23 00:30:09,846] {scheduler_job.py:629} INFO - Processing file /opt/airflow/dags/etl_dag.py for tasks to queue
[2023-06-23 00:30:09,849] {logging_mixin.py:104} INFO - [2023-06-23 00:30:09,848] {dagbag.py:448} INFO - Filling up the DagBag from /opt/airflow/dags/etl_dag.py
[2023-06-23 00:30:11,797] {logging_mixin.py:104} INFO - [2023-06-23 00:30:11,796] {credentials.py:1210} INFO - Found credentials in shared credentials file: /usr/local/airflow/.aws/credentials
[2023-06-23 00:30:12,577] {scheduler_job.py:639} INFO - DAG(s) dict_keys(['etl_dag']) retrieved from /opt/airflow/dags/etl_dag.py
[2023-06-23 00:30:12,649] {logging_mixin.py:104} INFO - [2023-06-23 00:30:12,648] {dag.py:1818} INFO - Sync 1 DAGs
[2023-06-23 00:30:12,727] {logging_mixin.py:104} INFO - [2023-06-23 00:30:12,726] {dag.py:2273} INFO - Setting next_dagrun for etl_dag to None
[2023-06-23 00:30:12,747] {scheduler_job.py:190} INFO - Processing /opt/airflow/dags/etl_dag.py took 2.927 seconds
[2023-06-23 00:30:43,290] {scheduler_job.py:182} INFO - Started process (PID=540) to work on /opt/airflow/dags/etl_dag.py
[2023-06-23 00:30:43,296] {scheduler_job.py:629} INFO - Processing file /opt/airflow/dags/etl_dag.py for tasks to queue
[2023-06-23 00:30:43,299] {logging_mixin.py:104} INFO - [2023-06-23 00:30:43,298] {dagbag.py:448} INFO - Filling up the DagBag from /opt/airflow/dags/etl_dag.py
[2023-06-23 00:30:45,262] {logging_mixin.py:104} INFO - [2023-06-23 00:30:45,262] {credentials.py:1210} INFO - Found credentials in shared credentials file: /usr/local/airflow/.aws/credentials
[2023-06-23 00:30:46,139] {scheduler_job.py:639} INFO - DAG(s) dict_keys(['etl_dag']) retrieved from /opt/airflow/dags/etl_dag.py
[2023-06-23 00:30:46,225] {logging_mixin.py:104} INFO - [2023-06-23 00:30:46,224] {dag.py:1818} INFO - Sync 1 DAGs
[2023-06-23 00:30:46,279] {logging_mixin.py:104} INFO - [2023-06-23 00:30:46,278] {dag.py:2273} INFO - Setting next_dagrun for etl_dag to None
[2023-06-23 00:30:46,304] {scheduler_job.py:190} INFO - Processing /opt/airflow/dags/etl_dag.py took 3.036 seconds
[2023-06-23 00:31:16,841] {scheduler_job.py:182} INFO - Started process (PID=542) to work on /opt/airflow/dags/etl_dag.py
[2023-06-23 00:31:16,846] {scheduler_job.py:629} INFO - Processing file /opt/airflow/dags/etl_dag.py for tasks to queue
[2023-06-23 00:31:16,849] {logging_mixin.py:104} INFO - [2023-06-23 00:31:16,849] {dagbag.py:448} INFO - Filling up the DagBag from /opt/airflow/dags/etl_dag.py
[2023-06-23 00:31:18,829] {logging_mixin.py:104} INFO - [2023-06-23 00:31:18,828] {credentials.py:1210} INFO - Found credentials in shared credentials file: /usr/local/airflow/.aws/credentials
[2023-06-23 00:31:19,694] {scheduler_job.py:639} INFO - DAG(s) dict_keys(['etl_dag']) retrieved from /opt/airflow/dags/etl_dag.py
[2023-06-23 00:31:19,751] {logging_mixin.py:104} INFO - [2023-06-23 00:31:19,750] {dag.py:1818} INFO - Sync 1 DAGs
[2023-06-23 00:31:19,799] {logging_mixin.py:104} INFO - [2023-06-23 00:31:19,799] {dag.py:2273} INFO - Setting next_dagrun for etl_dag to None
[2023-06-23 00:31:19,817] {scheduler_job.py:190} INFO - Processing /opt/airflow/dags/etl_dag.py took 2.994 seconds
[2023-06-23 00:31:50,294] {scheduler_job.py:182} INFO - Started process (PID=544) to work on /opt/airflow/dags/etl_dag.py
[2023-06-23 00:31:50,299] {scheduler_job.py:629} INFO - Processing file /opt/airflow/dags/etl_dag.py for tasks to queue
[2023-06-23 00:31:50,303] {logging_mixin.py:104} INFO - [2023-06-23 00:31:50,302] {dagbag.py:448} INFO - Filling up the DagBag from /opt/airflow/dags/etl_dag.py
[2023-06-23 00:31:52,168] {logging_mixin.py:104} INFO - [2023-06-23 00:31:52,168] {credentials.py:1210} INFO - Found credentials in shared credentials file: /usr/local/airflow/.aws/credentials
[2023-06-23 00:31:52,933] {scheduler_job.py:639} INFO - DAG(s) dict_keys(['etl_dag']) retrieved from /opt/airflow/dags/etl_dag.py
[2023-06-23 00:31:52,987] {logging_mixin.py:104} INFO - [2023-06-23 00:31:52,986] {dag.py:1818} INFO - Sync 1 DAGs
[2023-06-23 00:31:53,034] {logging_mixin.py:104} INFO - [2023-06-23 00:31:53,034] {dag.py:2273} INFO - Setting next_dagrun for etl_dag to None
[2023-06-23 00:31:53,052] {scheduler_job.py:190} INFO - Processing /opt/airflow/dags/etl_dag.py took 2.819 seconds
[2023-06-23 00:32:23,450] {scheduler_job.py:182} INFO - Started process (PID=546) to work on /opt/airflow/dags/etl_dag.py
[2023-06-23 00:32:23,458] {scheduler_job.py:629} INFO - Processing file /opt/airflow/dags/etl_dag.py for tasks to queue
[2023-06-23 00:32:23,461] {logging_mixin.py:104} INFO - [2023-06-23 00:32:23,461] {dagbag.py:448} INFO - Filling up the DagBag from /opt/airflow/dags/etl_dag.py
[2023-06-23 00:32:25,530] {logging_mixin.py:104} INFO - [2023-06-23 00:32:25,529] {credentials.py:1210} INFO - Found credentials in shared credentials file: /usr/local/airflow/.aws/credentials
[2023-06-23 00:32:26,503] {scheduler_job.py:639} INFO - DAG(s) dict_keys(['etl_dag']) retrieved from /opt/airflow/dags/etl_dag.py
[2023-06-23 00:32:26,588] {logging_mixin.py:104} INFO - [2023-06-23 00:32:26,587] {dag.py:1818} INFO - Sync 1 DAGs
[2023-06-23 00:32:26,655] {logging_mixin.py:104} INFO - [2023-06-23 00:32:26,654] {dag.py:2273} INFO - Setting next_dagrun for etl_dag to None
[2023-06-23 00:32:26,675] {scheduler_job.py:190} INFO - Processing /opt/airflow/dags/etl_dag.py took 3.242 seconds
[2023-06-23 00:32:57,036] {scheduler_job.py:182} INFO - Started process (PID=548) to work on /opt/airflow/dags/etl_dag.py
[2023-06-23 00:32:57,040] {scheduler_job.py:629} INFO - Processing file /opt/airflow/dags/etl_dag.py for tasks to queue
[2023-06-23 00:32:57,045] {logging_mixin.py:104} INFO - [2023-06-23 00:32:57,045] {dagbag.py:448} INFO - Filling up the DagBag from /opt/airflow/dags/etl_dag.py
[2023-06-23 00:32:59,189] {logging_mixin.py:104} INFO - [2023-06-23 00:32:59,189] {credentials.py:1210} INFO - Found credentials in shared credentials file: /usr/local/airflow/.aws/credentials
[2023-06-23 00:33:00,063] {scheduler_job.py:639} INFO - DAG(s) dict_keys(['etl_dag']) retrieved from /opt/airflow/dags/etl_dag.py
[2023-06-23 00:33:00,146] {logging_mixin.py:104} INFO - [2023-06-23 00:33:00,146] {dag.py:1818} INFO - Sync 1 DAGs
[2023-06-23 00:33:00,199] {logging_mixin.py:104} INFO - [2023-06-23 00:33:00,198] {dag.py:2273} INFO - Setting next_dagrun for etl_dag to None
[2023-06-23 00:33:00,217] {scheduler_job.py:190} INFO - Processing /opt/airflow/dags/etl_dag.py took 3.195 seconds
[2023-06-23 00:33:30,447] {scheduler_job.py:182} INFO - Started process (PID=550) to work on /opt/airflow/dags/etl_dag.py
[2023-06-23 00:33:30,454] {scheduler_job.py:629} INFO - Processing file /opt/airflow/dags/etl_dag.py for tasks to queue
[2023-06-23 00:33:30,457] {logging_mixin.py:104} INFO - [2023-06-23 00:33:30,457] {dagbag.py:448} INFO - Filling up the DagBag from /opt/airflow/dags/etl_dag.py
[2023-06-23 00:33:32,502] {logging_mixin.py:104} INFO - [2023-06-23 00:33:32,502] {credentials.py:1210} INFO - Found credentials in shared credentials file: /usr/local/airflow/.aws/credentials
[2023-06-23 00:33:33,336] {scheduler_job.py:639} INFO - DAG(s) dict_keys(['etl_dag']) retrieved from /opt/airflow/dags/etl_dag.py
[2023-06-23 00:33:33,405] {logging_mixin.py:104} INFO - [2023-06-23 00:33:33,404] {dag.py:1818} INFO - Sync 1 DAGs
[2023-06-23 00:33:33,455] {logging_mixin.py:104} INFO - [2023-06-23 00:33:33,454] {dag.py:2273} INFO - Setting next_dagrun for etl_dag to None
[2023-06-23 00:33:33,476] {scheduler_job.py:190} INFO - Processing /opt/airflow/dags/etl_dag.py took 3.058 seconds
[2023-06-23 00:34:03,951] {scheduler_job.py:182} INFO - Started process (PID=552) to work on /opt/airflow/dags/etl_dag.py
[2023-06-23 00:34:03,969] {scheduler_job.py:629} INFO - Processing file /opt/airflow/dags/etl_dag.py for tasks to queue
[2023-06-23 00:34:03,973] {logging_mixin.py:104} INFO - [2023-06-23 00:34:03,972] {dagbag.py:448} INFO - Filling up the DagBag from /opt/airflow/dags/etl_dag.py
[2023-06-23 00:34:06,087] {logging_mixin.py:104} INFO - [2023-06-23 00:34:06,086] {credentials.py:1210} INFO - Found credentials in shared credentials file: /usr/local/airflow/.aws/credentials
[2023-06-23 00:34:06,999] {scheduler_job.py:639} INFO - DAG(s) dict_keys(['etl_dag']) retrieved from /opt/airflow/dags/etl_dag.py
[2023-06-23 00:34:07,113] {logging_mixin.py:104} INFO - [2023-06-23 00:34:07,112] {dag.py:1818} INFO - Sync 1 DAGs
[2023-06-23 00:34:07,258] {logging_mixin.py:104} INFO - [2023-06-23 00:34:07,257] {dag.py:2273} INFO - Setting next_dagrun for etl_dag to None
[2023-06-23 00:34:07,286] {scheduler_job.py:190} INFO - Processing /opt/airflow/dags/etl_dag.py took 3.349 seconds
[2023-06-23 00:34:37,681] {scheduler_job.py:182} INFO - Started process (PID=554) to work on /opt/airflow/dags/etl_dag.py
[2023-06-23 00:34:37,690] {scheduler_job.py:629} INFO - Processing file /opt/airflow/dags/etl_dag.py for tasks to queue
[2023-06-23 00:34:37,702] {logging_mixin.py:104} INFO - [2023-06-23 00:34:37,700] {dagbag.py:448} INFO - Filling up the DagBag from /opt/airflow/dags/etl_dag.py
[2023-06-23 00:34:39,775] {logging_mixin.py:104} INFO - [2023-06-23 00:34:39,774] {credentials.py:1210} INFO - Found credentials in shared credentials file: /usr/local/airflow/.aws/credentials
[2023-06-23 00:34:40,794] {scheduler_job.py:639} INFO - DAG(s) dict_keys(['etl_dag']) retrieved from /opt/airflow/dags/etl_dag.py
[2023-06-23 00:34:40,876] {logging_mixin.py:104} INFO - [2023-06-23 00:34:40,876] {dag.py:1818} INFO - Sync 1 DAGs
[2023-06-23 00:34:40,925] {logging_mixin.py:104} INFO - [2023-06-23 00:34:40,925] {dag.py:2273} INFO - Setting next_dagrun for etl_dag to None
[2023-06-23 00:34:40,944] {scheduler_job.py:190} INFO - Processing /opt/airflow/dags/etl_dag.py took 3.277 seconds
[2023-06-23 00:35:11,322] {scheduler_job.py:182} INFO - Started process (PID=556) to work on /opt/airflow/dags/etl_dag.py
[2023-06-23 00:35:11,328] {scheduler_job.py:629} INFO - Processing file /opt/airflow/dags/etl_dag.py for tasks to queue
[2023-06-23 00:35:11,331] {logging_mixin.py:104} INFO - [2023-06-23 00:35:11,330] {dagbag.py:448} INFO - Filling up the DagBag from /opt/airflow/dags/etl_dag.py
[2023-06-23 00:35:13,187] {logging_mixin.py:104} INFO - [2023-06-23 00:35:13,187] {credentials.py:1210} INFO - Found credentials in shared credentials file: /usr/local/airflow/.aws/credentials
[2023-06-23 00:35:14,035] {scheduler_job.py:639} INFO - DAG(s) dict_keys(['etl_dag']) retrieved from /opt/airflow/dags/etl_dag.py
[2023-06-23 00:35:14,093] {logging_mixin.py:104} INFO - [2023-06-23 00:35:14,093] {dag.py:1818} INFO - Sync 1 DAGs
[2023-06-23 00:35:14,137] {logging_mixin.py:104} INFO - [2023-06-23 00:35:14,137] {dag.py:2273} INFO - Setting next_dagrun for etl_dag to None
[2023-06-23 00:35:14,154] {scheduler_job.py:190} INFO - Processing /opt/airflow/dags/etl_dag.py took 2.845 seconds
[2023-06-23 00:35:44,486] {scheduler_job.py:182} INFO - Started process (PID=558) to work on /opt/airflow/dags/etl_dag.py
[2023-06-23 00:35:44,494] {scheduler_job.py:629} INFO - Processing file /opt/airflow/dags/etl_dag.py for tasks to queue
[2023-06-23 00:35:44,500] {logging_mixin.py:104} INFO - [2023-06-23 00:35:44,498] {dagbag.py:448} INFO - Filling up the DagBag from /opt/airflow/dags/etl_dag.py
[2023-06-23 00:35:46,368] {logging_mixin.py:104} INFO - [2023-06-23 00:35:46,367] {credentials.py:1210} INFO - Found credentials in shared credentials file: /usr/local/airflow/.aws/credentials
[2023-06-23 00:35:47,191] {scheduler_job.py:639} INFO - DAG(s) dict_keys(['etl_dag']) retrieved from /opt/airflow/dags/etl_dag.py
[2023-06-23 00:35:47,244] {logging_mixin.py:104} INFO - [2023-06-23 00:35:47,244] {dag.py:1818} INFO - Sync 1 DAGs
[2023-06-23 00:35:47,290] {logging_mixin.py:104} INFO - [2023-06-23 00:35:47,289] {dag.py:2273} INFO - Setting next_dagrun for etl_dag to None
[2023-06-23 00:35:47,306] {scheduler_job.py:190} INFO - Processing /opt/airflow/dags/etl_dag.py took 2.834 seconds
[2023-06-23 00:36:17,691] {scheduler_job.py:182} INFO - Started process (PID=560) to work on /opt/airflow/dags/etl_dag.py
[2023-06-23 00:36:17,700] {scheduler_job.py:629} INFO - Processing file /opt/airflow/dags/etl_dag.py for tasks to queue
[2023-06-23 00:36:17,704] {logging_mixin.py:104} INFO - [2023-06-23 00:36:17,703] {dagbag.py:448} INFO - Filling up the DagBag from /opt/airflow/dags/etl_dag.py
[2023-06-23 00:36:19,565] {logging_mixin.py:104} INFO - [2023-06-23 00:36:19,565] {credentials.py:1210} INFO - Found credentials in shared credentials file: /usr/local/airflow/.aws/credentials
[2023-06-23 00:36:20,414] {scheduler_job.py:639} INFO - DAG(s) dict_keys(['etl_dag']) retrieved from /opt/airflow/dags/etl_dag.py
[2023-06-23 00:36:20,489] {logging_mixin.py:104} INFO - [2023-06-23 00:36:20,488] {dag.py:1818} INFO - Sync 1 DAGs
[2023-06-23 00:36:20,534] {logging_mixin.py:104} INFO - [2023-06-23 00:36:20,533] {dag.py:2273} INFO - Setting next_dagrun for etl_dag to None
[2023-06-23 00:36:20,549] {scheduler_job.py:190} INFO - Processing /opt/airflow/dags/etl_dag.py took 2.876 seconds
[2023-06-23 00:36:50,845] {scheduler_job.py:182} INFO - Started process (PID=562) to work on /opt/airflow/dags/etl_dag.py
[2023-06-23 00:36:50,849] {scheduler_job.py:629} INFO - Processing file /opt/airflow/dags/etl_dag.py for tasks to queue
[2023-06-23 00:36:50,851] {logging_mixin.py:104} INFO - [2023-06-23 00:36:50,851] {dagbag.py:448} INFO - Filling up the DagBag from /opt/airflow/dags/etl_dag.py
[2023-06-23 00:36:52,687] {logging_mixin.py:104} INFO - [2023-06-23 00:36:52,686] {credentials.py:1210} INFO - Found credentials in shared credentials file: /usr/local/airflow/.aws/credentials
[2023-06-23 00:36:53,594] {scheduler_job.py:639} INFO - DAG(s) dict_keys(['etl_dag']) retrieved from /opt/airflow/dags/etl_dag.py
[2023-06-23 00:36:53,656] {logging_mixin.py:104} INFO - [2023-06-23 00:36:53,656] {dag.py:1818} INFO - Sync 1 DAGs
[2023-06-23 00:36:53,707] {logging_mixin.py:104} INFO - [2023-06-23 00:36:53,706] {dag.py:2273} INFO - Setting next_dagrun for etl_dag to None
[2023-06-23 00:36:53,723] {scheduler_job.py:190} INFO - Processing /opt/airflow/dags/etl_dag.py took 2.889 seconds
[2023-06-23 00:37:23,907] {scheduler_job.py:182} INFO - Started process (PID=564) to work on /opt/airflow/dags/etl_dag.py
[2023-06-23 00:37:23,915] {scheduler_job.py:629} INFO - Processing file /opt/airflow/dags/etl_dag.py for tasks to queue
[2023-06-23 00:37:23,926] {logging_mixin.py:104} INFO - [2023-06-23 00:37:23,924] {dagbag.py:448} INFO - Filling up the DagBag from /opt/airflow/dags/etl_dag.py
[2023-06-23 00:37:25,790] {logging_mixin.py:104} INFO - [2023-06-23 00:37:25,790] {credentials.py:1210} INFO - Found credentials in shared credentials file: /usr/local/airflow/.aws/credentials
[2023-06-23 00:37:26,599] {scheduler_job.py:639} INFO - DAG(s) dict_keys(['etl_dag']) retrieved from /opt/airflow/dags/etl_dag.py
[2023-06-23 00:37:26,678] {logging_mixin.py:104} INFO - [2023-06-23 00:37:26,677] {dag.py:1818} INFO - Sync 1 DAGs
[2023-06-23 00:37:26,747] {logging_mixin.py:104} INFO - [2023-06-23 00:37:26,746] {dag.py:2273} INFO - Setting next_dagrun for etl_dag to None
[2023-06-23 00:37:26,767] {scheduler_job.py:190} INFO - Processing /opt/airflow/dags/etl_dag.py took 2.875 seconds
[2023-06-23 00:37:57,232] {scheduler_job.py:182} INFO - Started process (PID=566) to work on /opt/airflow/dags/etl_dag.py
[2023-06-23 00:37:57,238] {scheduler_job.py:629} INFO - Processing file /opt/airflow/dags/etl_dag.py for tasks to queue
[2023-06-23 00:37:57,242] {logging_mixin.py:104} INFO - [2023-06-23 00:37:57,241] {dagbag.py:448} INFO - Filling up the DagBag from /opt/airflow/dags/etl_dag.py
[2023-06-23 00:37:59,137] {logging_mixin.py:104} INFO - [2023-06-23 00:37:59,136] {credentials.py:1210} INFO - Found credentials in shared credentials file: /usr/local/airflow/.aws/credentials
[2023-06-23 00:37:59,982] {scheduler_job.py:639} INFO - DAG(s) dict_keys(['etl_dag']) retrieved from /opt/airflow/dags/etl_dag.py
[2023-06-23 00:38:00,038] {logging_mixin.py:104} INFO - [2023-06-23 00:38:00,038] {dag.py:1818} INFO - Sync 1 DAGs
[2023-06-23 00:38:00,086] {logging_mixin.py:104} INFO - [2023-06-23 00:38:00,085] {dag.py:2273} INFO - Setting next_dagrun for etl_dag to None
[2023-06-23 00:38:00,102] {scheduler_job.py:190} INFO - Processing /opt/airflow/dags/etl_dag.py took 2.882 seconds
[2023-06-23 00:38:30,428] {scheduler_job.py:182} INFO - Started process (PID=568) to work on /opt/airflow/dags/etl_dag.py
[2023-06-23 00:38:30,439] {scheduler_job.py:629} INFO - Processing file /opt/airflow/dags/etl_dag.py for tasks to queue
[2023-06-23 00:38:30,443] {logging_mixin.py:104} INFO - [2023-06-23 00:38:30,442] {dagbag.py:448} INFO - Filling up the DagBag from /opt/airflow/dags/etl_dag.py
[2023-06-23 00:38:32,338] {logging_mixin.py:104} INFO - [2023-06-23 00:38:32,338] {credentials.py:1210} INFO - Found credentials in shared credentials file: /usr/local/airflow/.aws/credentials
[2023-06-23 00:38:33,165] {scheduler_job.py:639} INFO - DAG(s) dict_keys(['etl_dag']) retrieved from /opt/airflow/dags/etl_dag.py
[2023-06-23 00:38:33,222] {logging_mixin.py:104} INFO - [2023-06-23 00:38:33,222] {dag.py:1818} INFO - Sync 1 DAGs
[2023-06-23 00:38:33,267] {logging_mixin.py:104} INFO - [2023-06-23 00:38:33,266] {dag.py:2273} INFO - Setting next_dagrun for etl_dag to None
[2023-06-23 00:38:33,284] {scheduler_job.py:190} INFO - Processing /opt/airflow/dags/etl_dag.py took 2.870 seconds
[2023-06-23 00:39:03,664] {scheduler_job.py:182} INFO - Started process (PID=570) to work on /opt/airflow/dags/etl_dag.py
[2023-06-23 00:39:03,670] {scheduler_job.py:629} INFO - Processing file /opt/airflow/dags/etl_dag.py for tasks to queue
[2023-06-23 00:39:03,673] {logging_mixin.py:104} INFO - [2023-06-23 00:39:03,673] {dagbag.py:448} INFO - Filling up the DagBag from /opt/airflow/dags/etl_dag.py
[2023-06-23 00:39:05,545] {logging_mixin.py:104} INFO - [2023-06-23 00:39:05,544] {credentials.py:1210} INFO - Found credentials in shared credentials file: /usr/local/airflow/.aws/credentials
[2023-06-23 00:39:06,337] {scheduler_job.py:639} INFO - DAG(s) dict_keys(['etl_dag']) retrieved from /opt/airflow/dags/etl_dag.py
[2023-06-23 00:39:06,402] {logging_mixin.py:104} INFO - [2023-06-23 00:39:06,401] {dag.py:1818} INFO - Sync 1 DAGs
[2023-06-23 00:39:06,475] {logging_mixin.py:104} INFO - [2023-06-23 00:39:06,475] {dag.py:2273} INFO - Setting next_dagrun for etl_dag to None
[2023-06-23 00:39:06,503] {scheduler_job.py:190} INFO - Processing /opt/airflow/dags/etl_dag.py took 2.854 seconds
[2023-06-23 00:39:36,990] {scheduler_job.py:182} INFO - Started process (PID=572) to work on /opt/airflow/dags/etl_dag.py
[2023-06-23 00:39:36,997] {scheduler_job.py:629} INFO - Processing file /opt/airflow/dags/etl_dag.py for tasks to queue
[2023-06-23 00:39:37,000] {logging_mixin.py:104} INFO - [2023-06-23 00:39:37,000] {dagbag.py:448} INFO - Filling up the DagBag from /opt/airflow/dags/etl_dag.py
[2023-06-23 00:39:39,474] {logging_mixin.py:104} INFO - [2023-06-23 00:39:39,473] {credentials.py:1210} INFO - Found credentials in shared credentials file: /usr/local/airflow/.aws/credentials
[2023-06-23 00:39:40,426] {scheduler_job.py:639} INFO - DAG(s) dict_keys(['etl_dag']) retrieved from /opt/airflow/dags/etl_dag.py
[2023-06-23 00:39:40,497] {logging_mixin.py:104} INFO - [2023-06-23 00:39:40,497] {dag.py:1818} INFO - Sync 1 DAGs
[2023-06-23 00:39:40,545] {logging_mixin.py:104} INFO - [2023-06-23 00:39:40,544] {dag.py:2273} INFO - Setting next_dagrun for etl_dag to None
[2023-06-23 00:39:40,564] {scheduler_job.py:190} INFO - Processing /opt/airflow/dags/etl_dag.py took 3.594 seconds
[2023-06-23 00:40:11,380] {scheduler_job.py:182} INFO - Started process (PID=574) to work on /opt/airflow/dags/etl_dag.py
[2023-06-23 00:40:11,384] {scheduler_job.py:629} INFO - Processing file /opt/airflow/dags/etl_dag.py for tasks to queue
[2023-06-23 00:40:11,396] {logging_mixin.py:104} INFO - [2023-06-23 00:40:11,395] {dagbag.py:448} INFO - Filling up the DagBag from /opt/airflow/dags/etl_dag.py
[2023-06-23 00:40:13,600] {logging_mixin.py:104} INFO - [2023-06-23 00:40:13,599] {credentials.py:1210} INFO - Found credentials in shared credentials file: /usr/local/airflow/.aws/credentials
[2023-06-23 00:40:14,646] {scheduler_job.py:639} INFO - DAG(s) dict_keys(['etl_dag']) retrieved from /opt/airflow/dags/etl_dag.py
[2023-06-23 00:40:14,748] {logging_mixin.py:104} INFO - [2023-06-23 00:40:14,748] {dag.py:1818} INFO - Sync 1 DAGs
[2023-06-23 00:40:14,803] {logging_mixin.py:104} INFO - [2023-06-23 00:40:14,803] {dag.py:2273} INFO - Setting next_dagrun for etl_dag to None
[2023-06-23 00:40:14,829] {scheduler_job.py:190} INFO - Processing /opt/airflow/dags/etl_dag.py took 3.457 seconds
[2023-06-23 00:40:45,058] {scheduler_job.py:182} INFO - Started process (PID=576) to work on /opt/airflow/dags/etl_dag.py
[2023-06-23 00:40:45,065] {scheduler_job.py:629} INFO - Processing file /opt/airflow/dags/etl_dag.py for tasks to queue
[2023-06-23 00:40:45,070] {logging_mixin.py:104} INFO - [2023-06-23 00:40:45,069] {dagbag.py:448} INFO - Filling up the DagBag from /opt/airflow/dags/etl_dag.py
[2023-06-23 00:40:47,565] {logging_mixin.py:104} INFO - [2023-06-23 00:40:47,564] {credentials.py:1210} INFO - Found credentials in shared credentials file: /usr/local/airflow/.aws/credentials
[2023-06-23 00:40:48,882] {scheduler_job.py:639} INFO - DAG(s) dict_keys(['etl_dag']) retrieved from /opt/airflow/dags/etl_dag.py
[2023-06-23 00:40:49,105] {logging_mixin.py:104} INFO - [2023-06-23 00:40:49,104] {dag.py:1818} INFO - Sync 1 DAGs
[2023-06-23 00:40:49,162] {logging_mixin.py:104} INFO - [2023-06-23 00:40:49,162] {dag.py:2273} INFO - Setting next_dagrun for etl_dag to None
[2023-06-23 00:40:49,184] {scheduler_job.py:190} INFO - Processing /opt/airflow/dags/etl_dag.py took 4.153 seconds
[2023-06-23 00:41:19,912] {scheduler_job.py:182} INFO - Started process (PID=578) to work on /opt/airflow/dags/etl_dag.py
[2023-06-23 00:41:19,925] {scheduler_job.py:629} INFO - Processing file /opt/airflow/dags/etl_dag.py for tasks to queue
[2023-06-23 00:41:19,928] {logging_mixin.py:104} INFO - [2023-06-23 00:41:19,928] {dagbag.py:448} INFO - Filling up the DagBag from /opt/airflow/dags/etl_dag.py
[2023-06-23 00:41:22,057] {logging_mixin.py:104} INFO - [2023-06-23 00:41:22,056] {credentials.py:1210} INFO - Found credentials in shared credentials file: /usr/local/airflow/.aws/credentials
[2023-06-23 00:41:23,008] {scheduler_job.py:639} INFO - DAG(s) dict_keys(['etl_dag']) retrieved from /opt/airflow/dags/etl_dag.py
[2023-06-23 00:41:23,072] {logging_mixin.py:104} INFO - [2023-06-23 00:41:23,072] {dag.py:1818} INFO - Sync 1 DAGs
[2023-06-23 00:41:23,127] {logging_mixin.py:104} INFO - [2023-06-23 00:41:23,126] {dag.py:2273} INFO - Setting next_dagrun for etl_dag to None
[2023-06-23 00:41:23,163] {scheduler_job.py:190} INFO - Processing /opt/airflow/dags/etl_dag.py took 3.271 seconds
[2023-06-23 00:41:53,630] {scheduler_job.py:182} INFO - Started process (PID=580) to work on /opt/airflow/dags/etl_dag.py
[2023-06-23 00:41:53,635] {scheduler_job.py:629} INFO - Processing file /opt/airflow/dags/etl_dag.py for tasks to queue
[2023-06-23 00:41:53,638] {logging_mixin.py:104} INFO - [2023-06-23 00:41:53,638] {dagbag.py:448} INFO - Filling up the DagBag from /opt/airflow/dags/etl_dag.py
[2023-06-23 00:41:56,492] {logging_mixin.py:104} INFO - [2023-06-23 00:41:56,491] {credentials.py:1210} INFO - Found credentials in shared credentials file: /usr/local/airflow/.aws/credentials
[2023-06-23 00:41:57,467] {scheduler_job.py:639} INFO - DAG(s) dict_keys(['etl_dag']) retrieved from /opt/airflow/dags/etl_dag.py
[2023-06-23 00:41:57,576] {logging_mixin.py:104} INFO - [2023-06-23 00:41:57,576] {dag.py:1818} INFO - Sync 1 DAGs
[2023-06-23 00:41:57,631] {logging_mixin.py:104} INFO - [2023-06-23 00:41:57,631] {dag.py:2273} INFO - Setting next_dagrun for etl_dag to None
[2023-06-23 00:41:57,678] {scheduler_job.py:190} INFO - Processing /opt/airflow/dags/etl_dag.py took 4.062 seconds
[2023-06-23 00:42:27,902] {scheduler_job.py:182} INFO - Started process (PID=582) to work on /opt/airflow/dags/etl_dag.py
[2023-06-23 00:42:27,908] {scheduler_job.py:629} INFO - Processing file /opt/airflow/dags/etl_dag.py for tasks to queue
[2023-06-23 00:42:27,913] {logging_mixin.py:104} INFO - [2023-06-23 00:42:27,912] {dagbag.py:448} INFO - Filling up the DagBag from /opt/airflow/dags/etl_dag.py
[2023-06-23 00:42:30,178] {logging_mixin.py:104} INFO - [2023-06-23 00:42:30,177] {credentials.py:1210} INFO - Found credentials in shared credentials file: /usr/local/airflow/.aws/credentials
[2023-06-23 00:42:31,165] {scheduler_job.py:639} INFO - DAG(s) dict_keys(['etl_dag']) retrieved from /opt/airflow/dags/etl_dag.py
[2023-06-23 00:42:31,250] {logging_mixin.py:104} INFO - [2023-06-23 00:42:31,249] {dag.py:1818} INFO - Sync 1 DAGs
[2023-06-23 00:42:31,300] {logging_mixin.py:104} INFO - [2023-06-23 00:42:31,299] {dag.py:2273} INFO - Setting next_dagrun for etl_dag to None
[2023-06-23 00:42:31,316] {scheduler_job.py:190} INFO - Processing /opt/airflow/dags/etl_dag.py took 3.433 seconds
[2023-06-23 00:43:01,717] {scheduler_job.py:182} INFO - Started process (PID=584) to work on /opt/airflow/dags/etl_dag.py
[2023-06-23 00:43:01,723] {scheduler_job.py:629} INFO - Processing file /opt/airflow/dags/etl_dag.py for tasks to queue
[2023-06-23 00:43:01,727] {logging_mixin.py:104} INFO - [2023-06-23 00:43:01,726] {dagbag.py:448} INFO - Filling up the DagBag from /opt/airflow/dags/etl_dag.py
[2023-06-23 00:43:03,835] {logging_mixin.py:104} INFO - [2023-06-23 00:43:03,834] {credentials.py:1210} INFO - Found credentials in shared credentials file: /usr/local/airflow/.aws/credentials
[2023-06-23 00:43:04,739] {scheduler_job.py:639} INFO - DAG(s) dict_keys(['etl_dag']) retrieved from /opt/airflow/dags/etl_dag.py
[2023-06-23 00:43:04,813] {logging_mixin.py:104} INFO - [2023-06-23 00:43:04,813] {dag.py:1818} INFO - Sync 1 DAGs
[2023-06-23 00:43:04,874] {logging_mixin.py:104} INFO - [2023-06-23 00:43:04,873] {dag.py:2273} INFO - Setting next_dagrun for etl_dag to None
[2023-06-23 00:43:04,895] {scheduler_job.py:190} INFO - Processing /opt/airflow/dags/etl_dag.py took 3.193 seconds
[2023-06-23 00:43:35,276] {scheduler_job.py:182} INFO - Started process (PID=586) to work on /opt/airflow/dags/etl_dag.py
[2023-06-23 00:43:35,283] {scheduler_job.py:629} INFO - Processing file /opt/airflow/dags/etl_dag.py for tasks to queue
[2023-06-23 00:43:35,286] {logging_mixin.py:104} INFO - [2023-06-23 00:43:35,285] {dagbag.py:448} INFO - Filling up the DagBag from /opt/airflow/dags/etl_dag.py
[2023-06-23 00:43:37,626] {logging_mixin.py:104} INFO - [2023-06-23 00:43:37,624] {credentials.py:1210} INFO - Found credentials in shared credentials file: /usr/local/airflow/.aws/credentials
[2023-06-23 00:43:38,553] {scheduler_job.py:639} INFO - DAG(s) dict_keys(['etl_dag']) retrieved from /opt/airflow/dags/etl_dag.py
[2023-06-23 00:43:38,643] {logging_mixin.py:104} INFO - [2023-06-23 00:43:38,642] {dag.py:1818} INFO - Sync 1 DAGs
[2023-06-23 00:43:38,691] {logging_mixin.py:104} INFO - [2023-06-23 00:43:38,691] {dag.py:2273} INFO - Setting next_dagrun for etl_dag to None
[2023-06-23 00:43:38,708] {scheduler_job.py:190} INFO - Processing /opt/airflow/dags/etl_dag.py took 3.445 seconds
[2023-06-23 00:44:08,898] {scheduler_job.py:182} INFO - Started process (PID=588) to work on /opt/airflow/dags/etl_dag.py
[2023-06-23 00:44:08,905] {scheduler_job.py:629} INFO - Processing file /opt/airflow/dags/etl_dag.py for tasks to queue
[2023-06-23 00:44:08,912] {logging_mixin.py:104} INFO - [2023-06-23 00:44:08,911] {dagbag.py:448} INFO - Filling up the DagBag from /opt/airflow/dags/etl_dag.py
[2023-06-23 00:44:12,558] {logging_mixin.py:104} INFO - [2023-06-23 00:44:12,556] {credentials.py:1210} INFO - Found credentials in shared credentials file: /usr/local/airflow/.aws/credentials
[2023-06-23 00:44:13,513] {scheduler_job.py:639} INFO - DAG(s) dict_keys(['etl_dag']) retrieved from /opt/airflow/dags/etl_dag.py
[2023-06-23 00:44:13,596] {logging_mixin.py:104} INFO - [2023-06-23 00:44:13,596] {dag.py:1818} INFO - Sync 1 DAGs
[2023-06-23 00:44:13,652] {logging_mixin.py:104} INFO - [2023-06-23 00:44:13,652] {dag.py:2273} INFO - Setting next_dagrun for etl_dag to None
[2023-06-23 00:44:13,671] {scheduler_job.py:190} INFO - Processing /opt/airflow/dags/etl_dag.py took 4.789 seconds
[2023-06-23 00:44:44,053] {scheduler_job.py:182} INFO - Started process (PID=590) to work on /opt/airflow/dags/etl_dag.py
[2023-06-23 00:44:44,063] {scheduler_job.py:629} INFO - Processing file /opt/airflow/dags/etl_dag.py for tasks to queue
[2023-06-23 00:44:44,067] {logging_mixin.py:104} INFO - [2023-06-23 00:44:44,067] {dagbag.py:448} INFO - Filling up the DagBag from /opt/airflow/dags/etl_dag.py
[2023-06-23 00:44:45,976] {logging_mixin.py:104} INFO - [2023-06-23 00:44:45,976] {credentials.py:1210} INFO - Found credentials in shared credentials file: /usr/local/airflow/.aws/credentials
[2023-06-23 00:44:46,783] {scheduler_job.py:639} INFO - DAG(s) dict_keys(['etl_dag']) retrieved from /opt/airflow/dags/etl_dag.py
[2023-06-23 00:44:46,833] {logging_mixin.py:104} INFO - [2023-06-23 00:44:46,832] {dag.py:1818} INFO - Sync 1 DAGs
[2023-06-23 00:44:46,875] {logging_mixin.py:104} INFO - [2023-06-23 00:44:46,875] {dag.py:2273} INFO - Setting next_dagrun for etl_dag to None
[2023-06-23 00:44:46,891] {scheduler_job.py:190} INFO - Processing /opt/airflow/dags/etl_dag.py took 2.853 seconds
