[2023-06-18 15:22:59,290] {taskinstance.py:851} INFO - Dependencies all met for <TaskInstance: hello_world.extract_load_task 2023-06-18T15:22:56.377478+00:00 [queued]>
[2023-06-18 15:22:59,328] {taskinstance.py:851} INFO - Dependencies all met for <TaskInstance: hello_world.extract_load_task 2023-06-18T15:22:56.377478+00:00 [queued]>
[2023-06-18 15:22:59,329] {taskinstance.py:1042} INFO - 
--------------------------------------------------------------------------------
[2023-06-18 15:22:59,330] {taskinstance.py:1043} INFO - Starting attempt 1 of 1
[2023-06-18 15:22:59,330] {taskinstance.py:1044} INFO - 
--------------------------------------------------------------------------------
[2023-06-18 15:22:59,352] {taskinstance.py:1063} INFO - Executing <Task(_PythonDecoratedOperator): extract_load_task> on 2023-06-18T15:22:56.377478+00:00
[2023-06-18 15:22:59,358] {standard_task_runner.py:52} INFO - Started process 80 to run task
[2023-06-18 15:22:59,366] {standard_task_runner.py:76} INFO - Running: ['airflow', 'tasks', 'run', 'hello_world', 'extract_load_task', '2023-06-18T15:22:56.377478+00:00', '--job-id', '148', '--pool', 'default_pool', '--raw', '--subdir', 'DAGS_FOLDER/hello_dag.py', '--cfg-path', '/tmp/tmp2tybf7h5', '--error-file', '/tmp/tmpswip6ew9']
[2023-06-18 15:22:59,368] {standard_task_runner.py:77} INFO - Job 148: Subtask extract_load_task
[2023-06-18 15:22:59,467] {logging_mixin.py:104} INFO - Running <TaskInstance: hello_world.extract_load_task 2023-06-18T15:22:56.377478+00:00 [running]> on host 7a62ecf52086
[2023-06-18 15:22:59,546] {taskinstance.py:1257} INFO - Exporting the following env vars:
AIRFLOW_CTX_DAG_OWNER=airflow
AIRFLOW_CTX_DAG_ID=hello_world
AIRFLOW_CTX_TASK_ID=extract_load_task
AIRFLOW_CTX_EXECUTION_DATE=2023-06-18T15:22:56.377478+00:00
AIRFLOW_CTX_DAG_RUN_ID=manual__2023-06-18T15:22:56.377478+00:00
[2023-06-18 15:22:59,927] {logging_mixin.py:104} INFO - c3b45ad3-5740-45cd-9f11-cdfc54632321
[2023-06-18 15:22:59,983] {taskinstance.py:1166} INFO - Marking task as SUCCESS. dag_id=hello_world, task_id=extract_load_task, execution_date=20230618T152256, start_date=20230618T152259, end_date=20230618T152259
[2023-06-18 15:23:00,097] {taskinstance.py:1220} INFO - 0 downstream tasks scheduled from follow-on schedule check
[2023-06-18 15:23:00,151] {local_task_job.py:146} INFO - Task exited with return code 0
