[2023-06-18 15:40:43,250] {taskinstance.py:851} INFO - Dependencies all met for <TaskInstance: etl_dag.extract_load_task 2023-06-18T15:40:06.725828+00:00 [queued]>
[2023-06-18 15:40:43,310] {taskinstance.py:851} INFO - Dependencies all met for <TaskInstance: etl_dag.extract_load_task 2023-06-18T15:40:06.725828+00:00 [queued]>
[2023-06-18 15:40:43,312] {taskinstance.py:1042} INFO - 
--------------------------------------------------------------------------------
[2023-06-18 15:40:43,313] {taskinstance.py:1043} INFO - Starting attempt 1 of 1
[2023-06-18 15:40:43,313] {taskinstance.py:1044} INFO - 
--------------------------------------------------------------------------------
[2023-06-18 15:40:43,348] {taskinstance.py:1063} INFO - Executing <Task(_PythonDecoratedOperator): extract_load_task> on 2023-06-18T15:40:06.725828+00:00
[2023-06-18 15:40:43,361] {standard_task_runner.py:52} INFO - Started process 81 to run task
[2023-06-18 15:40:43,387] {standard_task_runner.py:76} INFO - Running: ['airflow', 'tasks', 'run', 'etl_dag', 'extract_load_task', '2023-06-18T15:40:06.725828+00:00', '--job-id', '154', '--pool', 'default_pool', '--raw', '--subdir', 'DAGS_FOLDER/etl_dag.py', '--cfg-path', '/tmp/tmpzng2boh2', '--error-file', '/tmp/tmp0q6hus2y']
[2023-06-18 15:40:43,389] {standard_task_runner.py:77} INFO - Job 154: Subtask extract_load_task
[2023-06-18 15:40:43,481] {logging_mixin.py:104} INFO - Running <TaskInstance: etl_dag.extract_load_task 2023-06-18T15:40:06.725828+00:00 [running]> on host 7a62ecf52086
[2023-06-18 15:40:43,566] {taskinstance.py:1257} INFO - Exporting the following env vars:
AIRFLOW_CTX_DAG_OWNER=airflow
AIRFLOW_CTX_DAG_ID=etl_dag
AIRFLOW_CTX_TASK_ID=extract_load_task
AIRFLOW_CTX_EXECUTION_DATE=2023-06-18T15:40:06.725828+00:00
AIRFLOW_CTX_DAG_RUN_ID=manual__2023-06-18T15:40:06.725828+00:00
[2023-06-18 15:40:43,972] {etl_dag.py:22} INFO - extracting data from: NYC, CHI, time delta: 10
[2023-06-18 15:40:43,977] {etl_dag.py:23} INFO - extract load lambda id: 8aada113-0525-4f3a-8ae2-bf29b3a8e14f
[2023-06-18 15:40:44,038] {taskinstance.py:1166} INFO - Marking task as SUCCESS. dag_id=etl_dag, task_id=extract_load_task, execution_date=20230618T154006, start_date=20230618T154043, end_date=20230618T154044
[2023-06-18 15:40:44,120] {taskinstance.py:1220} INFO - 1 downstream tasks scheduled from follow-on schedule check
[2023-06-18 15:40:44,176] {local_task_job.py:146} INFO - Task exited with return code 0
