[2023-06-18 15:40:46,838] {taskinstance.py:851} INFO - Dependencies all met for <TaskInstance: etl_dag.transform_load_task 2023-06-18T15:40:06.725828+00:00 [queued]>
[2023-06-18 15:40:46,869] {taskinstance.py:851} INFO - Dependencies all met for <TaskInstance: etl_dag.transform_load_task 2023-06-18T15:40:06.725828+00:00 [queued]>
[2023-06-18 15:40:46,870] {taskinstance.py:1042} INFO - 
--------------------------------------------------------------------------------
[2023-06-18 15:40:46,871] {taskinstance.py:1043} INFO - Starting attempt 1 of 1
[2023-06-18 15:40:46,872] {taskinstance.py:1044} INFO - 
--------------------------------------------------------------------------------
[2023-06-18 15:40:46,904] {taskinstance.py:1063} INFO - Executing <Task(_PythonDecoratedOperator): transform_load_task> on 2023-06-18T15:40:06.725828+00:00
[2023-06-18 15:40:46,914] {standard_task_runner.py:52} INFO - Started process 85 to run task
[2023-06-18 15:40:46,930] {standard_task_runner.py:76} INFO - Running: ['airflow', 'tasks', 'run', 'etl_dag', 'transform_load_task', '2023-06-18T15:40:06.725828+00:00', '--job-id', '155', '--pool', 'default_pool', '--raw', '--subdir', 'DAGS_FOLDER/etl_dag.py', '--cfg-path', '/tmp/tmp289v3t7b', '--error-file', '/tmp/tmpitv55zcx']
[2023-06-18 15:40:46,932] {standard_task_runner.py:77} INFO - Job 155: Subtask transform_load_task
[2023-06-18 15:40:47,035] {logging_mixin.py:104} INFO - Running <TaskInstance: etl_dag.transform_load_task 2023-06-18T15:40:06.725828+00:00 [running]> on host 7a62ecf52086
[2023-06-18 15:40:47,124] {taskinstance.py:1257} INFO - Exporting the following env vars:
AIRFLOW_CTX_DAG_OWNER=airflow
AIRFLOW_CTX_DAG_ID=etl_dag
AIRFLOW_CTX_TASK_ID=transform_load_task
AIRFLOW_CTX_EXECUTION_DATE=2023-06-18T15:40:06.725828+00:00
AIRFLOW_CTX_DAG_RUN_ID=manual__2023-06-18T15:40:06.725828+00:00
[2023-06-18 15:40:47,418] {etl_dag.py:31} INFO - reading data from file: raw/<airflow.models.dagparam.DagParam object at 0x4030b54a58>-<airflow.models.dagparam.DagParam object at 0x4030b54a90>-2023-07-02.json
[2023-06-18 15:40:47,419] {etl_dag.py:32} INFO - transform load: c1d959f5-74d1-47b4-8055-f54a621c4e85
[2023-06-18 15:40:47,485] {taskinstance.py:1166} INFO - Marking task as SUCCESS. dag_id=etl_dag, task_id=transform_load_task, execution_date=20230618T154006, start_date=20230618T154046, end_date=20230618T154047
[2023-06-18 15:40:47,629] {taskinstance.py:1220} INFO - 0 downstream tasks scheduled from follow-on schedule check
[2023-06-18 15:40:47,681] {local_task_job.py:146} INFO - Task exited with return code 0
